{"numFailedTestSuites":1,"numFailedTests":5,"numPassedTestSuites":1,"numPassedTests":35,"numPendingTestSuites":0,"numPendingTests":0,"numRuntimeErrorTestSuites":0,"numTodoTests":0,"numTotalTestSuites":2,"numTotalTests":40,"openHandles":[],"snapshot":{"added":0,"didUpdate":false,"failure":false,"filesAdded":0,"filesRemoved":0,"filesRemovedList":[],"filesUnmatched":0,"filesUpdated":0,"matched":0,"total":0,"unchecked":0,"uncheckedKeysByFile":[],"unmatched":0,"updated":0},"startTime":1783840881654,"success":false,"testResults":[{"assertionResults":[{"ancestorTitles":["App"],"duration":49,"failing":false,"failureDetails":[],"failureMessages":[],"fullName":"App renders loading spinner initially then shows data after invoke resolves","invocations":1,"location":null,"numPassingAsserts":2,"retryReasons":[],"startAt":1783840883644,"status":"passed","title":"renders loading spinner initially then shows data after invoke resolves"},{"ancestorTitles":["App"],"duration":17,"failing":false,"failureDetails":[],"failureMessages":[],"fullName":"App shows mock data in preview mode without calling invoke","invocations":1,"location":null,"numPassingAsserts":2,"retryReasons":[],"startAt":1783840883693,"status":"passed","title":"shows mock data in preview mode without calling invoke"},{"ancestorTitles":["App"],"duration":13,"failing":false,"failureDetails":[],"failureMessages":[],"fullName":"App renders the table UI when macro context is unavailable","invocations":1,"location":null,"numPassingAsserts":2,"retryReasons":[],"startAt":1783840883710,"status":"passed","title":"renders the table UI when macro context is unavailable"},{"ancestorTitles":["App"],"duration":1010,"failing":false,"failureDetails":[{"matcherResult":{"message":"\u001b[2mexpect(\u001b[22m\u001b[31mreceived\u001b[39m\u001b[2m).\u001b[22mtoContainEqual\u001b[2m(\u001b[22m\u001b[32mexpected\u001b[39m\u001b[2m) // deep equality\u001b[22m\n\nExpected value: \u001b[32mObjectContaining {\"functionKey\": \"getTableData\", \"payload\": {\"macroId\": \"test-macro-id\"}}\u001b[39m\nReceived array: \u001b[31m[{\"functionKey\": \"getTableData\", \"payload\": {\"macroId\": \"test-macro-id\", \"storageKey\": \"test-macro-id\"}, \"timestamp\": 1783840883724}]\u001b[39m","pass":false}}],"failureMessages":["Error: \u001b[2mexpect(\u001b[22m\u001b[31mreceived\u001b[39m\u001b[2m).\u001b[22mtoContainEqual\u001b[2m(\u001b[22m\u001b[32mexpected\u001b[39m\u001b[2m) // deep equality\u001b[22m\n\nExpected value: \u001b[32mObjectContaining {\"functionKey\": \"getTableData\", \"payload\": {\"macroId\": \"test-macro-id\"}}\u001b[39m\nReceived array: \u001b[31m[{\"functionKey\": \"getTableData\", \"payload\": {\"macroId\": \"test-macro-id\", \"storageKey\": \"test-macro-id\"}, \"timestamp\": 1783840883724}]\u001b[39m\n\nIgnored nodes: comments, script, style\n\u001b[36m<html>\u001b[39m\n  \u001b[36m<head />\u001b[39m\n  \u001b[36m<body>\u001b[39m\n    \u001b[36m<div>\u001b[39m\n      \u001b[36m<div\u001b[39m\n        \u001b[33mdata-testid\u001b[39m=\u001b[32m\"forge-box\"\u001b[39m\n        \u001b[33mdata-xcss\u001b[39m=\u001b[32m\"{\\\"padding\\\":\\\"space.200\\\"}\"\u001b[39m\n      \u001b[36m>\u001b[39m\n        \u001b[36m<div\u001b[39m\n          \u001b[33mdata-space\u001b[39m=\u001b[32m\"space.200\"\u001b[39m\n          \u001b[33mdata-testid\u001b[39m=\u001b[32m\"forge-stack\"\u001b[39m\n        \u001b[36m>\u001b[39m\n          \u001b[36m<div\u001b[39m\n            \u001b[33mdata-testid\u001b[39m=\u001b[32m\"forge-box\"\u001b[39m\n            \u001b[33mdata-xcss\u001b[39m=\u001b[32m\"{\\\"padding\\\":\\\"space.200\\\",\\\"backgroundColor\\\":\\\"color.background.neutral.subtle\\\",\\\"borderRadius\\\":\\\"radius.small\\\",\\\"borderWidth\\\":\\\"border.width\\\",\\\"borderStyle\\\":\\\"solid\\\",\\\"borderColor\\\":\\\"color.border\\\"}\"\u001b[39m\n          \u001b[36m>\u001b[39m\n            \u001b[36m<div\u001b[39m\n              \u001b[33mdata-space\u001b[39m=\u001b[32m\"space.150\"\u001b[39m\n              \u001b[33mdata-testid\u001b[39m=\u001b[32m\"forge-stack\"\u001b[39m\n            \u001b[36m>\u001b[39m\n              \u001b[36m<div\u001b[39m\n                \u001b[33mdata-as\u001b[39m=\u001b[32m\"h4\"\u001b[39m\n                \u001b[33mdata-testid\u001b[39m=\u001b[32m\"forge-heading\"\u001b[39m\n              \u001b[36m>\u001b[39m\n                \u001b[0mTable Metadata\u001b[0m\n              \u001b[36m</div>\u001b[39m\n              \u001b[36m<div\u001b[39m\n                \u001b[33mdata-space\u001b[39m=\u001b[32m\"space.200\"\u001b[39m\n                \u001b[33mdata-spread\u001b[39m=\u001b[32m\"space-between\"\u001b[39m\n                \u001b[33mdata-testid\u001b[39m=\u001b[32m\"forge-inline\"\u001b[39m\n              \u001b[36m>\u001b[39m\n                \u001b[36m<div\u001b[39m\n                  \u001b[33mdata-grow\u001b[39m=\u001b[32m\"fill\"\u001b[39m\n                  \u001b[33mdata-space\u001b[39m=\u001b[32m\"space.050\"\u001b[39m\n                  \u001b[33mdata-testid\u001b[39m=\u001b[32m\"forge-stack\"\u001b[39m\n                \u001b[36m>\u001b[39m\n                  \u001b[36m<div\u001b[39m\n                    \u001b[33mdata-testid\u001b[39m=\u001b[32m\"forge-text\"\u001b[39m\n                    \u001b[33mdata-weight\u001b[39m=\u001b[32m\"bold\"\u001b[39m\n                  \u001b[36m>\u001b[39m\n                    \u001b[0mService\u001b[0m\n                  \u001b[36m</div>\u001b[39m\n                  \u001b[36m<div\u001b[39m\n                    \u001b[33mdata-testid\u001b[39m=\u001b[32m\"forge-textfield\"\u001b[39m\n                    \u001b[33mplaceholder\u001b[39m=\u001b[32m\"e.g. user-service\"\u001b[39m\n                    \u001b[33mvalue\u001b[39m=\u001b[32m\"\"\u001b[39m\n                  \u001b[36m/>\u001b[39m\n                \u001b[36m</div>\u001b[39m\n                \u001b[36m<div\u001b[39m\n                  \u001b[33mdata-grow\u001b[39m=\u001b[32m\"fill\"\u001b[39m\n                  \u001b[33mdata-space\u001b[39m=\u001b[32m\"space.050\"\u001b[39m\n                  \u001b[33mdata-testid\u001b[39m=\u001b[32m\"forge-stack\"\u001b[39m\n                \u001b[36m>\u001b[39m\n                  \u001b[36m<div\u001b[39m\n                    \u001b[33mdata-testid\u001b[39m=\u001b[32m\"forge-text\"\u001b[39m\n                    \u001b[33mdata-weight\u001b[39m=\u001b[32m\"bold\"\u001b[39m\n                  \u001b[36m>\u001b[39m\n                    \u001b[0mTable Name\u001b[0m\n                  \u001b[36m</div>\u001b[39m\n                  \u001b[36m<div\u001b[39m\n                    \u001b[33mdata-testid\u001b[39m=\u001b[32m\"forge-textfield\"\u001b[39m\n                    \u001b[33mplaceholder\u001b[39m=\u001b[32m\"e.g. users\"\u001b[39m\n                    \u001b[33mvalue\u001b[39m=\u001b[32m\"\"\u001b[39m\n                  \u001b[36m/>\u001b[39m\n                \u001b[36m</div>\u001b[39m\n                \u001b[36m<div\u001b[39m\n                  \u001b[33mdata-grow\u001b[39m=\u001b[32m\"fill\"\u001b[39m\n                  \u001b[33mdata-space\u001b[39m=\u001b[32m\"space.050\"\u001b[39m\n                  \u001b[33mdata-testid\u001b[39m=\u001b[32m\"forge-stack\"\u001b[39m\n                \u001b[36m>\u001b[39m\n                  \u001b[36m<div\u001b[39m\n                    \u001b[33mdata-testid\u001b[39m=\u001b[32m\"forge-text\"\u001b[39m\n                    \u001b[33mdata-weight\u001b[39m=\u001b[32m\"bold\"\u001b[39m\n                  \u001b[36m>\u001b[39m\n                    \u001b[0mEnvironment\u001b[0m\n                  \u001b[36m</div>\u001b[39m\n                  \u001b[36m<div\u001b[39m\n                    \u001b[33mdata-isclearable\u001b[39m=\u001b[32m\"true\"\u001b[39m\n                    \u001b[33mdata-options\u001b[39m=\u001b[32m\"[{\\\"label\\\":\\\"Development\\\",\\\"value\\\":\\\"development\\\"},{\\\"label\\\":\\\"Integration\\\",\\\"value\\\":\\\"integration\\\"},{\\\"label\\\":\\\"Staging\\\",\\\"value\\\":\\\"staging\\\"},{\\\"label\\\":\\\"UAT\\\",\\\"value\\\":\\\"uat\\\"},{\\\"label\\\":\\\"Production\\\",\\\"value\\\":\\\"production\\\"}]\"\u001b[39m\n                    \u001b[33mdata-testid\u001b[39m=\u001b[32m\"forge-select\"\u001b[39m\n                    \u001b[33mplaceholder\u001b[39m=\u001b[32m\"Select environment\"\u001b[39m\n                  \u001b[36m/>\u001b[39m\n                \u001b[36m</div>\u001b[39m\n              \u001b[36m</div>\u001b[39m\n              \u001b[36m<div\u001b[39m\n                \u001b[33mdata-space\u001b[39m=\u001b[32m\"space.200\"\u001b[39m\n                \u001b[33mdata-spread\u001b[39m=\u001b[32m\"space-between\"\u001b[39m\n                \u001b[33mdata-testid\u001b[39m=\u001b[32m\"forge-inline\"\u001b[39m\n              \u001b[36m>\u001b[39m\n                \u001b[36m<div\u001b[39m\n                  \u001b[33mdata-grow\u001b[39m=\u001b[32m\"fill\"\u001b[39m\n                  \u001b[33mdata-space\u001b[39m=\u001b[32m\"space.050\"\u001b[39m\n                  \u001b[33mdata-testid\u001b[39m=\u001b[32m\"forge-stack\"\u001b[39m\n                \u001b[36m>\u001b[39m\n                  \u001b[36m<div\u001b[39m\n                    \u001b[33mdata-testid\u001b[39m=\u001b[32m\"forge-text\"\u001b[39m\n                    \u001b[33mdata-weight\u001b[39m=\u001b[32m\"bold\"\u001b[39m\n                  \u001b[36m>\u001b[39m\n                    \u001b[0mBusiness Reason\u001b[0m\n                  \u001b[36m</div>\u001b[39m\n                  \u001b[36m<div\u001b[39m\n                    \u001b[33mdata-testid\u001b[39m=\u001b[32m\"forge-textfield\"\u001b[39m\n                    \u001b[33mplaceholder\u001b[39m=\u001b[32m\"e.g. Stores user account data\"\u001b[39m\n                    \u001b[33mvalue\u001b[39m=\u001b[32m\"\"\u001b[39m\n                  \u001b[36m/>\u001b[39m\n                \u001b[36m</div>\u001b[39m\n                \u001b[36m<div\u001b[39m\n                  \u001b[33mdata-grow\u001b[39m=\u001b[32m\"fill\"\u001b[39m\n                  \u001b[33mdata-space\u001b[39m=\u001b[32m\"space.050\"\u001b[39m\n                  \u001b[33mdata-testid\u001b[39m=\u001b[32m\"forge-stack\"\u001b[39m\n                \u001b[36m>\u001b[39m\n                  \u001b[36m<div\u001b[39m\n                    \u001b[33mdata-testid\u001b[39m=\u001b[32m\"forge-text\"\u001b[39m\n                    \u001b[33mdata-weight\u001b[39m=\u001b[32m\"bold\"\u001b[39m\n                  \u001b[36m>\u001b[39m\n                    \u001b[0mLoad Type\u001b[0m\n                  \u001b[36m</div>\u001b[39m\n                  \u001b[36m<div\u001b[39m\n                    \u001b[33mdata-isclearable\u001b[39m=\u001b[32m\"true\"\u001b[39m\n                    \u001b[33mdata-options\u001b[39m=\u001b[32m\"[{\\\"label\\\":\\\"Insert only\\\",\\\"value\\\":\\\"Insert only\\\"},{\\\"label\\\":\\\"Updatable\\\",\\\"value\\\":\\\"Updatable\\\"}]\"\u001b[39m\n                    \u001b[33mdata-testid\u001b[39m=\u001b[32m\"forge-select\"\u001b[39m\n                    \u001b[33mplaceholder\u001b[39m=\u001b[32m\"Select load type\"\u001b[39m\n                  \u001b[36m/>\u001b[39m\n                \u001b[36m</div>\u001b[39m\n              \u001b[36m</div>\u001b[39m\n            \u001b[36m</div>\u001b[39m\n          \u001b[36m</div>\u001b[39m\n          \u001b[36m<div\u001b[39m\n            \u001b[33mdata-testid\u001b[39m=\u001b[32m\"forge-box\"\u001b[39m\n            \u001b[33mdata-xcss\u001b[39m=\u001b[32m\"{\\\"backgroundColor\\\":\\\"color.background.neutral\\\",\\\"padding\\\":\\\"space.100\\\"}\"\u001b[39m\n          \u001b[36m>\u001b[39m\n            \u001b[36m<div\u001b[39m\n              \u001b[33mdata-alignblock\u001b[39m=\u001b[32m\"center\"\u001b[39m\n              \u001b[33mdata-space\u001b[39m=\u001b[32m\"space.100\"\u001b[39m\n              \u001b[33mdata-testid\u001b[39m=\u001b[32m\"forge-inline\"\u001b[39m\n            \u001b[36m>\u001b[39m\n              \u001b[36m<div\u001b[39m\n                \u001b[33mdata-testid\u001b[39m=\u001b[32m\"forge-box\"\u001b[39m\n                \u001b[33mdata-xcss\u001b[39m=\u001b[32m\"{\\\"width\\\":\\\"14%\\\",\\\"minWidth\\\":\\\"100px\\\",\\\"padding\\\":\\\"space.050\\\"}\"\u001b[39m\n              \u001b[36m>\u001b[39m\n                \u001b[36m<div\u001b[39m\n                  \u001b[33mdata-testid\u001b[39m=\u001b[32m\"forge-text\"\u001b[39m\n                  \u001b[33mdata-weight\u001b[39m=\u001b[32m\"bold\"\u001b[39m\n                \u001b[36m>\u001b[39m\n                  \u001b[0mColumn Name\u001b[0m\n                \u001b[36m</div>\u001b[39m\n              \u001b[36m</div>\u001b[39m\n              \u001b[36m<div\u001b[39m\n                \u001b[33mdata-testid\u001b[39m=\u001b[32m\"forge-box\"\u001b[39m\n                \u001b[33mdata-xcss\u001b[39m=\u001b[32m\"{\\\"width\\\":\\\"12%\\\",\\\"minWidth\\\":\\\"100px\\\",\\\"padding\\\":\\\"space.050\\\"}\"\u001b[39m\n              \u001b[36m>\u001b[39m\n                \u001b[36m<div\u001b[39m\n                  \u001b[33mdata-testid\u001b[39m=\u001b[32m\"forge-text\"\u001b[39m\n                  \u001b[33mdata-weight\u001b[39m=\u001b[32m\"bold\"\u001b[39m\n                \u001b[36m>\u001b[39m\n                  \u001b[0mDataType\u001b[0m\n                \u001b[36m</div>\u001b[39m\n              \u001b[36m</div>\u001b[39m\n              \u001b[36m<div\u001b[39m\n                \u001b[33mdata-testid\u001b[39m=\u001b[32m\"forge-box\"\u001b[39m\n                \u001b[33mdata-xcss\u001b[39m=\u001b[32m\"{\\\"width\\\":\\\"8%\\\",\\\"minWidth\\\":\\\"60px\\\",\\\"padding\\\":\\\"space.050\\\"}\"\u001b[39m\n              \u001b[36m>\u001b[39m\n                \u001b[36m<div\u001b[39m\n                  \u001b[33mdata-testid\u001b[39m=\u001b[32m\"forge-text\"\u001b[39m\n                  \u001b[33mdata-weight\u001b[39m=\u001b[32m\"bold\"\u001b[39m\n                \u001b[36m>\u001b[39m\n                  \u001b[0mLength\u001b[0m\n                \u001b[36m</div>\u001b[39m\n              \u001b[36m</div>\u001b[39m\n              \u001b[36m<div\u001b[39m\n                \u001b[33mdata-testid\u001b[39m=\u001b[32m\"forge-box\"\u001b[39m\n                \u001b[33mdata-xcss\u001b[39m=\u001b[32m\"{\\\"width\\\":\\\"6%\\\",\\\"minWidth\\\":\\\"50px\\\",\\\"padding\\\":\\\"space.050\\\",\\\"textAlign\\\":\\\"center\\\"}\"\u001b[39m\n              \u001b[36m>\u001b[39m\n                \u001b[36m<div\u001b[39m\n                  \u001b[33mdata-aligninline\u001b[39m=\u001b[32m\"center\"\u001b[39m\n                  \u001b[33mdata-testid\u001b[39m=\u001b[32m\"forge-inline\"\u001b[39m\n                \u001b[36m>\u001b[39m\n                  \u001b[36m<div\u001b[39m\n                    \u001b[33mdata-testid\u001b[39m=\u001b[32m\"forge-text\"\u001b[39m\n                    \u001b[33mdata-weight\u001b[39m=\u001b[32m\"bold\"\u001b[39m\n                  \u001b[36m>\u001b[39m\n                    \u001b[0mNullable\u001b[0m\n                  \u001b[36m</div>\u001b[39m\n                \u001b[36m</div>\u001b[39m\n              \u001b[36m</div>\u001b[39m\n              \u001b[36m<div\u001b[39m\n                \u001b[33mdata-testid\u001b[39m=\u001b[32m\"forge-box\"\u001b[39m\n                \u001b[33mdata-xcss\u001b[39m=\u001b[32m\"{\\\"width\\\":\\\"13%\\\",\\\"minWidth\\\":\\\"100px\\\",\\\"padding\\\":\\\"space.050\\\"}\"\u001b[39m\n              \u001b[36m>\u001b[39m\n                \u001b[36m<div\u001b[39m\n                  \u001b[33mdata-testid\u001b[39m=\u001b[32m\"forge-text\"\u001b[39m\n                  \u001b[33mdata-weight\u001b[39m=\u001b[32m\"bold\"\u001b[39m\n                \u001b[36m>\u001b[39m\n                  \u001b[0mSort/Partition Key\u001b[0m\n                \u001b[36m</div>\u001b[39m\n              \u001b[36m</div>\u001b[39m\n              \u001b[36m<div\u001b[39m\n                \u001b[33mdata-testid\u001b[39m=\u001b[32m\"forge-box\"\u001b[39m\n                \u001b[33mdata-xcss\u001b[39m=\u001b[32m\"{\\\"width\\\":\\\"10%\\\",\\\"minWidth\\\":\\\"60px\\\",\\\"padding\\\":\\\"space.050\\\",\\\"textAlign\\\":\\\"center\\\"}\"\u001b[39m\n              \u001b[36m>\u001b[39m\n                \u001b[36m<div\u001b[39m\n                  \u001b[33mdata-aligninline\u001b[39m=\u001b[32m\"center\"\u001b[39m\n                  \u001b[33mdata-testid\u001b[39m=\u001b[32m\"forge-inline\"\u001b[39m\n                \u001b[36m>\u001b[39m\n                  \u001b[36m<div\u001b[39m\n                    \u001b[33mdata-testid\u001b[39m=\u001b[32m\"forge-text\"\u001b[39m\n                    \u001b[33mdata-weight\u001b[39m=\u001b[32m\"bold\"\u001b[39m\n                  \u001b[36m>\u001b[39m\n                    \u001b[0mCopy To Redshift\u001b[0m\n                  \u001b[36m</div>\u001b[39m\n                \u001b[36m</div>\u001b[39m\n              \u001b[36m</div>\u001b[39m\n              \u001b[36m<div\u001b[39m\n                \u001b[33mdata-testid\u001b[39m=\u001b[32m\"forge-box\"\u001b[39m\n                \u001b[33mdata-xcss\u001b[39m=\u001b[32m\"{\\\"width\\\":\\\"16%\\\",\\\"minWidth\\\":\\\"100px\\\",\\\"padding\\\":\\\"space.050\\\"}\"\u001b[39m\n              \u001b[36m>\u001b[39m\n                \u001b[36m<div\u001b[39m\n                  \u001b[33mdata-testid\u001b[39m=\u001b[32m\"forge-text\"\u001b[39m\n                  \u001b[33mdata-weight\u001b[39m=\u001b[32m\"bold\"\u001b[39m\n                \u001b[36m>\u001b[39m\n                  \u001b[0mSample Value\u001b[0m\n                \u001b[36m</div>\u001b[39m\n              \u001b[36m</div>\u001b[39m\n              \u001b[36m<div\u001b[39m\n                \u001b[33mdata-testid\u001b[39m=\u001b[32m\"forge-box\"\u001b[39m\n                \u001b[33mdata-xcss\u001b[39m=\u001b[32m\"{\\\"width\\\":\\\"5%\\\",\\\"minWidth\\\":\\\"40px\\\",\\\"padding\\\":\\\"space.050\\\",\\\"textAlign\\\":\\\"center\\\"}\"\u001b[39m\n              \u001b[36m>\u001b[39m\n                \u001b[36m<div\u001b[39m\n                  \u001b[33mdata-aligninline\u001b[39m=\u001b[32m\"center\"\u001b[39m\n                  \u001b[33mdata-testid\u001b[39m=\u001b[32m\"forge-inline\"\u001b[39m\n                \u001b[36m>\u001b[39m\n                  \u001b[36m<div\u001b[39m\n                    \u001b[33mdata-testid\u001b[39m=\u001b[32m\"forge-text\"\u001b[39m\n                    \u001b[33mdata-weight\u001b[39m=\u001b[32m\"bold\"\u001b[39m\n                  \u001b[36m>\u001b[39m\n                    \u001b[0mPII\u001b[0m\n                  \u001b[36m</div>\u001b[39m\n                \u001b[36m</div>\u001b[39m\n              \u001b[36m</div>\u001b[39m\n              \u001b[36m<div\u001b[39m\n                \u001b[33mdata-testid\u001b[39m=\u001b[32m\"forge-box\"\u001b[39m\n                \u001b[33mdata-xcss\u001b[39m=\u001b[32m\"{\\\"width\\\":\\\"5%\\\",\\\"minWidth\\\":\\\"40px\\\",\\\"padding\\\":\\\"space.050\\\"}\"\u001b[39m\n              \u001b[36m>\u001b[39m\n                \u001b[36m<div\u001b[39m\n                  \u001b[33mdata-testid\u001b[39m=\u001b[32m\"forge-text\"\u001b[39m\n                  \u001b[33mdata-weight\u001b[39m=\u001b[32m\"bold\"\u001b[39m\n                \u001b[36m>\u001b[39m\n                  \u001b[0mActions\u001b[0m\n                \u001b[36m</div>\u001b[39m\n              \u001b[36m</div>\u001b[39m\n            \u001b[36m</div>\u001b[39m\n          \u001b[36m</div>\u001b[39m\n          \u001b[36m<div\u001b[39m\n            \u001b[33mdata-testid\u001b[39m=\u001b[32m\"forge-box\"\u001b[39m\n            \u001b[33mdata-xcss\u001b[39m=\u001b[32m\"{\\\"padding\\\":\\\"space.050\\\"}\"\u001b[39m\n          \u001b[36m>\u001b[39m\n            \u001b[36m<div\u001b[39m\n              \u001b[33mdata-color\u001b[39m=\u001b[32m\"color.text.subtle\"\u001b[39m\n              \u001b[33mdata-testid\u001b[39m=\u001b[32m\"forge-text\"\u001b[39m\n            \u001b[36m>\u001b[39m\n              \u001b[0mNo rows yet. Click “Add Row” to get started.\u001b[0m\n            \u001b[36m</div>\u001b[39m\n          \u001b[36m</div>\u001b[39m\n          \u001b[36m<div\u001b[39m\n            \u001b[33mdata-testid\u001b[39m=\u001b[32m\"forge-box\"\u001b[39m\n            \u001b[33mdata-xcss\u001b[39m=\u001b[32m\"{\\\"paddingTop\\\":\\\"space.200\\\"}\"\u001b[39m\n          \u001b[36m>\u001b[39m\n            \u001b[36m<div\u001b[39m\n              \u001b[33mdata-space\u001b[39m=\u001b[32m\"space.100\"\u001b[39m\n              \u001b[33mdata-testid\u001b[39m=\u001b[32m\"forge-inline\"\u001b[39m\n            \u001b[36m>\u001b[39m\n              \u001b[36m<div\u001b[39m\n                \u001b[33mdata-appearance\u001b[39m=\u001b[32m\"default\"\u001b[39m\n                \u001b[33mdata-testid\u001b[39m=\u001b[32m\"forge-button\"\u001b[39m\n              \u001b[36m>\u001b[39m\n                \u001b[0mAdd Row\u001b[0m\n              \u001b[36m</div>\u001b[39m\n              \u001b[36m<div\u001b[39m\n                \u001b[33mdata-appearance\u001b[39m=\u001b[32m\"primary\"\u001b[39m\n                \u001b[33mdata-isdisabled\u001b[39m=\u001b[32m\"false\"\u001b[39m\n                \u001b[33mdata-testid\u001b[39m=\u001b[32m\"forge-button\"\u001b[39m\n              \u001b[36m>\u001b[39m\n                \u001b[0mSave\u001b[0m\n              \u001b[36m</div>\u001b[39m\n            \u001b[36m</div>\u001b[39m\n          \u001b[36m</div>\u001b[39m\n        \u001b[36m</div>\u001b[39m\n      \u001b[36m</div>\u001b[39m\n    \u001b[36m</div>\u001b[39m\n  \u001b[36m</body>\u001b[39m\n\u001b[36m</html>\u001b[39m\n    at C:\\Users\\Sudeep\\Downloads\\data-dictionary\\src\\frontend\\__tests__\\index.test.tsx:89:34\n    at runWithExpensiveErrorDiagnosticsDisabled (C:\\Users\\Sudeep\\Downloads\\data-dictionary\\node_modules\\@testing-library\\dom\\dist\\config.js:47:12)\n    at checkCallback (C:\\Users\\Sudeep\\Downloads\\data-dictionary\\node_modules\\@testing-library\\dom\\dist\\wait-for.js:124:77)\n    at checkRealTimersCallback (C:\\Users\\Sudeep\\Downloads\\data-dictionary\\node_modules\\@testing-library\\dom\\dist\\wait-for.js:118:16)\n    at Timeout.task [as _onTimeout] (C:\\Users\\Sudeep\\Downloads\\data-dictionary\\node_modules\\jsdom\\lib\\jsdom\\browser\\Window.js:579:19)\n    at listOnTimeout (node:internal/timers:594:17)\n    at processTimers (node:internal/timers:529:7)"],"fullName":"App calls getTableData on mount with correct macroId","invocations":1,"location":null,"numPassingAsserts":0,"retryReasons":[],"startAt":1783840883723,"status":"failed","title":"calls getTableData on mount with correct macroId"},{"ancestorTitles":["App"],"duration":120,"failing":false,"failureDetails":[],"failureMessages":[],"fullName":"App Add Row button adds a new empty row","invocations":1,"location":null,"numPassingAsserts":2,"retryReasons":[],"startAt":1783840884747,"status":"passed","title":"Add Row button adds a new empty row"},{"ancestorTitles":["App"],"duration":78,"failing":false,"failureDetails":[],"failureMessages":[],"fullName":"App Save button triggers validation and shows errors for empty columnName","invocations":1,"location":null,"numPassingAsserts":5,"retryReasons":[],"startAt":1783840884867,"status":"passed","title":"Save button triggers validation and shows errors for empty columnName"},{"ancestorTitles":["App"],"duration":1104,"failing":false,"failureDetails":[{"matcherResult":{"message":"\u001b[2mexpect(\u001b[22m\u001b[31mreceived\u001b[39m\u001b[2m).\u001b[22mtoContainEqual\u001b[2m(\u001b[22m\u001b[32mexpected\u001b[39m\u001b[2m) // deep equality\u001b[22m\n\nExpected value: \u001b[32mObjectContaining {\"functionKey\": \"saveTableData\", \"payload\": {\"macroId\": \"test-macro-id\", \"metadata\": {\"businessReason\": \"\", \"environment\": null, \"loadType\": null, \"service\": \"\", \"tableName\": \"\"}, \"rows\": [{\"columnName\": \"user_id\", \"copyToRedshift\": false, \"dataType\": \"String\", \"id\": \"row-1\", \"length\": \"255\", \"nullable\": false, \"pii\": false, \"sampleValue\": \"test value\", \"sortPartitionKey\": null}]}}\u001b[39m\nReceived array: \u001b[31m[{\"functionKey\": \"getTableData\", \"payload\": {\"macroId\": \"test-macro-id\", \"storageKey\": \"test-macro-id\"}, \"timestamp\": 1783840884946}, {\"functionKey\": \"saveTableData\", \"payload\": {\"macroId\": \"test-macro-id\", \"metadata\": {\"businessReason\": \"\", \"environment\": null, \"loadType\": null, \"service\": \"\", \"tableName\": \"\"}, \"rows\": [{\"columnName\": \"user_id\", \"copyToRedshift\": false, \"dataType\": \"String\", \"id\": \"row-1\", \"length\": \"255\", \"nullable\": false, \"pii\": false, \"sampleValue\": \"test value\", \"sortPartitionKey\": null}], \"storageKey\": \"test-macro-id\"}, \"timestamp\": 1783840885012}]\u001b[39m","pass":false}}],"failureMessages":["Error: \u001b[2mexpect(\u001b[22m\u001b[31mreceived\u001b[39m\u001b[2m).\u001b[22mtoContainEqual\u001b[2m(\u001b[22m\u001b[32mexpected\u001b[39m\u001b[2m) // deep equality\u001b[22m\n\nExpected value: \u001b[32mObjectContaining {\"functionKey\": \"saveTableData\", \"payload\": {\"macroId\": \"test-macro-id\", \"metadata\": {\"businessReason\": \"\", \"environment\": null, \"loadType\": null, \"service\": \"\", \"tableName\": \"\"}, \"rows\": [{\"columnName\": \"user_id\", \"copyToRedshift\": false, \"dataType\": \"String\", \"id\": \"row-1\", \"length\": \"255\", \"nullable\": false, \"pii\": false, \"sampleValue\": \"test value\", \"sortPartitionKey\": null}]}}\u001b[39m\nReceived array: \u001b[31m[{\"functionKey\": \"getTableData\", \"payload\": {\"macroId\": \"test-macro-id\", \"storageKey\": \"test-macro-id\"}, \"timestamp\": 1783840884946}, {\"functionKey\": \"saveTableData\", \"payload\": {\"macroId\": \"test-macro-id\", \"metadata\": {\"businessReason\": \"\", \"environment\": null, \"loadType\": null, \"service\": \"\", \"tableName\": \"\"}, \"rows\": [{\"columnName\": \"user_id\", \"copyToRedshift\": false, \"dataType\": \"String\", \"id\": \"row-1\", \"length\": \"255\", \"nullable\": false, \"pii\": false, \"sampleValue\": \"test value\", \"sortPartitionKey\": null}], \"storageKey\": \"test-macro-id\"}, \"timestamp\": 1783840885012}]\u001b[39m\n\nIgnored nodes: comments, script, style\n\u001b[36m<html>\u001b[39m\n  \u001b[36m<head />\u001b[39m\n  \u001b[36m<body>\u001b[39m\n    \u001b[36m<div>\u001b[39m\n      \u001b[36m<div\u001b[39m\n        \u001b[33mdata-testid\u001b[39m=\u001b[32m\"forge-box\"\u001b[39m\n        \u001b[33mdata-xcss\u001b[39m=\u001b[32m\"{\\\"padding\\\":\\\"space.200\\\"}\"\u001b[39m\n      \u001b[36m>\u001b[39m\n        \u001b[36m<div\u001b[39m\n          \u001b[33mdata-space\u001b[39m=\u001b[32m\"space.200\"\u001b[39m\n          \u001b[33mdata-testid\u001b[39m=\u001b[32m\"forge-stack\"\u001b[39m\n        \u001b[36m>\u001b[39m\n          \u001b[36m<div\u001b[39m\n            \u001b[33mdata-testid\u001b[39m=\u001b[32m\"forge-box\"\u001b[39m\n            \u001b[33mdata-xcss\u001b[39m=\u001b[32m\"{\\\"padding\\\":\\\"space.200\\\",\\\"backgroundColor\\\":\\\"color.background.neutral.subtle\\\",\\\"borderRadius\\\":\\\"radius.small\\\",\\\"borderWidth\\\":\\\"border.width\\\",\\\"borderStyle\\\":\\\"solid\\\",\\\"borderColor\\\":\\\"color.border\\\"}\"\u001b[39m\n          \u001b[36m>\u001b[39m\n            \u001b[36m<div\u001b[39m\n              \u001b[33mdata-space\u001b[39m=\u001b[32m\"space.150\"\u001b[39m\n              \u001b[33mdata-testid\u001b[39m=\u001b[32m\"forge-stack\"\u001b[39m\n            \u001b[36m>\u001b[39m\n              \u001b[36m<div\u001b[39m\n                \u001b[33mdata-as\u001b[39m=\u001b[32m\"h4\"\u001b[39m\n                \u001b[33mdata-testid\u001b[39m=\u001b[32m\"forge-heading\"\u001b[39m\n              \u001b[36m>\u001b[39m\n                \u001b[0mTable Metadata\u001b[0m\n              \u001b[36m</div>\u001b[39m\n              \u001b[36m<div\u001b[39m\n                \u001b[33mdata-space\u001b[39m=\u001b[32m\"space.200\"\u001b[39m\n                \u001b[33mdata-spread\u001b[39m=\u001b[32m\"space-between\"\u001b[39m\n                \u001b[33mdata-testid\u001b[39m=\u001b[32m\"forge-inline\"\u001b[39m\n              \u001b[36m>\u001b[39m\n                \u001b[36m<div\u001b[39m\n                  \u001b[33mdata-grow\u001b[39m=\u001b[32m\"fill\"\u001b[39m\n                  \u001b[33mdata-space\u001b[39m=\u001b[32m\"space.050\"\u001b[39m\n                  \u001b[33mdata-testid\u001b[39m=\u001b[32m\"forge-stack\"\u001b[39m\n                \u001b[36m>\u001b[39m\n                  \u001b[36m<div\u001b[39m\n                    \u001b[33mdata-testid\u001b[39m=\u001b[32m\"forge-text\"\u001b[39m\n                    \u001b[33mdata-weight\u001b[39m=\u001b[32m\"bold\"\u001b[39m\n                  \u001b[36m>\u001b[39m\n                    \u001b[0mService\u001b[0m\n                  \u001b[36m</div>\u001b[39m\n                  \u001b[36m<div\u001b[39m\n                    \u001b[33mdata-testid\u001b[39m=\u001b[32m\"forge-textfield\"\u001b[39m\n                    \u001b[33mplaceholder\u001b[39m=\u001b[32m\"e.g. user-service\"\u001b[39m\n                    \u001b[33mvalue\u001b[39m=\u001b[32m\"\"\u001b[39m\n                  \u001b[36m/>\u001b[39m\n                \u001b[36m</div>\u001b[39m\n                \u001b[36m<div\u001b[39m\n                  \u001b[33mdata-grow\u001b[39m=\u001b[32m\"fill\"\u001b[39m\n                  \u001b[33mdata-space\u001b[39m=\u001b[32m\"space.050\"\u001b[39m\n                  \u001b[33mdata-testid\u001b[39m=\u001b[32m\"forge-stack\"\u001b[39m\n                \u001b[36m>\u001b[39m\n                  \u001b[36m<div\u001b[39m\n                    \u001b[33mdata-testid\u001b[39m=\u001b[32m\"forge-text\"\u001b[39m\n                    \u001b[33mdata-weight\u001b[39m=\u001b[32m\"bold\"\u001b[39m\n                  \u001b[36m>\u001b[39m\n                    \u001b[0mTable Name\u001b[0m\n                  \u001b[36m</div>\u001b[39m\n                  \u001b[36m<div\u001b[39m\n                    \u001b[33mdata-testid\u001b[39m=\u001b[32m\"forge-textfield\"\u001b[39m\n                    \u001b[33mplaceholder\u001b[39m=\u001b[32m\"e.g. users\"\u001b[39m\n                    \u001b[33mvalue\u001b[39m=\u001b[32m\"\"\u001b[39m\n                  \u001b[36m/>\u001b[39m\n                \u001b[36m</div>\u001b[39m\n                \u001b[36m<div\u001b[39m\n                  \u001b[33mdata-grow\u001b[39m=\u001b[32m\"fill\"\u001b[39m\n                  \u001b[33mdata-space\u001b[39m=\u001b[32m\"space.050\"\u001b[39m\n                  \u001b[33mdata-testid\u001b[39m=\u001b[32m\"forge-stack\"\u001b[39m\n                \u001b[36m>\u001b[39m\n                  \u001b[36m<div\u001b[39m\n                    \u001b[33mdata-testid\u001b[39m=\u001b[32m\"forge-text\"\u001b[39m\n                    \u001b[33mdata-weight\u001b[39m=\u001b[32m\"bold\"\u001b[39m\n                  \u001b[36m>\u001b[39m\n                    \u001b[0mEnvironment\u001b[0m\n                  \u001b[36m</div>\u001b[39m\n                  \u001b[36m<div\u001b[39m\n                    \u001b[33mdata-isclearable\u001b[39m=\u001b[32m\"true\"\u001b[39m\n                    \u001b[33mdata-options\u001b[39m=\u001b[32m\"[{\\\"label\\\":\\\"Development\\\",\\\"value\\\":\\\"development\\\"},{\\\"label\\\":\\\"Integration\\\",\\\"value\\\":\\\"integration\\\"},{\\\"label\\\":\\\"Staging\\\",\\\"value\\\":\\\"staging\\\"},{\\\"label\\\":\\\"UAT\\\",\\\"value\\\":\\\"uat\\\"},{\\\"label\\\":\\\"Production\\\",\\\"value\\\":\\\"production\\\"}]\"\u001b[39m\n                    \u001b[33mdata-testid\u001b[39m=\u001b[32m\"forge-select\"\u001b[39m\n                    \u001b[33mplaceholder\u001b[39m=\u001b[32m\"Select environment\"\u001b[39m\n                  \u001b[36m/>\u001b[39m\n                \u001b[36m</div>\u001b[39m\n              \u001b[36m</div>\u001b[39m\n              \u001b[36m<div\u001b[39m\n                \u001b[33mdata-space\u001b[39m=\u001b[32m\"space.200\"\u001b[39m\n                \u001b[33mdata-spread\u001b[39m=\u001b[32m\"space-between\"\u001b[39m\n                \u001b[33mdata-testid\u001b[39m=\u001b[32m\"forge-inline\"\u001b[39m\n              \u001b[36m>\u001b[39m\n                \u001b[36m<div\u001b[39m\n                  \u001b[33mdata-grow\u001b[39m=\u001b[32m\"fill\"\u001b[39m\n                  \u001b[33mdata-space\u001b[39m=\u001b[32m\"space.050\"\u001b[39m\n                  \u001b[33mdata-testid\u001b[39m=\u001b[32m\"forge-stack\"\u001b[39m\n                \u001b[36m>\u001b[39m\n                  \u001b[36m<div\u001b[39m\n                    \u001b[33mdata-testid\u001b[39m=\u001b[32m\"forge-text\"\u001b[39m\n                    \u001b[33mdata-weight\u001b[39m=\u001b[32m\"bold\"\u001b[39m\n                  \u001b[36m>\u001b[39m\n                    \u001b[0mBusiness Reason\u001b[0m\n                  \u001b[36m</div>\u001b[39m\n                  \u001b[36m<div\u001b[39m\n                    \u001b[33mdata-testid\u001b[39m=\u001b[32m\"forge-textfield\"\u001b[39m\n                    \u001b[33mplaceholder\u001b[39m=\u001b[32m\"e.g. Stores user account data\"\u001b[39m\n                    \u001b[33mvalue\u001b[39m=\u001b[32m\"\"\u001b[39m\n                  \u001b[36m/>\u001b[39m\n                \u001b[36m</div>\u001b[39m\n                \u001b[36m<div\u001b[39m\n                  \u001b[33mdata-grow\u001b[39m=\u001b[32m\"fill\"\u001b[39m\n                  \u001b[33mdata-space\u001b[39m=\u001b[32m\"space.050\"\u001b[39m\n                  \u001b[33mdata-testid\u001b[39m=\u001b[32m\"forge-stack\"\u001b[39m\n                \u001b[36m>\u001b[39m\n                  \u001b[36m<div\u001b[39m\n                    \u001b[33mdata-testid\u001b[39m=\u001b[32m\"forge-text\"\u001b[39m\n                    \u001b[33mdata-weight\u001b[39m=\u001b[32m\"bold\"\u001b[39m\n                  \u001b[36m>\u001b[39m\n                    \u001b[0mLoad Type\u001b[0m\n                  \u001b[36m</div>\u001b[39m\n                  \u001b[36m<div\u001b[39m\n                    \u001b[33mdata-isclearable\u001b[39m=\u001b[32m\"true\"\u001b[39m\n                    \u001b[33mdata-options\u001b[39m=\u001b[32m\"[{\\\"label\\\":\\\"Insert only\\\",\\\"value\\\":\\\"Insert only\\\"},{\\\"label\\\":\\\"Updatable\\\",\\\"value\\\":\\\"Updatable\\\"}]\"\u001b[39m\n                    \u001b[33mdata-testid\u001b[39m=\u001b[32m\"forge-select\"\u001b[39m\n                    \u001b[33mplaceholder\u001b[39m=\u001b[32m\"Select load type\"\u001b[39m\n                  \u001b[36m/>\u001b[39m\n                \u001b[36m</div>\u001b[39m\n              \u001b[36m</div>\u001b[39m\n            \u001b[36m</div>\u001b[39m\n          \u001b[36m</div>\u001b[39m\n          \u001b[36m<div\u001b[39m\n            \u001b[33mdata-appearance\u001b[39m=\u001b[32m\"success\"\u001b[39m\n            \u001b[33mdata-testid\u001b[39m=\u001b[32m\"forge-sectionmessage\"\u001b[39m\n          \u001b[36m>\u001b[39m\n            \u001b[36m<div\u001b[39m\n              \u001b[33mdata-testid\u001b[39m=\u001b[32m\"forge-text\"\u001b[39m\n            \u001b[36m>\u001b[39m\n              \u001b[0mTable saved successfully\u001b[0m\n            \u001b[36m</div>\u001b[39m\n          \u001b[36m</div>\u001b[39m\n          \u001b[36m<div\u001b[39m\n            \u001b[33mdata-testid\u001b[39m=\u001b[32m\"forge-box\"\u001b[39m\n            \u001b[33mdata-xcss\u001b[39m=\u001b[32m\"{\\\"backgroundColor\\\":\\\"color.background.neutral\\\",\\\"padding\\\":\\\"space.100\\\"}\"\u001b[39m\n          \u001b[36m>\u001b[39m\n            \u001b[36m<div\u001b[39m\n              \u001b[33mdata-alignblock\u001b[39m=\u001b[32m\"center\"\u001b[39m\n              \u001b[33mdata-space\u001b[39m=\u001b[32m\"space.100\"\u001b[39m\n              \u001b[33mdata-testid\u001b[39m=\u001b[32m\"forge-inline\"\u001b[39m\n   ...\n    at C:\\Users\\Sudeep\\Downloads\\data-dictionary\\src\\frontend\\__tests__\\index.test.tsx:165:34\n    at runWithExpensiveErrorDiagnosticsDisabled (C:\\Users\\Sudeep\\Downloads\\data-dictionary\\node_modules\\@testing-library\\dom\\dist\\config.js:47:12)\n    at checkCallback (C:\\Users\\Sudeep\\Downloads\\data-dictionary\\node_modules\\@testing-library\\dom\\dist\\wait-for.js:124:77)\n    at checkRealTimersCallback (C:\\Users\\Sudeep\\Downloads\\data-dictionary\\node_modules\\@testing-library\\dom\\dist\\wait-for.js:118:16)\n    at Timeout.task [as _onTimeout] (C:\\Users\\Sudeep\\Downloads\\data-dictionary\\node_modules\\jsdom\\lib\\jsdom\\browser\\Window.js:579:19)\n    at listOnTimeout (node:internal/timers:594:17)\n    at processTimers (node:internal/timers:529:7)"],"fullName":"App Save button calls saveTableData when validation passes","invocations":1,"location":null,"numPassingAsserts":1,"retryReasons":[],"startAt":1783840884945,"status":"failed","title":"Save button calls saveTableData when validation passes"},{"ancestorTitles":["App"],"duration":80,"failing":false,"failureDetails":[],"failureMessages":[],"fullName":"App displays success message after successful save","invocations":1,"location":null,"numPassingAsserts":2,"retryReasons":[],"startAt":1783840886050,"status":"passed","title":"displays success message after successful save"},{"ancestorTitles":["App"],"duration":117,"failing":false,"failureDetails":[],"failureMessages":[],"fullName":"App displays error message when save fails","invocations":1,"location":null,"numPassingAsserts":2,"retryReasons":[],"startAt":1783840886130,"status":"passed","title":"displays error message when save fails"},{"ancestorTitles":["App"],"duration":83,"failing":false,"failureDetails":[],"failureMessages":[],"fullName":"App Delete button removes a row","invocations":1,"location":null,"numPassingAsserts":3,"retryReasons":[],"startAt":1783840886247,"status":"passed","title":"Delete button removes a row"},{"ancestorTitles":["App"],"duration":100,"failing":false,"failureDetails":[],"failureMessages":[],"fullName":"App validates length as positive integer when provided","invocations":1,"location":null,"numPassingAsserts":2,"retryReasons":[],"startAt":1783840886330,"status":"passed","title":"validates length as positive integer when provided"},{"ancestorTitles":["App"],"duration":117,"failing":false,"failureDetails":[],"failureMessages":[],"fullName":"App validates length is required when dataType is String","invocations":1,"location":null,"numPassingAsserts":2,"retryReasons":[],"startAt":1783840886430,"status":"passed","title":"validates length is required when dataType is String"},{"ancestorTitles":["App"],"duration":84,"failing":false,"failureDetails":[],"failureMessages":[],"fullName":"App validates sampleValue is required","invocations":1,"location":null,"numPassingAsserts":2,"retryReasons":[],"startAt":1783840886547,"status":"passed","title":"validates sampleValue is required"},{"ancestorTitles":["App"],"duration":36,"failing":false,"failureDetails":[],"failureMessages":[],"fullName":"App renders metadata header section with labels","invocations":1,"location":null,"numPassingAsserts":7,"retryReasons":[],"startAt":1783840886631,"status":"passed","title":"renders metadata header section with labels"},{"ancestorTitles":["App"],"duration":1033,"failing":false,"failureDetails":[{"matcherResult":{"message":"\u001b[2mexpect(\u001b[22m\u001b[31mreceived\u001b[39m\u001b[2m).\u001b[22mtoContain\u001b[2m(\u001b[22m\u001b[32mexpected\u001b[39m\u001b[2m) // indexOf\u001b[22m\n\nExpected value: \u001b[32m\"staging\"\u001b[39m\nReceived array: \u001b[31m[\"order-service\", \"orders\", \"Tracks customer orders\"]\u001b[39m","pass":false}}],"failureMessages":["Error: \u001b[2mexpect(\u001b[22m\u001b[31mreceived\u001b[39m\u001b[2m).\u001b[22mtoContain\u001b[2m(\u001b[22m\u001b[32mexpected\u001b[39m\u001b[2m) // indexOf\u001b[22m\n\nExpected value: \u001b[32m\"staging\"\u001b[39m\nReceived array: \u001b[31m[\"order-service\", \"orders\", \"Tracks customer orders\"]\u001b[39m\n\nIgnored nodes: comments, script, style\n\u001b[36m<html>\u001b[39m\n  \u001b[36m<head />\u001b[39m\n  \u001b[36m<body>\u001b[39m\n    \u001b[36m<div>\u001b[39m\n      \u001b[36m<div\u001b[39m\n        \u001b[33mdata-testid\u001b[39m=\u001b[32m\"forge-box\"\u001b[39m\n        \u001b[33mdata-xcss\u001b[39m=\u001b[32m\"{\\\"padding\\\":\\\"space.200\\\"}\"\u001b[39m\n      \u001b[36m>\u001b[39m\n        \u001b[36m<div\u001b[39m\n          \u001b[33mdata-space\u001b[39m=\u001b[32m\"space.200\"\u001b[39m\n          \u001b[33mdata-testid\u001b[39m=\u001b[32m\"forge-stack\"\u001b[39m\n        \u001b[36m>\u001b[39m\n          \u001b[36m<div\u001b[39m\n            \u001b[33mdata-testid\u001b[39m=\u001b[32m\"forge-box\"\u001b[39m\n            \u001b[33mdata-xcss\u001b[39m=\u001b[32m\"{\\\"padding\\\":\\\"space.200\\\",\\\"backgroundColor\\\":\\\"color.background.neutral.subtle\\\",\\\"borderRadius\\\":\\\"radius.small\\\",\\\"borderWidth\\\":\\\"border.width\\\",\\\"borderStyle\\\":\\\"solid\\\",\\\"borderColor\\\":\\\"color.border\\\"}\"\u001b[39m\n          \u001b[36m>\u001b[39m\n            \u001b[36m<div\u001b[39m\n              \u001b[33mdata-space\u001b[39m=\u001b[32m\"space.150\"\u001b[39m\n              \u001b[33mdata-testid\u001b[39m=\u001b[32m\"forge-stack\"\u001b[39m\n            \u001b[36m>\u001b[39m\n              \u001b[36m<div\u001b[39m\n                \u001b[33mdata-as\u001b[39m=\u001b[32m\"h4\"\u001b[39m\n                \u001b[33mdata-testid\u001b[39m=\u001b[32m\"forge-heading\"\u001b[39m\n              \u001b[36m>\u001b[39m\n                \u001b[0mTable Metadata\u001b[0m\n              \u001b[36m</div>\u001b[39m\n              \u001b[36m<div\u001b[39m\n                \u001b[33mdata-space\u001b[39m=\u001b[32m\"space.200\"\u001b[39m\n                \u001b[33mdata-spread\u001b[39m=\u001b[32m\"space-between\"\u001b[39m\n                \u001b[33mdata-testid\u001b[39m=\u001b[32m\"forge-inline\"\u001b[39m\n              \u001b[36m>\u001b[39m\n                \u001b[36m<div\u001b[39m\n                  \u001b[33mdata-grow\u001b[39m=\u001b[32m\"fill\"\u001b[39m\n                  \u001b[33mdata-space\u001b[39m=\u001b[32m\"space.050\"\u001b[39m\n                  \u001b[33mdata-testid\u001b[39m=\u001b[32m\"forge-stack\"\u001b[39m\n                \u001b[36m>\u001b[39m\n                  \u001b[36m<div\u001b[39m\n                    \u001b[33mdata-testid\u001b[39m=\u001b[32m\"forge-text\"\u001b[39m\n                    \u001b[33mdata-weight\u001b[39m=\u001b[32m\"bold\"\u001b[39m\n                  \u001b[36m>\u001b[39m\n                    \u001b[0mService\u001b[0m\n                  \u001b[36m</div>\u001b[39m\n                  \u001b[36m<div\u001b[39m\n                    \u001b[33mdata-testid\u001b[39m=\u001b[32m\"forge-textfield\"\u001b[39m\n                    \u001b[33mplaceholder\u001b[39m=\u001b[32m\"e.g. user-service\"\u001b[39m\n                    \u001b[33mvalue\u001b[39m=\u001b[32m\"order-service\"\u001b[39m\n                  \u001b[36m/>\u001b[39m\n                \u001b[36m</div>\u001b[39m\n                \u001b[36m<div\u001b[39m\n                  \u001b[33mdata-grow\u001b[39m=\u001b[32m\"fill\"\u001b[39m\n                  \u001b[33mdata-space\u001b[39m=\u001b[32m\"space.050\"\u001b[39m\n                  \u001b[33mdata-testid\u001b[39m=\u001b[32m\"forge-stack\"\u001b[39m\n                \u001b[36m>\u001b[39m\n                  \u001b[36m<div\u001b[39m\n                    \u001b[33mdata-testid\u001b[39m=\u001b[32m\"forge-text\"\u001b[39m\n                    \u001b[33mdata-weight\u001b[39m=\u001b[32m\"bold\"\u001b[39m\n                  \u001b[36m>\u001b[39m\n                    \u001b[0mTable Name\u001b[0m\n                  \u001b[36m</div>\u001b[39m\n                  \u001b[36m<div\u001b[39m\n                    \u001b[33mdata-testid\u001b[39m=\u001b[32m\"forge-textfield\"\u001b[39m\n                    \u001b[33mplaceholder\u001b[39m=\u001b[32m\"e.g. users\"\u001b[39m\n                    \u001b[33mvalue\u001b[39m=\u001b[32m\"orders\"\u001b[39m\n                  \u001b[36m/>\u001b[39m\n                \u001b[36m</div>\u001b[39m\n                \u001b[36m<div\u001b[39m\n                  \u001b[33mdata-grow\u001b[39m=\u001b[32m\"fill\"\u001b[39m\n                  \u001b[33mdata-space\u001b[39m=\u001b[32m\"space.050\"\u001b[39m\n                  \u001b[33mdata-testid\u001b[39m=\u001b[32m\"forge-stack\"\u001b[39m\n                \u001b[36m>\u001b[39m\n                  \u001b[36m<div\u001b[39m\n                    \u001b[33mdata-testid\u001b[39m=\u001b[32m\"forge-text\"\u001b[39m\n                    \u001b[33mdata-weight\u001b[39m=\u001b[32m\"bold\"\u001b[39m\n                  \u001b[36m>\u001b[39m\n                    \u001b[0mEnvironment\u001b[0m\n                  \u001b[36m</div>\u001b[39m\n                  \u001b[36m<div\u001b[39m\n                    \u001b[33mdata-isclearable\u001b[39m=\u001b[32m\"true\"\u001b[39m\n                    \u001b[33mdata-options\u001b[39m=\u001b[32m\"[{\\\"label\\\":\\\"Development\\\",\\\"value\\\":\\\"development\\\"},{\\\"label\\\":\\\"Integration\\\",\\\"value\\\":\\\"integration\\\"},{\\\"label\\\":\\\"Staging\\\",\\\"value\\\":\\\"staging\\\"},{\\\"label\\\":\\\"UAT\\\",\\\"value\\\":\\\"uat\\\"},{\\\"label\\\":\\\"Production\\\",\\\"value\\\":\\\"production\\\"}]\"\u001b[39m\n                    \u001b[33mdata-testid\u001b[39m=\u001b[32m\"forge-select\"\u001b[39m\n                    \u001b[33mplaceholder\u001b[39m=\u001b[32m\"Select environment\"\u001b[39m\n                    \u001b[33mvalue\u001b[39m=\u001b[32m\"[object Object]\"\u001b[39m\n                  \u001b[36m/>\u001b[39m\n                \u001b[36m</div>\u001b[39m\n              \u001b[36m</div>\u001b[39m\n              \u001b[36m<div\u001b[39m\n                \u001b[33mdata-space\u001b[39m=\u001b[32m\"space.200\"\u001b[39m\n                \u001b[33mdata-spread\u001b[39m=\u001b[32m\"space-between\"\u001b[39m\n                \u001b[33mdata-testid\u001b[39m=\u001b[32m\"forge-inline\"\u001b[39m\n              \u001b[36m>\u001b[39m\n                \u001b[36m<div\u001b[39m\n                  \u001b[33mdata-grow\u001b[39m=\u001b[32m\"fill\"\u001b[39m\n                  \u001b[33mdata-space\u001b[39m=\u001b[32m\"space.050\"\u001b[39m\n                  \u001b[33mdata-testid\u001b[39m=\u001b[32m\"forge-stack\"\u001b[39m\n                \u001b[36m>\u001b[39m\n                  \u001b[36m<div\u001b[39m\n                    \u001b[33mdata-testid\u001b[39m=\u001b[32m\"forge-text\"\u001b[39m\n                    \u001b[33mdata-weight\u001b[39m=\u001b[32m\"bold\"\u001b[39m\n                  \u001b[36m>\u001b[39m\n                    \u001b[0mBusiness Reason\u001b[0m\n                  \u001b[36m</div>\u001b[39m\n                  \u001b[36m<div\u001b[39m\n                    \u001b[33mdata-testid\u001b[39m=\u001b[32m\"forge-textfield\"\u001b[39m\n                    \u001b[33mplaceholder\u001b[39m=\u001b[32m\"e.g. Stores user account data\"\u001b[39m\n                    \u001b[33mvalue\u001b[39m=\u001b[32m\"Tracks customer orders\"\u001b[39m\n                  \u001b[36m/>\u001b[39m\n                \u001b[36m</div>\u001b[39m\n                \u001b[36m<div\u001b[39m\n                  \u001b[33mdata-grow\u001b[39m=\u001b[32m\"fill\"\u001b[39m\n                  \u001b[33mdata-space\u001b[39m=\u001b[32m\"space.050\"\u001b[39m\n                  \u001b[33mdata-testid\u001b[39m=\u001b[32m\"forge-stack\"\u001b[39m\n                \u001b[36m>\u001b[39m\n                  \u001b[36m<div\u001b[39m\n                    \u001b[33mdata-testid\u001b[39m=\u001b[32m\"forge-text\"\u001b[39m\n                    \u001b[33mdata-weight\u001b[39m=\u001b[32m\"bold\"\u001b[39m\n                  \u001b[36m>\u001b[39m\n                    \u001b[0mLoad Type\u001b[0m\n                  \u001b[36m</div>\u001b[39m\n                  \u001b[36m<div\u001b[39m\n                    \u001b[33mdata-isclearable\u001b[39m=\u001b[32m\"true\"\u001b[39m\n                    \u001b[33mdata-options\u001b[39m=\u001b[32m\"[{\\\"label\\\":\\\"Insert only\\\",\\\"value\\\":\\\"Insert only\\\"},{\\\"label\\\":\\\"Updatable\\\",\\\"value\\\":\\\"Updatable\\\"}]\"\u001b[39m\n                    \u001b[33mdata-testid\u001b[39m=\u001b[32m\"forge-select\"\u001b[39m\n                    \u001b[33mplaceholder\u001b[39m=\u001b[32m\"Select load type\"\u001b[39m\n                    \u001b[33mvalue\u001b[39m=\u001b[32m\"[object Object]\"\u001b[39m\n                  \u001b[36m/>\u001b[39m\n                \u001b[36m</div>\u001b[39m\n              \u001b[36m</div>\u001b[39m\n            \u001b[36m</div>\u001b[39m\n          \u001b[36m</div>\u001b[39m\n          \u001b[36m<div\u001b[39m\n            \u001b[33mdata-testid\u001b[39m=\u001b[32m\"forge-box\"\u001b[39m\n            \u001b[33mdata-xcss\u001b[39m=\u001b[32m\"{\\\"backgroundColor\\\":\\\"color.background.neutral\\\",\\\"padding\\\":\\\"space.100\\\"}\"\u001b[39m\n          \u001b[36m>\u001b[39m\n            \u001b[36m<div\u001b[39m\n              \u001b[33mdata-alignblock\u001b[39m=\u001b[32m\"center\"\u001b[39m\n              \u001b[33mdata-space\u001b[39m=\u001b[32m\"space.100\"\u001b[39m\n              \u001b[33mdata-testid\u001b[39m=\u001b[32m\"forge-inline\"\u001b[39m\n            \u001b[36m>\u001b[39m\n              \u001b[36m<div\u001b[39m\n                \u001b[33mdata-testid\u001b[39m=\u001b[32m\"forge-box\"\u001b[39m\n                \u001b[33mdata-xcss\u001b[39m=\u001b[32m\"{\\\"width\\\":\\\"14%\\\",\\\"minWidth\\\":\\\"100px\\\",\\\"padding\\\":\\\"space.050\\\"}\"\u001b[39m\n              \u001b[36m>\u001b[39m\n                \u001b[36m<div\u001b[39m\n                  \u001b[33mdata-testid\u001b[39m=\u001b[32m\"forge-text\"\u001b[39m\n                  \u001b[33mdata-weight\u001b[39m=\u001b[32m\"bold\"\u001b[39m\n                \u001b[36m>\u001b[39m\n                  \u001b[0mColumn Name\u001b[0m\n                \u001b[36m</div>\u001b[39m\n              \u001b[36m</div>\u001b[39m\n              \u001b[36m<div\u001b[39m\n                \u001b[33mdata-testid\u001b[39m=\u001b[32m\"forge-box\"\u001b[39m\n                \u001b[33mdata-xcss\u001b[39m=\u001b[32m\"{\\\"width\\\":\\\"12%\\\",\\\"minWidth\\\":\\\"100px\\\",\\\"padding\\\":\\\"space.050\\\"}\"\u001b[39m\n              \u001b[36m>\u001b[39m\n                \u001b[36m<div\u001b[39m\n                  \u001b[33mdata-testid\u001b[39m=\u001b[32m\"forge-text\"\u001b[39m\n                  \u001b[33mdata-weight\u001b[39m=\u001b[32m\"bold\"\u001b[39m\n                \u001b[36m>\u001b[39m\n                  \u001b[0mDataType\u001b[0m\n                \u001b[36m</div>\u001b[39m\n              \u001b[36m</div>\u001b[39m\n              \u001b[36m<div\u001b[39m\n                \u001b[33mdata-testid\u001b[39m=\u001b[32m\"forge-box\"\u001b[39m\n                \u001b[33mdata-xcss\u001b[39m=\u001b[32m\"{\\\"width\\\":\\\"8%\\\",\\\"minWidth\\\":\\\"60px\\\",\\\"padding\\\":\\\"space.050\\\"}\"\u001b[39m\n              \u001b[36m>\u001b[39m\n                \u001b[36m<div\u001b[39m\n                  \u001b[33mdata-testid\u001b[39m=\u001b[32m\"forge-text\"\u001b[39m\n                  \u001b[33mdata-weight\u001b[39m=\u001b[32m\"bold\"\u001b[39m\n                \u001b[36m>\u001b[39m\n                  \u001b[0mLength\u001b[0m\n                \u001b[36m</div>\u001b[39m\n              \u001b[36m</div>\u001b[39m\n              \u001b[36m<div\u001b[39m\n                \u001b[33mdata-testid\u001b[39m=\u001b[32m\"forge-box\"\u001b[39m\n                \u001b[33mdata-xcss\u001b[39m=\u001b[32m\"{\\\"width\\\":\\\"6%\\\",\\\"minWidth\\\":\\\"50px\\\",\\\"padding\\\":\\\"space.050\\\",\\\"textAlign\\\":\\\"center\\\"}\"\u001b[39m\n              \u001b[36m>\u001b[39m\n                \u001b[36m<div\u001b[39m\n                  \u001b[33mdata-aligninline\u001b[39m=\u001b[32m\"center\"\u001b[39m\n                  \u001b[33mdata-testid\u001b[39m=\u001b[32m\"forge-inline\"\u001b[39m\n                \u001b[36m>\u001b[39m\n                  \u001b[36m<div\u001b[39m\n                    \u001b[33mdata-testid\u001b[39m=\u001b[32m\"forge-text\"\u001b[39m\n                    \u001b[33mdata-weight\u001b[39m=\u001b[32m\"bold\"\u001b[39m\n                  \u001b[36m>\u001b[39m\n                    \u001b[0mNullable\u001b[0m\n                  \u001b[36m</div>\u001b[39m\n                \u001b[36m</div>\u001b[39m\n              \u001b[36m</div>\u001b[39m\n              \u001b[36m<div\u001b[39m\n                \u001b[33mdata-testid\u001b[39m=\u001b[32m\"forge-box\"\u001b[39m\n                \u001b[33mdata-xcss\u001b[39m=\u001b[32m\"{\\\"width\\\":\\\"13%\\\",\\\"minWidth\\\":\\\"100px\\\",\\\"padding\\\":\\\"space.050\\\"}\"\u001b[39m\n              \u001b[36m>\u001b[39m\n                \u001b[36m<div\u001b[39m\n                  \u001b[33mdata-testid\u001b[39m=\u001b[32m\"forge-text\"\u001b[39m\n                  \u001b[33mdata-weight\u001b[39m=\u001b[32m\"bold\"\u001b[39m\n                \u001b[36m>\u001b[39m\n                  \u001b[0mSort/Partition Key\u001b[0m\n                \u001b[36m</div>\u001b[39m\n              \u001b[36m</div>\u001b[39m\n              \u001b[36m<div\u001b[39m\n                \u001b[33mdata-testid\u001b[39m=\u001b[32m\"forge-box\"\u001b[39m\n                \u001b[33mdata-xcss\u001b[39m=\u001b[32m\"{\\\"width\\\":\\\"10%\\\",\\\"minWidth\\\":\\\"60px\\\",\\\"padding\\\":\\\"space.050\\\",\\\"textAlign\\\":\\\"center\\\"}\"\u001b[39m\n              \u001b[36m>\u001b[39m\n                \u001b[36m<div\u001b[39m\n                  \u001b[33mdata-aligninline\u001b[39m=\u001b[32m\"center\"\u001b[39m\n                  \u001b[33mdata-testid\u001b[39m=\u001b[32m\"forge-inline\"\u001b[39m\n                \u001b[36m>\u001b[39m\n                  \u001b[36m<div\u001b[39m\n                    \u001b[33mdata-testid\u001b[39m=\u001b[32m\"forge-text\"\u001b[39m\n                    \u001b[33mdata-weight\u001b[39m=\u001b[32m\"bold\"\u001b[39m\n                  \u001b[36m>\u001b[39m\n                    \u001b[0mCopy To Redshift\u001b[0m\n                  \u001b[36m</div>\u001b[39m\n                \u001b[36m</div>\u001b[39m\n              \u001b[36m</div>\u001b[39m\n              \u001b[36m<div\u001b[39m\n                \u001b[33mdata-testid\u001b[39m=\u001b[32m\"forge-box\"\u001b[39m\n                \u001b[33mdata-xcss\u001b[39m=\u001b[32m\"{\\\"width\\\":\\\"16%\\\",\\\"minWidth\\\":\\\"100px\\\",\\\"padding\\\":\\\"space.050\\\"}\"\u001b[39m\n              \u001b[36m>\u001b[39m\n                \u001b[36m<div\u001b[39m\n                  \u001b[33mdata-testid\u001b[39m=\u001b[32m\"forge-text\"\u001b[39m\n                  \u001b[33mdata-weight\u001b[39m=\u001b[32m\"bold\"\u001b[39m\n                \u001b[36m>\u001b[39m\n                  \u001b[0mSample Value\u001b[0m\n                \u001b[36m</div>\u001b[39m\n              \u001b[36m</div>\u001b[39m\n              \u001b[36m<div\u001b[39m\n                \u001b[33mdata-testid\u001b[39m=\u001b[32m\"forge-box\"\u001b[39m\n                \u001b[33mdata-xcss\u001b[39m=\u001b[32m\"{\\\"width\\\":\\\"5%\\\",\\\"minWidth\\\":\\\"40px\\\",\\\"padding\\\":\\\"space.050\\\",\\\"textAlign\\\":\\\"center\\\"}\"\u001b[39m\n              \u001b[36m>\u001b[39m\n                \u001b[36m<div\u001b[39m\n                  \u001b[33mdata-aligninline\u001b[39m=\u001b[32m\"center\"\u001b[39m\n                  \u001b[33mdata-testid\u001b[39m=\u001b[32m\"forge-inline\"\u001b[39m\n                \u001b[36m>\u001b[39m\n                  \u001b[36m<div\u001b[39m\n                    \u001b[33mdata-testid\u001b[39m=\u001b[32m\"forge-text\"\u001b[39m\n                    \u001b[33mdata-weight\u001b[39m=\u001b[32m\"bold\"\u001b[39m\n                  \u001b[36m>\u001b[39m\n                    \u001b[0mPII\u001b[0m\n                  \u001b[36m</div>\u001b[39m\n                \u001b[36m</div>\u001b[39m\n              \u001b[36m</div>\u001b[39m\n              \u001b[36m<div\u001b[39m\n                \u001b[33mdata-testid\u001b[39m=\u001b[32m\"forge-box\"\u001b[39m\n                \u001b[33mdata-xcss\u001b[39m=\u001b[32m\"{\\\"width\\\":\\\"5%\\\",\\\"minWidth\\\":\\\"40px\\\",\\\"padding\\\":\\\"space.050\\\"}\"\u001b[39m\n              \u001b[36m>\u001b[39m\n                \u001b[36m<div\u001b[39m\n                  \u001b[33mdata-testid\u001b[39m=\u001b[32m\"forge-text\"\u001b[39m\n                  \u001b[33mdata-weight\u001b[39m=\u001b[32m\"bold\"\u001b[39m\n                \u001b[36m>\u001b[39m\n                  \u001b[0mActions\u001b[0m\n                \u001b[36m</div>\u001b[39m\n              \u001b[36m</div>\u001b[39m\n            \u001b[36m</div>\u001b[39m\n          \u001b[36m</div>\u001b[39m\n          \u001b[36m<div\u001b[39m\n            \u001b[33mdata-testid\u001b[39m=\u001b[32m\"forge-box\"\u001b[39m\n            \u001b[33mdata-xcss\u001b[39m=\u001b[32m\"{\\\"padding\\\":\\\"space.050\\\"}\"\u001b[39m\n          \u001b[36m>\u001b[39m\n            \u001b[36m<div\u001b[39m\n              \u001b[33mdata-color\u001b[39m=\u001b[32m\"color.text.subtle\"\u001b[39m\n              \u001b[33mdata-testid\u001b[39m=\u001b[32m\"forge-text\"\u001b[39m\n            \u001b[36m>\u001b[39m\n              \u001b[0mNo rows yet. Click “Add Row” to get started.\u001b[0m\n            \u001b[36m</div>\u001b[39m\n          \u001b[36m</div>\u001b[39m\n          \u001b[36m<div\u001b[39m\n            \u001b[33mdata-testid\u001b[39m=\u001b[32m\"forge-box\"\u001b[39m\n            \u001b[33mdata-xcss\u001b[39m=\u001b[32m\"{\\\"paddingTop\\\":\\\"space.200\\\"}\"\u001b[39m\n          \u001b[36m>\u001b[39m\n            \u001b[36m<div\u001b[39m\n              \u001b[33mdata-space\u001b[39m=\u001b[32m\"space.100\"\u001b[39m\n              \u001b[33mdata-testid\u001b[39m=\u001b[32m\"forge-inline\"\u001b[39m\n            \u001b[36m>\u001b[39m\n              \u001b[36m<div\u001b[39m\n                \u001b[33mdata-appearance\u001b[39m=\u001b[32m\"default\"\u001b[39m\n                \u001b[33mdata-testid\u001b[39m=\u001b[32m\"forge-button\"\u001b[39m\n              \u001b[36m>\u001b[39m\n                \u001b[0mAdd Row\u001b[0m\n              \u001b[36m</div>\u001b[39m\n              \u001b[36m<div\u001b[39m\n                \u001b[33mdata-appearance\u001b[39m=\u001b[32m\"primary\"\u001b[39m\n                \u001b[33mdata-isdisabled\u001b[39m=\u001b[32m\"false\"\u001b[39m\n                \u001b[33mdata-testid\u001b[39m=\u001b[32m\"forge-button\"\u001b[39m\n              \u001b[36m>\u001b[39m\n                \u001b[0mSave\u001b[0m\n              \u001b[36m</div>\u001b[39m\n            \u001b[36m</div>\u001b[39m\n          \u001b[36m</div>\u001b[39m\n        \u001b[36m</div>\u001b[39m\n      \u001b[36m</div>\u001b[39m\n    \u001b[36m</div>\u001b[39m\n  \u001b[36m</body>\u001b[39m\n\u001b[36m</html>\u001b[39m\n    at C:\\Users\\Sudeep\\Downloads\\data-dictionary\\src\\frontend\\__tests__\\index.test.tsx:350:22\n    at runWithExpensiveErrorDiagnosticsDisabled (C:\\Users\\Sudeep\\Downloads\\data-dictionary\\node_modules\\@testing-library\\dom\\dist\\config.js:47:12)\n    at checkCallback (C:\\Users\\Sudeep\\Downloads\\data-dictionary\\node_modules\\@testing-library\\dom\\dist\\wait-for.js:124:77)\n    at checkRealTimersCallback (C:\\Users\\Sudeep\\Downloads\\data-dictionary\\node_modules\\@testing-library\\dom\\dist\\wait-for.js:118:16)\n    at Timeout.task [as _onTimeout] (C:\\Users\\Sudeep\\Downloads\\data-dictionary\\node_modules\\jsdom\\lib\\jsdom\\browser\\Window.js:579:19)\n    at listOnTimeout (node:internal/timers:594:17)\n    at processTimers (node:internal/timers:529:7)"],"fullName":"App renders metadata fields from loaded data","invocations":1,"location":null,"numPassingAsserts":35,"retryReasons":[],"startAt":1783840886667,"status":"failed","title":"renders metadata fields from loaded data"},{"ancestorTitles":["App"],"duration":1086,"failing":false,"failureDetails":[{"matcherResult":{"message":"\u001b[2mexpect(\u001b[22m\u001b[31mreceived\u001b[39m\u001b[2m).\u001b[22mtoContainEqual\u001b[2m(\u001b[22m\u001b[32mexpected\u001b[39m\u001b[2m) // deep equality\u001b[22m\n\nExpected value: \u001b[32mObjectContaining {\"functionKey\": \"saveTableData\", \"payload\": {\"macroId\": \"test-macro-id\", \"metadata\": {\"businessReason\": \"Payment records\", \"environment\": \"production\", \"loadType\": \"Insert only\", \"service\": \"payment-service\", \"tableName\": \"payments\"}, \"rows\": [{\"columnName\": \"amount\", \"copyToRedshift\": false, \"dataType\": \"Number\", \"id\": \"row-1\", \"length\": \"\", \"nullable\": false, \"pii\": false, \"sampleValue\": \"100\", \"sortPartitionKey\": null}]}}\u001b[39m\nReceived array: \u001b[31m[{\"functionKey\": \"getTableData\", \"payload\": {\"macroId\": \"test-macro-id\", \"storageKey\": \"test-macro-id\"}, \"timestamp\": 1783840887701}, {\"functionKey\": \"saveTableData\", \"payload\": {\"macroId\": \"test-macro-id\", \"metadata\": {\"businessReason\": \"Payment records\", \"environment\": \"production\", \"loadType\": \"Insert only\", \"service\": \"payment-service\", \"tableName\": \"payments\"}, \"rows\": [{\"columnName\": \"amount\", \"copyToRedshift\": false, \"dataType\": \"Number\", \"id\": \"row-1\", \"length\": \"\", \"nullable\": false, \"pii\": false, \"sampleValue\": \"100\", \"sortPartitionKey\": null}], \"storageKey\": \"test-macro-id\"}, \"timestamp\": 1783840887764}]\u001b[39m","pass":false}}],"failureMessages":["Error: \u001b[2mexpect(\u001b[22m\u001b[31mreceived\u001b[39m\u001b[2m).\u001b[22mtoContainEqual\u001b[2m(\u001b[22m\u001b[32mexpected\u001b[39m\u001b[2m) // deep equality\u001b[22m\n\nExpected value: \u001b[32mObjectContaining {\"functionKey\": \"saveTableData\", \"payload\": {\"macroId\": \"test-macro-id\", \"metadata\": {\"businessReason\": \"Payment records\", \"environment\": \"production\", \"loadType\": \"Insert only\", \"service\": \"payment-service\", \"tableName\": \"payments\"}, \"rows\": [{\"columnName\": \"amount\", \"copyToRedshift\": false, \"dataType\": \"Number\", \"id\": \"row-1\", \"length\": \"\", \"nullable\": false, \"pii\": false, \"sampleValue\": \"100\", \"sortPartitionKey\": null}]}}\u001b[39m\nReceived array: \u001b[31m[{\"functionKey\": \"getTableData\", \"payload\": {\"macroId\": \"test-macro-id\", \"storageKey\": \"test-macro-id\"}, \"timestamp\": 1783840887701}, {\"functionKey\": \"saveTableData\", \"payload\": {\"macroId\": \"test-macro-id\", \"metadata\": {\"businessReason\": \"Payment records\", \"environment\": \"production\", \"loadType\": \"Insert only\", \"service\": \"payment-service\", \"tableName\": \"payments\"}, \"rows\": [{\"columnName\": \"amount\", \"copyToRedshift\": false, \"dataType\": \"Number\", \"id\": \"row-1\", \"length\": \"\", \"nullable\": false, \"pii\": false, \"sampleValue\": \"100\", \"sortPartitionKey\": null}], \"storageKey\": \"test-macro-id\"}, \"timestamp\": 1783840887764}]\u001b[39m\n\nIgnored nodes: comments, script, style\n\u001b[36m<html>\u001b[39m\n  \u001b[36m<head />\u001b[39m\n  \u001b[36m<body>\u001b[39m\n    \u001b[36m<div>\u001b[39m\n      \u001b[36m<div\u001b[39m\n        \u001b[33mdata-testid\u001b[39m=\u001b[32m\"forge-box\"\u001b[39m\n        \u001b[33mdata-xcss\u001b[39m=\u001b[32m\"{\\\"padding\\\":\\\"space.200\\\"}\"\u001b[39m\n      \u001b[36m>\u001b[39m\n        \u001b[36m<div\u001b[39m\n          \u001b[33mdata-space\u001b[39m=\u001b[32m\"space.200\"\u001b[39m\n          \u001b[33mdata-testid\u001b[39m=\u001b[32m\"forge-stack\"\u001b[39m\n        \u001b[36m>\u001b[39m\n          \u001b[36m<div\u001b[39m\n            \u001b[33mdata-testid\u001b[39m=\u001b[32m\"forge-box\"\u001b[39m\n            \u001b[33mdata-xcss\u001b[39m=\u001b[32m\"{\\\"padding\\\":\\\"space.200\\\",\\\"backgroundColor\\\":\\\"color.background.neutral.subtle\\\",\\\"borderRadius\\\":\\\"radius.small\\\",\\\"borderWidth\\\":\\\"border.width\\\",\\\"borderStyle\\\":\\\"solid\\\",\\\"borderColor\\\":\\\"color.border\\\"}\"\u001b[39m\n          \u001b[36m>\u001b[39m\n            \u001b[36m<div\u001b[39m\n              \u001b[33mdata-space\u001b[39m=\u001b[32m\"space.150\"\u001b[39m\n              \u001b[33mdata-testid\u001b[39m=\u001b[32m\"forge-stack\"\u001b[39m\n            \u001b[36m>\u001b[39m\n              \u001b[36m<div\u001b[39m\n                \u001b[33mdata-as\u001b[39m=\u001b[32m\"h4\"\u001b[39m\n                \u001b[33mdata-testid\u001b[39m=\u001b[32m\"forge-heading\"\u001b[39m\n              \u001b[36m>\u001b[39m\n                \u001b[0mTable Metadata\u001b[0m\n              \u001b[36m</div>\u001b[39m\n              \u001b[36m<div\u001b[39m\n                \u001b[33mdata-space\u001b[39m=\u001b[32m\"space.200\"\u001b[39m\n                \u001b[33mdata-spread\u001b[39m=\u001b[32m\"space-between\"\u001b[39m\n                \u001b[33mdata-testid\u001b[39m=\u001b[32m\"forge-inline\"\u001b[39m\n              \u001b[36m>\u001b[39m\n                \u001b[36m<div\u001b[39m\n                  \u001b[33mdata-grow\u001b[39m=\u001b[32m\"fill\"\u001b[39m\n                  \u001b[33mdata-space\u001b[39m=\u001b[32m\"space.050\"\u001b[39m\n                  \u001b[33mdata-testid\u001b[39m=\u001b[32m\"forge-stack\"\u001b[39m\n                \u001b[36m>\u001b[39m\n                  \u001b[36m<div\u001b[39m\n                    \u001b[33mdata-testid\u001b[39m=\u001b[32m\"forge-text\"\u001b[39m\n                    \u001b[33mdata-weight\u001b[39m=\u001b[32m\"bold\"\u001b[39m\n                  \u001b[36m>\u001b[39m\n                    \u001b[0mService\u001b[0m\n                  \u001b[36m</div>\u001b[39m\n                  \u001b[36m<div\u001b[39m\n                    \u001b[33mdata-testid\u001b[39m=\u001b[32m\"forge-textfield\"\u001b[39m\n                    \u001b[33mplaceholder\u001b[39m=\u001b[32m\"e.g. user-service\"\u001b[39m\n                    \u001b[33mvalue\u001b[39m=\u001b[32m\"payment-service\"\u001b[39m\n                  \u001b[36m/>\u001b[39m\n                \u001b[36m</div>\u001b[39m\n                \u001b[36m<div\u001b[39m\n                  \u001b[33mdata-grow\u001b[39m=\u001b[32m\"fill\"\u001b[39m\n                  \u001b[33mdata-space\u001b[39m=\u001b[32m\"space.050\"\u001b[39m\n                  \u001b[33mdata-testid\u001b[39m=\u001b[32m\"forge-stack\"\u001b[39m\n                \u001b[36m>\u001b[39m\n                  \u001b[36m<div\u001b[39m\n                    \u001b[33mdata-testid\u001b[39m=\u001b[32m\"forge-text\"\u001b[39m\n                    \u001b[33mdata-weight\u001b[39m=\u001b[32m\"bold\"\u001b[39m\n                  \u001b[36m>\u001b[39m\n                    \u001b[0mTable Name\u001b[0m\n                  \u001b[36m</div>\u001b[39m\n                  \u001b[36m<div\u001b[39m\n                    \u001b[33mdata-testid\u001b[39m=\u001b[32m\"forge-textfield\"\u001b[39m\n                    \u001b[33mplaceholder\u001b[39m=\u001b[32m\"e.g. users\"\u001b[39m\n                    \u001b[33mvalue\u001b[39m=\u001b[32m\"payments\"\u001b[39m\n                  \u001b[36m/>\u001b[39m\n                \u001b[36m</div>\u001b[39m\n                \u001b[36m<div\u001b[39m\n                  \u001b[33mdata-grow\u001b[39m=\u001b[32m\"fill\"\u001b[39m\n                  \u001b[33mdata-space\u001b[39m=\u001b[32m\"space.050\"\u001b[39m\n                  \u001b[33mdata-testid\u001b[39m=\u001b[32m\"forge-stack\"\u001b[39m\n                \u001b[36m>\u001b[39m\n                  \u001b[36m<div\u001b[39m\n                    \u001b[33mdata-testid\u001b[39m=\u001b[32m\"forge-text\"\u001b[39m\n                    \u001b[33mdata-weight\u001b[39m=\u001b[32m\"bold\"\u001b[39m\n                  \u001b[36m>\u001b[39m\n                    \u001b[0mEnvironment\u001b[0m\n                  \u001b[36m</div>\u001b[39m\n                  \u001b[36m<div\u001b[39m\n                    \u001b[33mdata-isclearable\u001b[39m=\u001b[32m\"true\"\u001b[39m\n                    \u001b[33mdata-options\u001b[39m=\u001b[32m\"[{\\\"label\\\":\\\"Development\\\",\\\"value\\\":\\\"development\\\"},{\\\"label\\\":\\\"Integration\\\",\\\"value\\\":\\\"integration\\\"},{\\\"label\\\":\\\"Staging\\\",\\\"value\\\":\\\"staging\\\"},{\\\"label\\\":\\\"UAT\\\",\\\"value\\\":\\\"uat\\\"},{\\\"label\\\":\\\"Production\\\",\\\"value\\\":\\\"production\\\"}]\"\u001b[39m\n                    \u001b[33mdata-testid\u001b[39m=\u001b[32m\"forge-select\"\u001b[39m\n                    \u001b[33mplaceholder\u001b[39m=\u001b[32m\"Select environment\"\u001b[39m\n                    \u001b[33mvalue\u001b[39m=\u001b[32m\"[object Object]\"\u001b[39m\n                  \u001b[36m/>\u001b[39m\n                \u001b[36m</div>\u001b[39m\n              \u001b[36m</div>\u001b[39m\n              \u001b[36m<div\u001b[39m\n                \u001b[33mdata-space\u001b[39m=\u001b[32m\"space.200\"\u001b[39m\n                \u001b[33mdata-spread\u001b[39m=\u001b[32m\"space-between\"\u001b[39m\n                \u001b[33mdata-testid\u001b[39m=\u001b[32m\"forge-inline\"\u001b[39m\n              \u001b[36m>\u001b[39m\n                \u001b[36m<div\u001b[39m\n                  \u001b[33mdata-grow\u001b[39m=\u001b[32m\"fill\"\u001b[39m\n                  \u001b[33mdata-space\u001b[39m=\u001b[32m\"space.050\"\u001b[39m\n                  \u001b[33mdata-testid\u001b[39m=\u001b[32m\"forge-stack\"\u001b[39m\n                \u001b[36m>\u001b[39m\n                  \u001b[36m<div\u001b[39m\n                    \u001b[33mdata-testid\u001b[39m=\u001b[32m\"forge-text\"\u001b[39m\n                    \u001b[33mdata-weight\u001b[39m=\u001b[32m\"bold\"\u001b[39m\n                  \u001b[36m>\u001b[39m\n                    \u001b[0mBusiness Reason\u001b[0m\n                  \u001b[36m</div>\u001b[39m\n                  \u001b[36m<div\u001b[39m\n                    \u001b[33mdata-testid\u001b[39m=\u001b[32m\"forge-textfield\"\u001b[39m\n                    \u001b[33mplaceholder\u001b[39m=\u001b[32m\"e.g. Stores user account data\"\u001b[39m\n                    \u001b[33mvalue\u001b[39m=\u001b[32m\"Payment records\"\u001b[39m\n                  \u001b[36m/>\u001b[39m\n                \u001b[36m</div>\u001b[39m\n                \u001b[36m<div\u001b[39m\n                  \u001b[33mdata-grow\u001b[39m=\u001b[32m\"fill\"\u001b[39m\n                  \u001b[33mdata-space\u001b[39m=\u001b[32m\"space.050\"\u001b[39m\n                  \u001b[33mdata-testid\u001b[39m=\u001b[32m\"forge-stack\"\u001b[39m\n                \u001b[36m>\u001b[39m\n                  \u001b[36m<div\u001b[39m\n                    \u001b[33mdata-testid\u001b[39m=\u001b[32m\"forge-text\"\u001b[39m\n                    \u001b[33mdata-weight\u001b[39m=\u001b[32m\"bold\"\u001b[39m\n                  \u001b[36m>\u001b[39m\n                    \u001b[0mLoad Type\u001b[0m\n                  \u001b[36m</div>\u001b[39m\n                  \u001b[36m<div\u001b[39m\n                    \u001b[33mdata-isclearable\u001b[39m=\u001b[32m\"true\"\u001b[39m\n                    \u001b[33mdata-options\u001b[39m=\u001b[32m\"[{\\\"label\\\":\\\"Insert only\\\",\\\"value\\\":\\\"Insert only\\\"},{\\\"label\\\":\\\"Updatable\\\",\\\"value\\\":\\\"Updatable\\\"}]\"\u001b[39m\n                    \u001b[33mdata-testid\u001b[39m=\u001b[32m\"forge-select\"\u001b[39m\n                    \u001b[33mplaceholder\u001b[39m=\u001b[32m\"Select load type\"\u001b[39m\n                    \u001b[33mvalue\u001b[39m=\u001b[32m\"[object Object]\"\u001b[39m\n                  \u001b[36m/>\u001b[39m\n                \u001b[36m</div>\u001b[39m\n              \u001b[36m</div>\u001b[39m\n            \u001b[36m</div>\u001b[39m\n          \u001b[36m</div>\u001b[39m\n          \u001b[36m<div\u001b[39m\n            \u001b[33mdata-appearance\u001b[39m=\u001b[32m\"success\"\u001b[39m\n            \u001b[33mdata-testid\u001b[39m=\u001b[32m\"forge-sectionmessage\"\u001b[39m\n          \u001b[36m>\u001b[39m\n            \u001b[36m<div\u001b[39m\n              \u001b[33mdata-testid\u001b[39m=\u001b[32m\"forge-text\"\u001b[39m\n            \u001b[36m>\u001b[39m\n              \u001b[0mTable saved successfully\u001b[0m\n            \u001b[36m</div>\u001b[39m\n          \u001b[36m</div>\u001b[39m\n          \u001b[36m<div\u001b[39m\n            \u001b[33mdata-testid\u001b[39m=\u001b[32m\"forge-box\"\u001b[39m\n            \u001b[33mdata-xcss\u001b[39m=\u001b[32m\"{\\\"backgroundColor\\\":\\\"color.background.neutral\\\",\\\"padding\\\":\\\"space.100\\\"}\"\u001b[39m\n          \u001b[36m>\u001b[39m\n            \u001b[36m<div\u001b[39m\n              ...\n    at C:\\Users\\Sudeep\\Downloads\\data-dictionary\\src\\frontend\\__tests__\\index.test.tsx:378:34\n    at runWithExpensiveErrorDiagnosticsDisabled (C:\\Users\\Sudeep\\Downloads\\data-dictionary\\node_modules\\@testing-library\\dom\\dist\\config.js:47:12)\n    at checkCallback (C:\\Users\\Sudeep\\Downloads\\data-dictionary\\node_modules\\@testing-library\\dom\\dist\\wait-for.js:124:77)\n    at checkRealTimersCallback (C:\\Users\\Sudeep\\Downloads\\data-dictionary\\node_modules\\@testing-library\\dom\\dist\\wait-for.js:118:16)\n    at Timeout.task [as _onTimeout] (C:\\Users\\Sudeep\\Downloads\\data-dictionary\\node_modules\\jsdom\\lib\\jsdom\\browser\\Window.js:579:19)\n    at listOnTimeout (node:internal/timers:594:17)\n    at processTimers (node:internal/timers:529:7)"],"fullName":"App includes metadata in save payload","invocations":1,"location":null,"numPassingAsserts":1,"retryReasons":[],"startAt":1783840887700,"status":"failed","title":"includes metadata in save payload"},{"ancestorTitles":["App"],"duration":13,"failing":false,"failureDetails":[{"matcherResult":{"message":"\u001b[2mexpect(\u001b[22m\u001b[31mreceived\u001b[39m\u001b[2m).\u001b[22mtoContain\u001b[2m(\u001b[22m\u001b[32mexpected\u001b[39m\u001b[2m) // indexOf\u001b[22m\n\nExpected value: \u001b[32m\"production\"\u001b[39m\nReceived array: \u001b[31m[\"user-service\", \"users\", \"Stores user account data\", \"user_id\", \"255\", \"age\", \"\", \"is_active\", \"\"]\u001b[39m","pass":false}}],"failureMessages":["Error: \u001b[2mexpect(\u001b[22m\u001b[31mreceived\u001b[39m\u001b[2m).\u001b[22mtoContain\u001b[2m(\u001b[22m\u001b[32mexpected\u001b[39m\u001b[2m) // indexOf\u001b[22m\n\nExpected value: \u001b[32m\"production\"\u001b[39m\nReceived array: \u001b[31m[\"user-service\", \"users\", \"Stores user account data\", \"user_id\", \"255\", \"age\", \"\", \"is_active\", \"\"]\u001b[39m\n    at Object.<anonymous> (C:\\Users\\Sudeep\\Downloads\\data-dictionary\\src\\frontend\\__tests__\\index.test.tsx:405:20)"],"fullName":"App shows mock metadata in preview mode","invocations":1,"location":null,"numPassingAsserts":3,"retryReasons":[],"startAt":1783840888786,"status":"failed","title":"shows mock metadata in preview mode"}],"endTime":1783840888833,"message":"\u001b[1m\u001b[31m  \u001b[1m● \u001b[22m\u001b[1mApp › calls getTableData on mount with correct macroId\u001b[39m\u001b[22m\n\n    \u001b[2mexpect(\u001b[22m\u001b[31mreceived\u001b[39m\u001b[2m).\u001b[22mtoContainEqual\u001b[2m(\u001b[22m\u001b[32mexpected\u001b[39m\u001b[2m) // deep equality\u001b[22m\n\n    Expected value: \u001b[32mObjectContaining {\"functionKey\": \"getTableData\", \"payload\": {\"macroId\": \"test-macro-id\"}}\u001b[39m\n    Received array: \u001b[31m[{\"functionKey\": \"getTableData\", \"payload\": {\"macroId\": \"test-macro-id\", \"storageKey\": \"test-macro-id\"}, \"timestamp\": 1783840883724}]\u001b[39m\n\n    Ignored nodes: comments, script, style\n    \u001b[36m<html>\u001b[39m\n      \u001b[36m<head />\u001b[39m\n      \u001b[36m<body>\u001b[39m\n        \u001b[36m<div>\u001b[39m\n          \u001b[36m<div\u001b[39m\n            \u001b[33mdata-testid\u001b[39m=\u001b[32m\"forge-box\"\u001b[39m\n            \u001b[33mdata-xcss\u001b[39m=\u001b[32m\"{\\\"padding\\\":\\\"space.200\\\"}\"\u001b[39m\n          \u001b[36m>\u001b[39m\n            \u001b[36m<div\u001b[39m\n              \u001b[33mdata-space\u001b[39m=\u001b[32m\"space.200\"\u001b[39m\n              \u001b[33mdata-testid\u001b[39m=\u001b[32m\"forge-stack\"\u001b[39m\n            \u001b[36m>\u001b[39m\n              \u001b[36m<div\u001b[39m\n                \u001b[33mdata-testid\u001b[39m=\u001b[32m\"forge-box\"\u001b[39m\n                \u001b[33mdata-xcss\u001b[39m=\u001b[32m\"{\\\"padding\\\":\\\"space.200\\\",\\\"backgroundColor\\\":\\\"color.background.neutral.subtle\\\",\\\"borderRadius\\\":\\\"radius.small\\\",\\\"borderWidth\\\":\\\"border.width\\\",\\\"borderStyle\\\":\\\"solid\\\",\\\"borderColor\\\":\\\"color.border\\\"}\"\u001b[39m\n              \u001b[36m>\u001b[39m\n                \u001b[36m<div\u001b[39m\n                  \u001b[33mdata-space\u001b[39m=\u001b[32m\"space.150\"\u001b[39m\n                  \u001b[33mdata-testid\u001b[39m=\u001b[32m\"forge-stack\"\u001b[39m\n                \u001b[36m>\u001b[39m\n                  \u001b[36m<div\u001b[39m\n                    \u001b[33mdata-as\u001b[39m=\u001b[32m\"h4\"\u001b[39m\n                    \u001b[33mdata-testid\u001b[39m=\u001b[32m\"forge-heading\"\u001b[39m\n                  \u001b[36m>\u001b[39m\n                    \u001b[0mTable Metadata\u001b[0m\n                  \u001b[36m</div>\u001b[39m\n                  \u001b[36m<div\u001b[39m\n                    \u001b[33mdata-space\u001b[39m=\u001b[32m\"space.200\"\u001b[39m\n                    \u001b[33mdata-spread\u001b[39m=\u001b[32m\"space-between\"\u001b[39m\n                    \u001b[33mdata-testid\u001b[39m=\u001b[32m\"forge-inline\"\u001b[39m\n                  \u001b[36m>\u001b[39m\n                    \u001b[36m<div\u001b[39m\n                      \u001b[33mdata-grow\u001b[39m=\u001b[32m\"fill\"\u001b[39m\n                      \u001b[33mdata-space\u001b[39m=\u001b[32m\"space.050\"\u001b[39m\n                      \u001b[33mdata-testid\u001b[39m=\u001b[32m\"forge-stack\"\u001b[39m\n                    \u001b[36m>\u001b[39m\n                      \u001b[36m<div\u001b[39m\n                        \u001b[33mdata-testid\u001b[39m=\u001b[32m\"forge-text\"\u001b[39m\n                        \u001b[33mdata-weight\u001b[39m=\u001b[32m\"bold\"\u001b[39m\n                      \u001b[36m>\u001b[39m\n                        \u001b[0mService\u001b[0m\n                      \u001b[36m</div>\u001b[39m\n                      \u001b[36m<div\u001b[39m\n                        \u001b[33mdata-testid\u001b[39m=\u001b[32m\"forge-textfield\"\u001b[39m\n                        \u001b[33mplaceholder\u001b[39m=\u001b[32m\"e.g. user-service\"\u001b[39m\n                        \u001b[33mvalue\u001b[39m=\u001b[32m\"\"\u001b[39m\n                      \u001b[36m/>\u001b[39m\n                    \u001b[36m</div>\u001b[39m\n                    \u001b[36m<div\u001b[39m\n                      \u001b[33mdata-grow\u001b[39m=\u001b[32m\"fill\"\u001b[39m\n                      \u001b[33mdata-space\u001b[39m=\u001b[32m\"space.050\"\u001b[39m\n                      \u001b[33mdata-testid\u001b[39m=\u001b[32m\"forge-stack\"\u001b[39m\n                    \u001b[36m>\u001b[39m\n                      \u001b[36m<div\u001b[39m\n                        \u001b[33mdata-testid\u001b[39m=\u001b[32m\"forge-text\"\u001b[39m\n                        \u001b[33mdata-weight\u001b[39m=\u001b[32m\"bold\"\u001b[39m\n                      \u001b[36m>\u001b[39m\n                        \u001b[0mTable Name\u001b[0m\n                      \u001b[36m</div>\u001b[39m\n                      \u001b[36m<div\u001b[39m\n                        \u001b[33mdata-testid\u001b[39m=\u001b[32m\"forge-textfield\"\u001b[39m\n                        \u001b[33mplaceholder\u001b[39m=\u001b[32m\"e.g. users\"\u001b[39m\n                        \u001b[33mvalue\u001b[39m=\u001b[32m\"\"\u001b[39m\n                      \u001b[36m/>\u001b[39m\n                    \u001b[36m</div>\u001b[39m\n                    \u001b[36m<div\u001b[39m\n                      \u001b[33mdata-grow\u001b[39m=\u001b[32m\"fill\"\u001b[39m\n                      \u001b[33mdata-space\u001b[39m=\u001b[32m\"space.050\"\u001b[39m\n                      \u001b[33mdata-testid\u001b[39m=\u001b[32m\"forge-stack\"\u001b[39m\n                    \u001b[36m>\u001b
[...]
   \u001b[33mdata-grow\u001b[39m=\u001b[32m\"fill\"\u001b[39m\n                      \u001b[33mdata-space\u001b[39m=\u001b[32m\"space.050\"\u001b[39m\n                      \u001b[33mdata-testid\u001b[39m=\u001b[32m\"forge-stack\"\u001b[39m\n                    \u001b[36m>\u001b[39m\n                      \u001b[36m<div\u001b[39m\n                        \u001b[33mdata-testid\u001b[39m=\u001b[32m\"forge-text\"\u001b[39m\n                        \u001b[33mdata-weight\u001b[39m=\u001b[32m\"bold\"\u001b[39m\n                      \u001b[36m>\u001b[39m\n                        \u001b[0mService\u001b[0m\n                      \u001b[36m</div>\u001b[39m\n                      \u001b[36m<div\u001b[39m\n                        \u001b[33mdata-testid\u001b[39m=\u001b[32m\"forge-textfield\"\u001b[39m\n                        \u001b[33mplaceholder\u001b[39m=\u001b[32m\"e.g. user-service\"\u001b[39m\n                        \u001b[33mvalue\u001b[39m=\u001b[32m\"payment-service\"\u001b[39m\n                      \u001b[36m/>\u001b[39m\n                    \u001b[36m</div>\u001b[39m\n                    \u001b[36m<div\u001b[39m\n                      \u001b[33mdata-grow\u001b[39m=\u001b[32m\"fill\"\u001b[39m\n                      \u001b[33mdata-space\u001b[39m=\u001b[32m\"space.050\"\u001b[39m\n                      \u001b[33mdata-testid\u001b[39m=\u001b[32m\"forge-stack\"\u001b[39m\n                    \u001b[36m>\u001b[39m\n                      \u001b[36m<div\u001b[39m\n                        \u001b[33mdata-testid\u001b[39m=\u001b[32m\"forge-text\"\u001b[39m\n                        \u001b[33mdata-weight\u001b[39m=\u001b[32m\"bold\"\u001b[39m\n                      \u001b[36m>\u001b[39m\n                        \u001b[0mTable Name\u001b[0m\n                      \u001b[36m</div>\u001b[39m\n                      \u001b[36m<div\u001b[39m\n                        \u001b[33mdata-testid\u001b[39m=\u001b[32m\"forge-textfield\"\u001b[39m\n                        \u001b[33mplaceholder\u001b[39m=\u001b[32m\"e.g. users\"\u001b[39m\n                        \u001b[33mvalue\u001b[39m=\u001b[32m\"payments\"\u001b[39m\n                      \u001b[36m/>\u001b[39m\n                    \u001b[36m</div>\u001b[39m\n                    \u001b[36m<div\u001b[39m\n                      \u001b[33mdata-grow\u001b[39m=\u001b[32m\"fill\"\u001b[39m\n                      \u001b[33mdata-space\u001b[39m=\u001b[32m\"space.050\"\u001b[39m\n                      \u001b[33mdata-testid\u001b[39m=\u001b[32m\"forge-stack\"\u001b[39m\n                    \u001b[36m>\u001b[39m\n                      \u001b[36m<div\u001b[39m\n                        \u001b[33mdata-testid\u001b[39m=\u001b[32m\"forge-text\"\u001b[39m\n                        \u001b[33mdata-weight\u001b[39m=\u001b[32m\"bold\"\u001b[39m\n                      \u001b[36m>\u001b[39m\n                        \u001b[0mEnvironment\u001b[0m\n                      \u001b[36m</div>\u001b[39m\n                      \u001b[36m<div\u001b[39m\n                        \u001b[33mdata-isclearable\u001b[39m=\u001b[32m\"true\"\u001b[39m\n                        \u001b[33mdata-options\u001b[39m=\u001b[32m\"[{\\\"label\\\":\\\"Development\\\",\\\"value\\\":\\\"development\\\"},{\\\"label\\\":\\\"Integration\\\",\\\"value\\\":\\\"integration\\\"},{\\\"label\\\":\\\"Staging\\\",\\\"value\\\":\\\"staging\\\"},{\\\"label\\\":\\\"UAT\\\",\\\"value\\\":\\\"uat\\\"},{\\\"label\\\":\\\"Production\\\",\\\"value\\\":\\\"production\\\"}]\"\u001b[39m\n                        \u001b[33mdata-testid\u001b[39m=\u001b[32m\"forge-select\"\u001b[39m\n                        \u001b[33mplaceholder\u001b[39m=\u001b[32m\"Select environment\"\u001b[39m\n                        \u001b[33mvalue\u001b[39m=\u001b[32m\"[object Object]\"\u001b[39m\n                      \u001b[36m/>\u001b[39m\n                    \u001b[36m</div>\u001b[39m\n                  \u001b[36m</div>\u001b[39m\n                  \u001b[36m<div\u001b[39m\n                    \u001b[33mdata-space\u001b[39m=\u001b[32m\"space.200\"\u001b[39m\n                    \u001b[33mdata-spread\u001b[39m=\u001b[32m\"space-between\"\u001b[39m\n                    \u001b[33mdata-testid\u001b[39m=\u001b[32m\"forge-inline\"\u001b[39m\n                  \u001b[36m>\u001b[39m\n                    \u001b[36m<div\u001b[39m\n                      \u001b[33mdata-grow\u001b[39m=\u001b[32m\"fill\"\u001b[39m\n                      \u001b[33mdata-space\u001b[39m=\u001b[32m\"space.050\"\u001b[39m\n                      \u001b[33mdata-testid\u001b[39m=\u001b[32m\"forge-stack\"\u001b[39m\n                    \u001b[36m>\u001b[39m\n                      \u001b[36m<div\u001b[39m\n                        \u001b[33mdata-testid\u001b[39m=\u001b[32m\"forge-text\"\u001b[39m\n                        \u001b[33mdata-weight\u001b[39m=\u001b[32m\"bold\"\u001b[39m\n                      \u001b[36m>\u001b[39m\n                        \u001b[0mBusiness Reason\u001b[0m\n                      \u001b[36m</div>\u001b[39m\n                      \u001b[36m<div\u001b[39m\n                        \u001b[33mdata-testid\u001b[39m=\u001b[32m\"forge-textfield\"\u001b[39m\n                        \u001b[33mplaceholder\u001b[39m=\u001b[32m\"e.g. Stores user account data\"\u001b[39m\n                        \u001b[33mvalue\u001b[39m=\u001b[32m\"Payment records\"\u001b[39m\n                      \u001b[36m/>\u001b[39m\n                    \u001b[36m</div>\u001b[39m\n                    \u001b[36m<div\u001b[39m\n                      \u001b[33mdata-grow\u001b[39m=\u001b[32m\"fill\"\u001b[39m\n                      \u001b[33mdata-space\u001b[39m=\u001b[32m\"space.050\"\u001b[39m\n                      \u001b[33mdata-testid\u001b[39m=\u001b[32m\"forge-stack\"\u001b[39m\n                    \u001b[36m>\u001b[39m\n                      \u001b[36m<div\u001b[39m\n                        \u001b[33mdata-testid\u001b[39m=\u001b[32m\"forge-text\"\u001b[39m\n                        \u001b[33mdata-weight\u001b[39m=\u001b[32m\"bold\"\u001b[39m\n                      \u001b[36m>\u001b[39m\n                        \u001b[0mLoad Type\u001b[0m\n                      \u001b[36m</div>\u001b[39m\n                      \u001b[36m<div\u001b[39m\n                        \u001b[33mdata-isclearable\u001b[39m=\u001b[32m\"true\"\u001b[39m\n                        \u001b[33mdata-options\u001b[39m=\u001b[32m\"[{\\\"label\\\":\\\"Insert only\\\",\\\"value\\\":\\\"Insert only\\\"},{\\\"label\\\":\\\"Updatable\\\",\\\"value\\\":\\\"Updatable\\\"}]\"\u001b[39m\n                        \u001b[33mdata-testid\u001b[39m=\u001b[32m\"forge-select\"\u001b[39m\n                        \u001b[33mplaceholder\u001b[39m=\u001b[32m\"Select load type\"\u001b[39m\n                        \u001b[33mvalue\u001b[39m=\u001b[32m\"[object Object]\"\u001b[39m\n                      \u001b[36m/>\u001b[39m\n                    \u001b[36m</div>\u001b[39m\n                  \u001b[36m</div>\u001b[39m\n                \u001b[36m</div>\u001b[39m\n              \u001b[36m</div>\u001b[39m\n              \u001b[36m<div\u001b[39m\n                \u001b[33mdata-appearance\u001b[39m=\u001b[32m\"success\"\u001b[39m\n                \u001b[33mdata-testid\u001b[39m=\u001b[32m\"forge-sectionmessage\"\u001b[39m\n              \u001b[36m>\u001b[39m\n                \u001b[36m<div\u001b[39m\n                  \u001b[33mdata-testid\u001b[39m=\u001b[32m\"forge-text\"\u001b[39m\n                \u001b[36m>\u001b[39m\n                  \u001b[0mTable saved successfully\u001b[0m\n                \u001b[36m</div>\u001b[39m\n              \u001b[36m</div>\u001b[39m\n              \u001b[36m<div\u001b[39m\n                \u001b[33mdata-testid\u001b[39m=\u001b[32m\"forge-box\"\u001b[39m\n                \u001b[33mdata-xcss\u001b[39m=\u001b[32m\"{\\\"backgroundColor\\\":\\\"color.background.neutral\\\",\\\"padding\\\":\\\"space.100\\\"}\"\u001b[39m\n              \u001b[36m>\u001b[39m\n                \u001b[36m<div\u001b[39m\n                  ...\n\u001b[2m\u001b[22m\n\u001b[2m    \u001b[0m \u001b[90m 376 |\u001b[39m\u001b[22m\n\u001b[2m     \u001b[90m 377 |\u001b[39m     \u001b[36mawait\u001b[39m waitFor(() \u001b[33m=>\u001b[39m {\u001b[22m\n\u001b[2m    \u001b[31m\u001b[1m>\u001b[22m\u001b[2m\u001b[39m\u001b[90m 378 |\u001b[39m       expect(bridge\u001b[33m.\u001b[39minvocations)\u001b[33m.\u001b[39mtoContainEqual(\u001b[22m\n\u001b[2m     \u001b[90m     |\u001b[39m                                  \u001b[31m\u001b[1m^\u001b[22m\u001b[2m\u001b[39m\u001b[22m\n\u001b[2m     \u001b[90m 379 |\u001b[39m         expect\u001b[33m.\u001b[39mobjectContaining({\u001b[22m\n\u001b[2m     \u001b[90m 380 |\u001b[39m           functionKey\u001b[33m:\u001b[39m \u001b[32m'saveTableData'\u001b[39m\u001b[33m,\u001b[39m\u001b[22m\n\u001b[2m     \u001b[90m 381 |\u001b[39m           payload\u001b[33m:\u001b[39m {\u001b[0m\u001b[22m\n\u001b[2m\u001b[22m\n\u001b[2m      \u001b[2mat \u001b[22m\u001b[2m\u001b[0m\u001b[36msrc/frontend/__tests__/index.test.tsx\u001b[39m\u001b[0m\u001b[2m:378:34\u001b[22m\u001b[2m\u001b[22m\n\u001b[2m      \u001b[2mat runWithExpensiveErrorDiagnosticsDisabled (\u001b[22m\u001b[2mnode_modules/@testing-library/dom/dist/config.js\u001b[2m:47:12)\u001b[22m\u001b[2m\u001b[22m\n\u001b[2m      \u001b[2mat checkCallback (\u001b[22m\u001b[2mnode_modules/@testing-library/dom/dist/wait-for.js\u001b[2m:124:77)\u001b[22m\u001b[2m\u001b[22m\n\u001b[2m      \u001b[2mat checkRealTimersCallback (\u001b[22m\u001b[2mnode_modules/@testing-library/dom/dist/wait-for.js\u001b[2m:118:16)\u001b[22m\u001b[2m\u001b[22m\n\u001b[2m      \u001b[2mat Timeout.task [as _onTimeout] (\u001b[22m\u001b[2mnode_modules/jsdom/lib/jsdom/browser/Window.js\u001b[2m:579:19)\u001b[22m\u001b[2m\u001b[22m\n\n\u001b[1m\u001b[31m  \u001b[1m● \u001b[22m\u001b[1mApp › shows mock metadata in preview mode\u001b[39m\u001b[22m\n\n    \u001b[2mexpect(\u001b[22m\u001b[31mreceived\u001b[39m\u001b[2m).\u001b[22mtoContain\u001b[2m(\u001b[22m\u001b[32mexpected\u001b[39m\u001b[2m) // indexOf\u001b[22m\n\n    Expected value: \u001b[32m\"production\"\u001b[39m\n    Received array: \u001b[31m[\"user-service\", \"users\", \"Stores user account data\", \"user_id\", \"255\", \"age\", \"\", \"is_active\", \"\"]\u001b[39m\n\u001b[2m\u001b[22m\n\u001b[2m    \u001b[0m \u001b[90m 403 |\u001b[39m     expect(values)\u001b[33m.\u001b[39mtoContain(\u001b[32m'user-service'\u001b[39m)\u001b[33m;\u001b[39m\u001b[22m\n\u001b[2m     \u001b[90m 404 |\u001b[39m     expect(values)\u001b[33m.\u001b[39mtoContain(\u001b[32m'users'\u001b[39m)\u001b[33m;\u001b[39m\u001b[22m\n\u001b[2m    \u001b[31m\u001b[1m>\u001b[22m\u001b[2m\u001b[39m\u001b[90m 405 |\u001b[39m     expect(values)\u001b[33m.\u001b[39mtoContain(\u001b[32m'production'\u001b[39m)\u001b[33m;\u001b[39m\u001b[22m\n\u001b[2m     \u001b[90m     |\u001b[39m                    \u001b[31m\u001b[1m^\u001b[22m\u001b[2m\u001b[39m\u001b[22m\n\u001b[2m     \u001b[90m 406 |\u001b[39m     expect(values)\u001b[33m.\u001b[39mtoContain(\u001b[32m'Stores user account data'\u001b[39m)\u001b[33m;\u001b[39m\u001b[22m\n\u001b[2m     \u001b[90m 407 |\u001b[39m   })\u001b[33m;\u001b[39m\u001b[22m\n\u001b[2m     \u001b[90m 408 |\u001b[39m })\u001b[33m;\u001b[39m\u001b[0m\u001b[22m\n\u001b[2m\u001b[22m\n\u001b[2m      \u001b[2mat Object.<anonymous> (\u001b[22m\u001b[2m\u001b[0m\u001b[36msrc/frontend/__tests__/index.test.tsx\u001b[39m\u001b[0m\u001b[2m:405:20)\u001b[22m\u001b[2m\u001b[22m\n","name":"C:\\Users\\Sudeep\\Downloads\\data-dictionary\\src\\frontend\\__tests__\\index.test.tsx","startTime":1783840882770,"status":"failed","summary":""},{"assertionResults":[{"ancestorTitles":["getTableData"],"duration":1,"failing":false,"failureDetails":[],"failureMessages":[],"fullName":"getTableData returns null when no data exists (cold start)","invocations":1,"location":null,"numPassingAsserts":1,"retryReasons":[],"startAt":1783840889223,"status":"passed","title":"returns null when no data exists (cold start)"},{"ancestorTitles":["saveTableData"],"duration":2,"failing":false,"failureDetails":[],"failureMessages":[],"fullName":"saveTableData saves valid rows and getTableData retrieves them","invocations":1,"location":null,"numPassingAsserts":9,"retryReasons":[],"startAt":1783840889224,"status":"passed","title":"saves valid rows and getTableData retrieves them"},{"ancestorTitles":["saveTableData"],"duration":0,"failing":false,"failureDetails":[],"failureMessages":[],"fullName":"saveTableData persists data with a page-scoped storage key","invocations":1,"location":null,"numPassingAsserts":3,"retryReasons":[],"startAt":1783840889226,"status":"passed","title":"persists data with a page-scoped storage key"},{"ancestorTitles":["saveTableData"],"duration":1,"failing":false,"failureDetails":[],"failureMessages":[],"fullName":"saveTableData returns validation errors when dataType is missing","invocations":1,"location":null,"numPassingAsserts":3,"retryReasons":[],"startAt":1783840889226,"status":"passed","title":"returns validation errors when dataType is missing"},{"ancestorTitles":["saveTableData"],"duration":0,"failing":false,"failureDetails":[],"failureMessages":[],"fullName":"saveTableData returns validation errors when dataType is \"String\" but length is empty","invocations":1,"location":null,"numPassingAsserts":2,"retryReasons":[],"startAt":1783840889227,"status":"passed","title":"returns validation errors when dataType is \"String\" but length is empty"},{"ancestorTitles":["saveTableData"],"duration":1,"failing":false,"failureDetails":[],"failureMessages":[],"fullName":"saveTableData returns validation errors when length is not a positive integer","invocations":1,"location":null,"numPassingAsserts":8,"retryReasons":[],"startAt":1783840889227,"status":"passed","title":"returns validation errors when length is not a positive integer"},{"ancestorTitles":["saveTableData"],"duration":0,"failing":false,"failureDetails":[],"failureMessages":[],"fullName":"saveTableData accepts valid rows with non-string type and empty length","invocations":1,"location":null,"numPassingAsserts":2,"retryReasons":[],"startAt":1783840889229,"status":"passed","title":"accepts valid rows with non-string type and empty length"},{"ancestorTitles":["saveTableData"],"duration":0,"failing":false,"failureDetails":[],"failureMessages":[],"fullName":"saveTableData accepts valid rows with non-string type and valid length","invocations":1,"location":null,"numPassingAsserts":2,"retryReasons":[],"startAt":1783840889229,"status":"passed","title":"accepts valid rows with non-string type and valid length"},{"ancestorTitles":["saveTableData"],"duration":1,"failing":false,"failureDetails":[],"failureMessages":[],"fullName":"saveTableData returns validation errors when columnName is empty","invocations":1,"location":null,"numPassingAsserts":2,"retryReasons":[],"startAt":1783840889229,"status":"passed","title":"returns validation errors when columnName is empty"},{"ancestorTitles":["saveTableData"],"duration":0,"failing":false,"failureDetails":[],"failureMessages":[],"fullName":"saveTableData returns validation errors when sampleValue is empty","invocations":1,"location":null,"numPassingAsserts":2,"retryReasons":[],"startAt":1783840889230,"status":"passed","title":"returns validation errors when sampleValue is empty"},{"ancestorTitles":["saveTableData"],"duration":1,"failing":false,"failureDetails":[],"failureMessages":[],"fullName":"saveTableData returns default metadata for legacy records without metadata field","invocations":1,"location":null,"numPassingAsserts":4,"retryReasons":[],"startAt":1783840889230,"status":"passed","title":"returns default metadata for legacy records without metadata field"},{"ancestorTitles":["saveTableData"],"duration":0,"failing":false,"failureDetails":[],"failureMessages":[],"fullName":"saveTableData saves and retrieves metadata correctly","invocations":1,"location":null,"numPassingAsserts":5,"retryReasons":[],"startAt":1783840889231,"status":"passed","title":"saves and retrieves metadata correctly"},{"ancestorTitles":["validateRows"],"duration":0,"failing":false,"failureDetails":[],"failureMessages":[],"fullName":"validateRows returns empty array for valid rows","invocations":1,"location":null,"numPassingAsserts":1,"retryReasons":[],"startAt":1783840889232,"status":"passed","title":"returns empty array for valid rows"},{"ancestorTitles":["validateRows"],"duration":0,"failing":false,"failureDetails":[],"failureMessages":[],"fullName":"validateRows returns error when dataType is null","invocations":1,"location":null,"numPassingAsserts":1,"retryReasons":[],"startAt":1783840889232,"status":"passed","title":"returns error when dataType is null"},{"ancestorTitles":["validateRows"],"duration":1,"failing":false,"failureDetails":[],"failureMessages":[],"fullName":"validateRows returns error for invalid dataType value","invocations":1,"location":null,"numPassingAsserts":1,"retryReasons":[],"startAt":1783840889232,"status":"passed","title":"returns error for invalid dataType value"},{"ancestorTitles":["validateRows"],"duration":0,"failing":false,"failureDetails":[],"failureMessages":[],"fullName":"validateRows returns length-required error for String type with empty length","invocations":1,"location":null,"numPassingAsserts":1,"retryReasons":[],"startAt":1783840889233,"status":"passed","title":"returns length-required error for String type with empty length"},{"ancestorTitles":["validateRows"],"duration":0,"failing":false,"failureDetails":[],"failureMessages":[],"fullName":"validateRows validates length as positive integer when provided","invocations":1,"location":null,"numPassingAsserts":7,"retryReasons":[],"startAt":1783840889233,"status":"passed","title":"validates length as positive integer when provided"},{"ancestorTitles":["validateRows"],"duration":0,"failing":false,"failureDetails":[],"failureMessages":[],"fullName":"validateRows accepts valid positive integer lengths","invocations":1,"location":null,"numPassingAsserts":4,"retryReasons":[],"startAt":1783840889234,"status":"passed","title":"accepts valid positive integer lengths"},{"ancestorTitles":["validateRows"],"duration":0,"failing":false,"failureDetails":[],"failureMessages":[],"fullName":"validateRows can return multiple errors for the same row","invocations":1,"location":null,"numPassingAsserts":1,"retryReasons":[],"startAt":1783840889234,"status":"passed","title":"can return multiple errors for the same row"},{"ancestorTitles":["validateRows"],"duration":1,"failing":false,"failureDetails":[],"failureMessages":[],"fullName":"validateRows validates each row independently","invocations":1,"location":null,"numPassingAsserts":2,"retryReasons":[],"startAt":1783840889234,"status":"passed","title":"validates each row independently"},{"ancestorTitles":["validateRows"],"duration":0,"failing":false,"failureDetails":[],"failureMessages":[],"fullName":"validateRows returns empty array for empty rows array","invocations":1,"location":null,"numPassingAsserts":1,"retryReasons":[],"startAt":1783840889235,"status":"passed","title":"returns empty array for empty rows array"},{"ancestorTitles":["validateRows"],"duration":3,"failing":false,"failureDetails":[],"failureMessages":[],"fullName":"validateRows returns error when columnName is empty","invocations":1,"location":null,"numPassingAsserts":1,"retryReasons":[],"startAt":1783840889235,"status":"passed","title":"returns error when columnName is empty"},{"ancestorTitles":["validateRows"],"duration":0,"failing":false,"failureDetails":[],"failureMessages":[],"fullName":"validateRows returns error when sampleValue is empty","invocations":1,"location":null,"numPassingAsserts":1,"retryReasons":[],"startAt":1783840889238,"status":"passed","title":"returns error when sampleValue is empty"}],"endTime":1783840889239,"message":"","name":"C:\\Users\\Sudeep\\Downloads\\data-dictionary\\src\\resolvers\\__tests__\\index.test.ts","startTime":1783840888863,"status":"passed","summary":""}],"wasInterrupted":false}
