{"/opt/service/workspace/app/src/index.ts": {"path":"/opt/service/workspace/app/src/index.ts","statementMap":{"0":{"start":{"line":1,"column":0},"end":{"line":1,"column":9}},"1":{"start":{"line":1,"column":9},"end":{"line":1,"column":38}}},"fnMap":{"0":{"name":"(anonymous_0)","decl":{"start":{"line":1,"column":9},"end":{"line":1,"column":16}},"loc":{"start":{"line":1,"column":9},"end":{"line":1,"column":38}}}},"branchMap":{},"s":{"0":0,"1":0},"f":{"0":0},"b":{}}
,"/opt/service/workspace/app/src/setupTests.ts": {"path":"/opt/service/workspace/app/src/setupTests.ts","statementMap":{"0":{"start":{"line":1,"column":0},"end":{"line":1,"column":35}},"1":{"start":{"line":9,"column":0},"end":{"line":28,"column":1}},"2":{"start":{"line":10,"column":2},"end":{"line":27,"column":34}},"3":{"start":{"line":17,"column":6},"end":{"line":17,"column":30}},"4":{"start":{"line":18,"column":6},"end":{"line":18,"column":40}},"5":{"start":{"line":19,"column":6},"end":{"line":19,"column":56}},"6":{"start":{"line":20,"column":6},"end":{"line":22,"column":75}},"7":{"start":{"line":25,"column":19},"end":{"line":25,"column":49}},"8":{"start":{"line":26,"column":19},"end":{"line":26,"column":37}}},"fnMap":{"0":{"name":"(anonymous_0)","decl":{"start":{"line":16,"column":4},"end":{"line":16,"column":16}},"loc":{"start":{"line":16,"column":108},"end":{"line":23,"column":5}}},"1":{"name":"(anonymous_1)","decl":{"start":{"line":25,"column":4},"end":{"line":25,"column":9}},"loc":{"start":{"line":25,"column":14},"end":{"line":25,"column":51}}},"2":{"name":"(anonymous_2)","decl":{"start":{"line":26,"column":4},"end":{"line":26,"column":9}},"loc":{"start":{"line":26,"column":14},"end":{"line":26,"column":39}}}},"branchMap":{"0":{"loc":{"start":{"line":9,"column":0},"end":{"line":28,"column":1}},"type":"if","locations":[{"start":{"line":9,"column":0},"end":{"line":28,"column":1}},{"start":{},"end":{}}]},"1":{"loc":{"start":{"line":17,"column":19},"end":{"line":17,"column":29}},"type":"binary-expr","locations":[{"start":{"line":17,"column":19},"end":{"line":17,"column":23}},{"start":{"line":17,"column":27},"end":{"line":17,"column":29}}]},"2":{"loc":{"start":{"line":18,"column":20},"end":{"line":18,"column":39}},"type":"binary-expr","locations":[{"start":{"line":18,"column":20},"end":{"line":18,"column":32}},{"start":{"line":18,"column":36},"end":{"line":18,"column":39}}]},"3":{"loc":{"start":{"line":19,"column":16},"end":{"line":19,"column":55}},"type":"binary-expr","locations":[{"start":{"line":19,"column":16},"end":{"line":19,"column":34}},{"start":{"line":19,"column":38},"end":{"line":19,"column":55}}]},"4":{"loc":{"start":{"line":20,"column":21},"end":{"line":22,"column":74}},"type":"cond-expr","locations":[{"start":{"line":21,"column":10},"end":{"line":21,"column":22}},{"start":{"line":22,"column":10},"end":{"line":22,"column":74}}]}},"s":{"0":0,"1":0,"2":0,"3":0,"4":0,"5":0,"6":0,"7":0,"8":0},"f":{"0":0,"1":0,"2":0},"b":{"0":[0,0],"1":[0,0],"2":[0,0],"3":[0,0],"4":[0,0]}}
,"/opt/service/workspace/app/src/__tests__/forge-context-api.test.ts": {"path":"/opt/service/workspace/app/src/__tests__/forge-context-api.test.ts","statementMap":{"0":{"start":{"line":1,"column":0},"end":{"line":1,"column":53}},"1":{"start":{"line":2,"column":0},"end":{"line":2,"column":64}},"2":{"start":{"line":6,"column":0},"end":{"line":31,"column":3}},"3":{"start":{"line":7,"column":2},"end":{"line":13,"column":5}},"4":{"start":{"line":8,"column":16},"end":{"line":10,"column":6}},"5":{"start":{"line":11,"column":4},"end":{"line":11,"column":51}},"6":{"start":{"line":12,"column":4},"end":{"line":12,"column":58}},"7":{"start":{"line":15,"column":2},"end":{"line":20,"column":5}},"8":{"start":{"line":16,"column":16},"end":{"line":16,"column":58}},"9":{"start":{"line":17,"column":4},"end":{"line":17,"column":58}},"10":{"start":{"line":18,"column":4},"end":{"line":18,"column":46}},"11":{"start":{"line":19,"column":4},"end":{"line":19,"column":48}},"12":{"start":{"line":22,"column":2},"end":{"line":30,"column":5}},"13":{"start":{"line":23,"column":16},"end":{"line":25,"column":6}},"14":{"start":{"line":26,"column":4},"end":{"line":26,"column":51}},"15":{"start":{"line":28,"column":4},"end":{"line":28,"column":51}},"16":{"start":{"line":29,"column":4},"end":{"line":29,"column":53}}},"fnMap":{"0":{"name":"(anonymous_0)","decl":{"start":{"line":6,"column":30},"end":{"line":6,"column":33}},"loc":{"start":{"line":6,"column":35},"end":{"line":31,"column":1}}},"1":{"name":"(anonymous_1)","decl":{"start":{"line":7,"column":67},"end":{"line":7,"column":70}},"loc":{"start":{"line":7,"column":72},"end":{"line":13,"column":3}}},"2":{"name":"(anonymous_2)","decl":{"start":{"line":15,"column":50},"end":{"line":15,"column":53}},"loc":{"start":{"line":15,"column":55},"end":{"line":20,"column":3}}},"3":{"name":"(anonymous_3)","decl":{"start":{"line":22,"column":32},"end":{"line":22,"column":35}},"loc":{"start":{"line":22,"column":37},"end":{"line":30,"column":3}}}},"branchMap":{},"s":{"0":0,"1":0,"2":0,"3":0,"4":0,"5":0,"6":0,"7":0,"8":0,"9":0,"10":0,"11":0,"12":0,"13":0,"14":0,"15":0,"16":0},"f":{"0":0,"1":0,"2":0,"3":0},"b":{}}
,"/opt/service/workspace/app/src/__tests__/integration.test.ts": {"path":"/opt/service/workspace/app/src/__tests__/integration.test.ts","statementMap":{"0":{"start":{"line":1,"column":0},"end":{"line":1,"column":61}},"1":{"start":{"line":2,"column":0},"end":{"line":2,"column":45}},"2":{"start":{"line":4,"column":0},"end":{"line":4,"column":46}},"3":{"start":{"line":6,"column":16},"end":{"line":9,"column":2}},"4":{"start":{"line":11,"column":38},"end":{"line":17,"column":2}},"5":{"start":{"line":19,"column":0},"end":{"line":21,"column":3}},"6":{"start":{"line":20,"column":2},"end":{"line":20,"column":18}},"7":{"start":{"line":23,"column":0},"end":{"line":168,"column":3}},"8":{"start":{"line":24,"column":2},"end":{"line":54,"column":5}},"9":{"start":{"line":25,"column":29},"end":{"line":29,"column":6}},"10":{"start":{"line":32,"column":23},"end":{"line":34,"column":6}},"11":{"start":{"line":35,"column":4},"end":{"line":35,"column":47}},"12":{"start":{"line":38,"column":22},"end":{"line":40,"column":6}},"13":{"start":{"line":41,"column":4},"end":{"line":41,"column":42}},"14":{"start":{"line":42,"column":4},"end":{"line":42,"column":60}},"15":{"start":{"line":43,"column":4},"end":{"line":43,"column":48}},"16":{"start":{"line":44,"column":4},"end":{"line":46,"column":6}},"17":{"start":{"line":47,"column":4},"end":{"line":49,"column":6}},"18":{"start":{"line":50,"column":4},"end":{"line":52,"column":6}},"19":{"start":{"line":53,"column":4},"end":{"line":53,"column":51}},"20":{"start":{"line":56,"column":2},"end":{"line":61,"column":5}},"21":{"start":{"line":57,"column":19},"end":{"line":59,"column":6}},"22":{"start":{"line":60,"column":4},"end":{"line":60,"column":35}},"23":{"start":{"line":63,"column":2},"end":{"line":116,"column":5}},"24":{"start":{"line":64,"column":37},"end":{"line":70,"column":6}},"25":{"start":{"line":71,"column":37},"end":{"line":77,"column":6}},"26":{"start":{"line":79,"column":30},"end":{"line":81,"column":6}},"27":{"start":{"line":82,"column":30},"end":{"line":85,"column":6}},"28":{"start":{"line":88,"column":18},"end":{"line":90,"column":6}},"29":{"start":{"line":91,"column":4},"end":{"line":91,"column":42}},"30":{"start":{"line":94,"column":18},"end":{"line":96,"column":6}},"31":{"start":{"line":97,"column":4},"end":{"line":97,"column":42}},"32":{"start":{"line":100,"column":17},"end":{"line":102,"column":6}},"33":{"start":{"line":103,"column":4},"end":{"line":103,"column":43}},"34":{"start":{"line":104,"column":4},"end":{"line":104,"column":44}},"35":{"start":{"line":105,"column":4},"end":{"line":105,"column":54}},"36":{"start":{"line":106,"column":4},"end":{"line":106,"column":50}},"37":{"start":{"line":109,"column":17},"end":{"line":111,"column":6}},"38":{"start":{"line":112,"column":4},"end":{"line":112,"column":43}},"39":{"start":{"line":113,"column":4},"end":{"line":113,"column":44}},"40":{"start":{"line":114,"column":4},"end":{"line":114,"column":44}},"41":{"start":{"line":115,"column":4},"end":{"line":115,"column":50}},"42":{"start":{"line":118,"column":2},"end":{"line":134,"column":5}},"43":{"start":{"line":120,"column":4},"end":{"line":125,"column":7}},"44":{"start":{"line":128,"column":19},"end":{"line":130,"column":6}},"45":{"start":{"line":131,"column":4},"end":{"line":131,"column":39}},"46":{"start":{"line":132,"column":4},"end":{"line":132,"column":45}},"47":{"start":{"line":133,"column":4},"end":{"line":133,"column":63}},"48":{"start":{"line":136,"column":2},"end":{"line":167,"column":5}},"49":{"start":{"line":137,"column":40},"end":{"line":143,"column":6}},"50":{"start":{"line":144,"column":29},"end":{"line":146,"column":6}},"51":{"start":{"line":149,"column":23},"end":{"line":151,"column":6}},"52":{"start":{"line":152,"column":4},"end":{"line":152,"column":47}},"53":{"start":{"line":155,"column":22},"end":{"line":157,"column":6}},"54":{"start":{"line":158,"column":4},"end":{"line":158,"column":42}},"55":{"start":{"line":159,"column":4},"end":{"line":159,"column":58}},"56":{"start":{"line":160,"column":4},"end":{"line":160,"column":71}},"57":{"start":{"line":161,"column":4},"end":{"line":161,"column":65}},"58":{"start":{"line":162,"column":4},"end":{"line":162,"column":67}},"59":{"start":{"line":163,"column":4},"end":{"line":163,"column":107}},"60":{"start":{"line":164,"column":4},"end":{"line":164,"column":63}},"61":{"start":{"line":165,"column":4},"end":{"line":165,"column":48}},"62":{"start":{"line":166,"column":4},"end":{"line":166,"column":51}}},"fnMap":{"0":{"name":"(anonymous_0)","decl":{"start":{"line":19,"column":11},"end":{"line":19,"column":14}},"loc":{"start":{"line":19,"column":16},"end":{"line":21,"column":1}}},"1":{"name":"(anonymous_1)","decl":{"start":{"line":23,"column":50},"end":{"line":23,"column":53}},"loc":{"start":{"line":23,"column":55},"end":{"line":168,"column":1}}},"2":{"name":"(anonymous_2)","decl":{"start":{"line":24,"column":55},"end":{"line":24,"column":60}},"loc":{"start":{"line":24,"column":66},"end":{"line":54,"column":3}}},"3":{"name":"(anonymous_3)","decl":{"start":{"line":56,"column":32},"end":{"line":56,"column":37}},"loc":{"start":{"line":56,"column":43},"end":{"line":61,"column":3}}},"4":{"name":"(anonymous_4)","decl":{"start":{"line":63,"column":49},"end":{"line":63,"column":54}},"loc":{"start":{"line":63,"column":60},"end":{"line":116,"column":3}}},"5":{"name":"(anonymous_5)","decl":{"start":{"line":118,"column":80},"end":{"line":118,"column":85}},"loc":{"start":{"line":118,"column":91},"end":{"line":134,"column":3}}},"6":{"name":"(anonymous_6)","decl":{"start":{"line":136,"column":63},"end":{"line":136,"column":68}},"loc":{"start":{"line":136,"column":74},"end":{"line":167,"column":3}}}},"branchMap":{},"s":{"0":0,"1":0,"2":0,"3":0,"4":0,"5":0,"6":0,"7":0,"8":0,"9":0,"10":0,"11":0,"12":0,"13":0,"14":0,"15":0,"16":0,"17":0,"18":0,"19":0,"20":0,"21":0,"22":0,"23":0,"24":0,"25":0,"26":0,"27":0,"28":0,"29":0,"30":0,"31":0,"32":0,"33":0,"34":0,"35":0,"36":0,"37":0,"38":0,"39":0,"40":0,"41":0,"42":0,"43":0,"44":0,"45":0,"46":0,"47":0,"48":0,"49":0,"50":0,"51":0,"52":0,"53":0,"54":0,"55":0,"56":0,"57":0,"58":0,"59":0,"60":0,"61":0,"62":0},"f":{"0":0,"1":0,"2":0,"3":0,"4":0,"5":0,"6":0},"b":{}}
,"/opt/service/workspace/app/src/frontend/index.tsx": {"path":"/opt/service/workspace/app/src/frontend/index.tsx","statementMap":{"0":{"start":{"line":1,"column":0},"end":{"line":1,"column":73}},"1":{"start":{"line":2,"column":0},"end":{"line":2,"column":null}},"2":{"start":{"line":18,"column":0},"end":{"line":18,"column":39}},"3":{"start":{"line":19,"column":0},"end":{"line":19,"column":34}},"4":{"start":{"line":20,"column":0},"end":{"line":20,"column":88}},"5":{"start":{"line":22,"column":0},"end":{"line":22,"column":46}},"6":{"start":{"line":25,"column":27},"end":{"line":25,"column":95}},"7":{"start":{"line":26,"column":26},"end":{"line":26,"column":81}},"8":{"start":{"line":26,"column":57},"end":{"line":26,"column":79}},"9":{"start":{"line":27,"column":35},"end":{"line":30,"column":2}},"10":{"start":{"line":32,"column":26},"end":{"line":35,"column":2}},"11":{"start":{"line":37,"column":37},"end":{"line":43,"column":2}},"12":{"start":{"line":45,"column":30},"end":{"line":49,"column":2}},"13":{"start":{"line":52,"column":2},"end":{"line":52,"column":116}},"14":{"start":{"line":57,"column":24},"end":{"line":59,"column":2}},"15":{"start":{"line":61,"column":26},"end":{"line":64,"column":2}},"16":{"start":{"line":66,"column":18},"end":{"line":71,"column":2}},"17":{"start":{"line":73,"column":19},"end":{"line":75,"column":2}},"18":{"start":{"line":77,"column":24},"end":{"line":82,"column":2}},"19":{"start":{"line":84,"column":24},"end":{"line":86,"column":2}},"20":{"start":{"line":88,"column":32},"end":{"line":95,"column":2}},"21":{"start":{"line":99,"column":28},"end":{"line":103,"column":2}},"22":{"start":{"line":105,"column":26},"end":{"line":109,"column":2}},"23":{"start":{"line":111,"column":24},"end":{"line":115,"column":2}},"24":{"start":{"line":117,"column":26},"end":{"line":122,"column":2}},"25":{"start":{"line":124,"column":31},"end":{"line":128,"column":2}},"26":{"start":{"line":130,"column":32},"end":{"line":135,"column":2}},"27":{"start":{"line":137,"column":29},"end":{"line":141,"column":2}},"28":{"start":{"line":143,"column":21},"end":{"line":148,"column":2}},"29":{"start":{"line":150,"column":25},"end":{"line":154,"column":2}},"30":{"start":{"line":159,"column":36},"end":{"line":159,"column":38}},"31":{"start":{"line":161,"column":2},"end":{"line":191,"column":3}},"32":{"start":{"line":163,"column":4},"end":{"line":165,"column":5}},"33":{"start":{"line":164,"column":6},"end":{"line":164,"column":94}},"34":{"start":{"line":168,"column":4},"end":{"line":172,"column":5}},"35":{"start":{"line":169,"column":6},"end":{"line":169,"column":89}},"36":{"start":{"line":170,"column":11},"end":{"line":172,"column":5}},"37":{"start":{"line":171,"column":6},"end":{"line":171,"column":91}},"38":{"start":{"line":175,"column":4},"end":{"line":177,"column":5}},"39":{"start":{"line":176,"column":6},"end":{"line":176,"column":111}},"40":{"start":{"line":180,"column":4},"end":{"line":185,"column":5}},"41":{"start":{"line":181,"column":21},"end":{"line":181,"column":39}},"42":{"start":{"line":182,"column":6},"end":{"line":184,"column":7}},"43":{"start":{"line":183,"column":8},"end":{"line":183,"column":102}},"44":{"start":{"line":188,"column":4},"end":{"line":190,"column":5}},"45":{"start":{"line":189,"column":6},"end":{"line":189,"column":96}},"46":{"start":{"line":193,"column":2},"end":{"line":193,"column":16}},"47":{"start":{"line":197,"column":2},"end":{"line":197,"column":77}},"48":{"start":{"line":197,"column":28},"end":{"line":197,"column":66}},"49":{"start":{"line":202,"column":19},"end":{"line":671,"column":1}},"50":{"start":{"line":203,"column":18},"end":{"line":203,"column":37}},"51":{"start":{"line":204,"column":18},"end":{"line":204,"column":69}},"52":{"start":{"line":206,"column":18},"end":{"line":206,"column":52}},"53":{"start":{"line":206,"column":32},"end":{"line":206,"column":47}},"54":{"start":{"line":207,"column":26},"end":{"line":207,"column":80}},"55":{"start":{"line":207,"column":54},"end":{"line":207,"column":78}},"56":{"start":{"line":208,"column":34},"end":{"line":208,"column":111}},"57":{"start":{"line":208,"column":64},"end":{"line":208,"column":110}},"58":{"start":{"line":209,"column":32},"end":{"line":209,"column":56}},"59":{"start":{"line":209,"column":47},"end":{"line":209,"column":55}},"60":{"start":{"line":210,"column":30},"end":{"line":210,"column":45}},"61":{"start":{"line":211,"column":50},"end":{"line":211,"column":81}},"62":{"start":{"line":212,"column":40},"end":{"line":212,"column":106}},"63":{"start":{"line":215,"column":2},"end":{"line":217,"column":9}},"64":{"start":{"line":216,"column":4},"end":{"line":216,"column":31}},"65":{"start":{"line":220,"column":2},"end":{"line":239,"column":25}},"66":{"start":{"line":221,"column":4},"end":{"line":223,"column":5}},"67":{"start":{"line":222,"column":6},"end":{"line":222,"column":13}},"68":{"start":{"line":225,"column":4},"end":{"line":238,"column":9}},"69":{"start":{"line":227,"column":8},"end":{"line":227,"column":34}},"70":{"start":{"line":228,"column":8},"end":{"line":228,"column":60}},"71":{"start":{"line":229,"column":8},"end":{"line":229,"column":26}},"72":{"start":{"line":232,"column":8},"end":{"line":232,"column":59}},"73":{"start":{"line":233,"column":8},"end":{"line":236,"column":11}},"74":{"start":{"line":237,"column":8},"end":{"line":237,"column":26}},"75":{"start":{"line":241,"column":33},"end":{"line":246,"column":null}},"76":{"start":{"line":243,"column":6},"end":{"line":243,"column":93}},"77":{"start":{"line":243,"column":24},"end":{"line":243,"column":91}},"78":{"start":{"line":243,"column":41},"end":{"line":243,"column":89}},"79":{"start":{"line":244,"column":6},"end":{"line":244,"column":106}},"80":{"start":{"line":244,"column":36},"end":{"line":244,"column":104}},"81":{"start":{"line":244,"column":55},"end":{"line":244,"column":103}},"82":{"start":{"line":249,"column":31},"end":{"line":259,"column":null}},"83":{"start":{"line":251,"column":6},"end":{"line":255,"column":8}},"84":{"start":{"line":252,"column":8},"end":{"line":253,"column":null}},"85":{"start":{"line":253,"column":10},"end":{"line":253,"column":98}},"86":{"start":{"line":257,"column":6},"end":{"line":257,"column":130}},"87":{"start":{"line":257,"column":36},"end":{"line":257,"column":128}},"88":{"start":{"line":257,"column":55},"end":{"line":257,"column":127}},"89":{"start":{"line":262,"column":29},"end":{"line":267,"column":null}},"90":{"start":{"line":264,"column":6},"end":{"line":264,"column":89}},"91":{"start":{"line":264,"column":24},"end":{"line":264,"column":87}},"92":{"start":{"line":264,"column":41},"end":{"line":264,"column":85}},"93":{"start":{"line":265,"column":6},"end":{"line":265,"column":102}},"94":{"start":{"line":265,"column":36},"end":{"line":265,"column":100}},"95":{"start":{"line":265,"column":55},"end":{"line":265,"column":99}},"96":{"start":{"line":270,"column":31},"end":{"line":274,"column":null}},"97":{"start":{"line":272,"column":6},"end":{"line":272,"column":95}},"98":{"start":{"line":272,"column":24},"end":{"line":272,"column":93}},"99":{"start":{"line":272,"column":41},"end":{"line":272,"column":91}},"100":{"start":{"line":277,"column":39},"end":{"line":285,"column":null}},"101":{"start":{"line":279,"column":6},"end":{"line":283,"column":8}},"102":{"start":{"line":280,"column":8},"end":{"line":281,"column":null}},"103":{"start":{"line":281,"column":10},"end":{"line":281,"column":114}},"104":{"start":{"line":288,"column":37},"end":{"line":292,"column":null}},"105":{"start":{"line":290,"column":6},"end":{"line":290,"column":101}},"106":{"start":{"line":290,"column":24},"end":{"line":290,"column":99}},"107":{"start":{"line":290,"column":41},"end":{"line":290,"column":97}},"108":{"start":{"line":295,"column":34},"end":{"line":300,"column":null}},"109":{"start":{"line":297,"column":6},"end":{"line":297,"column":94}},"110":{"start":{"line":297,"column":24},"end":{"line":297,"column":92}},"111":{"start":{"line":297,"column":41},"end":{"line":297,"column":90}},"112":{"start":{"line":298,"column":6},"end":{"line":298,"column":107}},"113":{"start":{"line":298,"column":36},"end":{"line":298,"column":105}},"114":{"start":{"line":298,"column":55},"end":{"line":298,"column":104}},"115":{"start":{"line":303,"column":26},"end":{"line":307,"column":null}},"116":{"start":{"line":305,"column":6},"end":{"line":305,"column":90}},"117":{"start":{"line":305,"column":24},"end":{"line":305,"column":88}},"118":{"start":{"line":305,"column":41},"end":{"line":305,"column":86}},"119":{"start":{"line":310,"column":30},"end":{"line":314,"column":null}},"120":{"start":{"line":312,"column":6},"end":{"line":312,"column":75}},"121":{"start":{"line":312,"column":29},"end":{"line":312,"column":72}},"122":{"start":{"line":317,"column":32},"end":{"line":321,"column":null}},"123":{"start":{"line":319,"column":6},"end":{"line":319,"column":77}},"124":{"start":{"line":319,"column":29},"end":{"line":319,"column":74}},"125":{"start":{"line":324,"column":34},"end":{"line":328,"column":null}},"126":{"start":{"line":326,"column":6},"end":{"line":326,"column":79}},"127":{"start":{"line":326,"column":29},"end":{"line":326,"column":76}},"128":{"start":{"line":331,"column":37},"end":{"line":335,"column":null}},"129":{"start":{"line":333,"column":6},"end":{"line":333,"column":82}},"130":{"start":{"line":333,"column":29},"end":{"line":333,"column":79}},"131":{"start":{"line":338,"column":31},"end":{"line":342,"column":null}},"132":{"start":{"line":340,"column":6},"end":{"line":340,"column":107}},"133":{"start":{"line":340,"column":29},"end":{"line":340,"column":104}},"134":{"start":{"line":345,"column":23},"end":{"line":358,"column":8}},"135":{"start":{"line":346,"column":29},"end":{"line":356,"column":6}},"136":{"start":{"line":357,"column":4},"end":{"line":357,"column":41}},"137":{"start":{"line":357,"column":22},"end":{"line":357,"column":39}},"138":{"start":{"line":360,"column":26},"end":{"line":363,"column":8}},"139":{"start":{"line":361,"column":4},"end":{"line":361,"column":58}},"140":{"start":{"line":361,"column":22},"end":{"line":361,"column":56}},"141":{"start":{"line":361,"column":41},"end":{"line":361,"column":55}},"142":{"start":{"line":362,"column":4},"end":{"line":362,"column":73}},"143":{"start":{"line":362,"column":34},"end":{"line":362,"column":71}},"144":{"start":{"line":362,"column":53},"end":{"line":362,"column":70}},"145":{"start":{"line":365,"column":21},"end":{"line":408,"column":40}},"146":{"start":{"line":367,"column":4},"end":{"line":367,"column":25}},"147":{"start":{"line":370,"column":19},"end":{"line":370,"column":37}},"148":{"start":{"line":371,"column":4},"end":{"line":371,"column":32}},"149":{"start":{"line":372,"column":4},"end":{"line":374,"column":5}},"150":{"start":{"line":373,"column":6},"end":{"line":373,"column":13}},"151":{"start":{"line":376,"column":4},"end":{"line":380,"column":5}},"152":{"start":{"line":377,"column":6},"end":{"line":377,"column":91}},"153":{"start":{"line":378,"column":6},"end":{"line":378,"column":62}},"154":{"start":{"line":378,"column":34},"end":{"line":378,"column":54}},"155":{"start":{"line":379,"column":6},"end":{"line":379,"column":13}},"156":{"start":{"line":382,"column":4},"end":{"line":382,"column":20}},"157":{"start":{"line":383,"column":4},"end":{"line":407,"column":5}},"158":{"start":{"line":384,"column":23},"end":{"line":384,"column":104}},"159":{"start":{"line":385,"column":6},"end":{"line":396,"column":7}},"160":{"start":{"line":386,"column":8},"end":{"line":386,"column":78}},"161":{"start":{"line":387,"column":8},"end":{"line":387,"column":64}},"162":{"start":{"line":387,"column":36},"end":{"line":387,"column":56}},"163":{"start":{"line":389,"column":29},"end":{"line":389,"column":45}},"164":{"start":{"line":390,"column":8},"end":{"line":395,"column":9}},"165":{"start":{"line":391,"column":10},"end":{"line":391,"column":44}},"166":{"start":{"line":392,"column":10},"end":{"line":392,"column":101}},"167":{"start":{"line":394,"column":10},"end":{"line":394,"column":79}},"168":{"start":{"line":398,"column":18},"end":{"line":398,"column":75}},"169":{"start":{"line":399,"column":6},"end":{"line":399,"column":55}},"170":{"start":{"line":400,"column":6},"end":{"line":403,"column":9}},"171":{"start":{"line":404,"column":6},"end":{"line":404,"column":75}},"172":{"start":{"line":406,"column":6},"end":{"line":406,"column":23}},"173":{"start":{"line":411,"column":2},"end":{"line":417,"column":3}},"174":{"start":{"line":412,"column":4},"end":{"line":416,"column":6}},"175":{"start":{"line":419,"column":2},"end":{"line":670,"column":4}},"176":{"start":{"line":507,"column":34},"end":{"line":507,"column":87}},"177":{"start":{"line":508,"column":32},"end":{"line":508,"column":83}},"178":{"start":{"line":509,"column":30},"end":{"line":509,"column":79}},"179":{"start":{"line":510,"column":35},"end":{"line":510,"column":89}},"180":{"start":{"line":511,"column":35},"end":{"line":511,"column":60}},"181":{"start":{"line":513,"column":10},"end":{"line":647,"column":12}},"182":{"start":{"line":523,"column":74},"end":{"line":523,"column":127}},"183":{"start":{"line":542,"column":87},"end":{"line":542,"column":123}},"184":{"start":{"line":562,"column":76},"end":{"line":562,"column":125}},"185":{"start":{"line":585,"column":39},"end":{"line":585,"column":94}},"186":{"start":{"line":595,"column":83},"end":{"line":595,"column":127}},"187":{"start":{"line":606,"column":39},"end":{"line":606,"column":100}},"188":{"start":{"line":617,"column":74},"end":{"line":617,"column":128}},"189":{"start":{"line":634,"column":39},"end":{"line":634,"column":89}},"190":{"start":{"line":641,"column":61},"end":{"line":641,"column":84}},"191":{"start":{"line":202,"column":13},"end":{"line":202,"column":19}},"192":{"start":{"line":673,"column":0},"end":{"line":677,"column":2}}},"fnMap":{"0":{"name":"(anonymous_9)","decl":{"start":{"line":26,"column":49},"end":{"line":26,"column":50}},"loc":{"start":{"line":26,"column":57},"end":{"line":26,"column":79}}},"1":{"name":"isPreviewMode","decl":{"start":{"line":51,"column":9},"end":{"line":51,"column":22}},"loc":{"start":{"line":51,"column":22},"end":{"line":53,"column":1}}},"2":{"name":"validateRows","decl":{"start":{"line":158,"column":9},"end":{"line":158,"column":21}},"loc":{"start":{"line":158,"column":38},"end":{"line":194,"column":1}}},"3":{"name":"getFieldError","decl":{"start":{"line":196,"column":9},"end":{"line":196,"column":22}},"loc":{"start":{"line":196,"column":87},"end":{"line":198,"column":1}}},"4":{"name":"(anonymous_13)","decl":{"start":{"line":197,"column":21},"end":{"line":197,"column":22}},"loc":{"start":{"line":197,"column":28},"end":{"line":197,"column":66}}},"5":{"name":"(anonymous_14)","decl":{"start":{"line":202,"column":19},"end":{"line":202,"column":35}},"loc":{"start":{"line":202,"column":37},"end":{"line":671,"column":1}}},"6":{"name":"(anonymous_15)","decl":{"start":{"line":206,"column":26},"end":{"line":206,"column":29}},"loc":{"start":{"line":206,"column":32},"end":{"line":206,"column":47}}},"7":{"name":"(anonymous_16)","decl":{"start":{"line":207,"column":47},"end":{"line":207,"column":50}},"loc":{"start":{"line":207,"column":54},"end":{"line":207,"column":78}}},"8":{"name":"(anonymous_17)","decl":{"start":{"line":208,"column":58},"end":{"line":208,"column":61}},"loc":{"start":{"line":208,"column":64},"end":{"line":208,"column":110}}},"9":{"name":"(anonymous_18)","decl":{"start":{"line":209,"column":41},"end":{"line":209,"column":44}},"loc":{"start":{"line":209,"column":47},"end":{"line":209,"column":55}}},"10":{"name":"(anonymous_19)","decl":{"start":{"line":215,"column":12},"end":{"line":215,"column":15}},"loc":{"start":{"line":215,"column":17},"end":{"line":217,"column":3}}},"11":{"name":"(anonymous_20)","decl":{"start":{"line":220,"column":12},"end":{"line":220,"column":15}},"loc":{"start":{"line":220,"column":17},"end":{"line":239,"column":3}}},"12":{"name":"(anonymous_21)","decl":{"start":{"line":226,"column":12},"end":{"line":226,"column":13}},"loc":{"start":{"line":226,"column":21},"end":{"line":230,"column":7}}},"13":{"name":"(anonymous_22)","decl":{"start":{"line":231,"column":13},"end":{"line":231,"column":14}},"loc":{"start":{"line":231,"column":30},"end":{"line":238,"column":7}}},"14":{"name":"(anonymous_23)","decl":{"start":{"line":242,"column":4},"end":{"line":242,"column":5}},"loc":{"start":{"line":242,"column":37},"end":{"line":245,"column":5}}},"15":{"name":"(anonymous_24)","decl":{"start":{"line":243,"column":14},"end":{"line":243,"column":15}},"loc":{"start":{"line":243,"column":24},"end":{"line":243,"column":91}}},"16":{"name":"(anonymous_25)","decl":{"start":{"line":243,"column":33},"end":{"line":243,"column":34}},"loc":{"start":{"line":243,"column":41},"end":{"line":243,"column":89}}},"17":{"name":"(anonymous_26)","decl":{"start":{"line":244,"column":26},"end":{"line":244,"column":27}},"loc":{"start":{"line":244,"column":36},"end":{"line":244,"column":104}}},"18":{"name":"(anonymous_27)","decl":{"start":{"line":244,"column":48},"end":{"line":244,"column":49}},"loc":{"start":{"line":244,"column":55},"end":{"line":244,"column":103}}},"19":{"name":"(anonymous_28)","decl":{"start":{"line":250,"column":4},"end":{"line":250,"column":5}},"loc":{"start":{"line":250,"column":71},"end":{"line":258,"column":5}}},"20":{"name":"(anonymous_29)","decl":{"start":{"line":251,"column":14},"end":{"line":251,"column":15}},"loc":{"start":{"line":252,"column":8},"end":{"line":253,"column":null}}},"21":{"name":"(anonymous_30)","decl":{"start":{"line":252,"column":17},"end":{"line":252,"column":18}},"loc":{"start":{"line":253,"column":10},"end":{"line":253,"column":98}}},"22":{"name":"(anonymous_31)","decl":{"start":{"line":257,"column":26},"end":{"line":257,"column":27}},"loc":{"start":{"line":257,"column":36},"end":{"line":257,"column":128}}},"23":{"name":"(anonymous_32)","decl":{"start":{"line":257,"column":48},"end":{"line":257,"column":49}},"loc":{"start":{"line":257,"column":55},"end":{"line":257,"column":127}}},"24":{"name":"(anonymous_33)","decl":{"start":{"line":263,"column":4},"end":{"line":263,"column":5}},"loc":{"start":{"line":263,"column":37},"end":{"line":266,"column":5}}},"25":{"name":"(anonymous_34)","decl":{"start":{"line":264,"column":14},"end":{"line":264,"column":15}},"loc":{"start":{"line":264,"column":24},"end":{"line":264,"column":87}}},"26":{"name":"(anonymous_35)","decl":{"start":{"line":264,"column":33},"end":{"line":264,"column":34}},"loc":{"start":{"line":264,"column":41},"end":{"line":264,"column":85}}},"27":{"name":"(anonymous_36)","decl":{"start":{"line":265,"column":26},"end":{"line":265,"column":27}},"loc":{"start":{"line":265,"column":36},"end":{"line":265,"column":100}}},"28":{"name":"(anonymous_37)","decl":{"start":{"line":265,"column":48},"end":{"line":265,"column":49}},"loc":{"start":{"line":265,"column":55},"end":{"line":265,"column":99}}},"29":{"name":"(anonymous_38)","decl":{"start":{"line":271,"column":4},"end":{"line":271,"column":5}},"loc":{"start":{"line":271,"column":42},"end":{"line":273,"column":5}}},"30":{"name":"(anonymous_39)","decl":{"start":{"line":272,"column":14},"end":{"line":272,"column":15}},"loc":{"start":{"line":272,"column":24},"end":{"line":272,"column":93}}},"31":{"name":"(anonymous_40)","decl":{"start":{"line":272,"column":33},"end":{"line":272,"column":34}},"loc":{"start":{"line":272,"column":41},"end":{"line":272,"column":91}}},"32":{"name":"(anonymous_41)","decl":{"start":{"line":278,"column":4},"end":{"line":278,"column":5}},"loc":{"start":{"line":278,"column":71},"end":{"line":284,"column":5}}},"33":{"name":"(anonymous_42)","decl":{"start":{"line":279,"column":14},"end":{"line":279,"column":15}},"loc":{"start":{"line":280,"column":8},"end":{"line":281,"column":null}}},"34":{"name":"(anonymous_43)","decl":{"start":{"line":280,"column":17},"end":{"line":280,"column":18}},"loc":{"start":{"line":281,"column":10},"end":{"line":281,"column":114}}},"35":{"name":"(anonymous_44)","decl":{"start":{"line":289,"column":4},"end":{"line":289,"column":5}},"loc":{"start":{"line":289,"column":42},"end":{"line":291,"column":5}}},"36":{"name":"(anonymous_45)","decl":{"start":{"line":290,"column":14},"end":{"line":290,"column":15}},"loc":{"start":{"line":290,"column":24},"end":{"line":290,"column":99}}},"37":{"name":"(anonymous_46)","decl":{"start":{"line":290,"column":33},"end":{"line":290,"column":34}},"loc":{"start":{"line":290,"column":41},"end":{"line":290,"column":97}}},"38":{"name":"(anonymous_47)","decl":{"start":{"line":296,"column":4},"end":{"line":296,"column":5}},"loc":{"start":{"line":296,"column":37},"end":{"line":299,"column":5}}},"39":{"name":"(anonymous_48)","decl":{"start":{"line":297,"column":14},"end":{"line":297,"column":15}},"loc":{"start":{"line":297,"column":24},"end":{"line":297,"column":92}}},"40":{"name":"(anonymous_49)","decl":{"start":{"line":297,"column":33},"end":{"line":297,"column":34}},"loc":{"start":{"line":297,"column":41},"end":{"line":297,"column":90}}},"41":{"name":"(anonymous_50)","decl":{"start":{"line":298,"column":26},"end":{"line":298,"column":27}},"loc":{"start":{"line":298,"column":36},"end":{"line":298,"column":105}}},"42":{"name":"(anonymous_51)","decl":{"start":{"line":298,"column":48},"end":{"line":298,"column":49}},"loc":{"start":{"line":298,"column":55},"end":{"line":298,"column":104}}},"43":{"name":"(anonymous_52)","decl":{"start":{"line":304,"column":4},"end":{"line":304,"column":5}},"loc":{"start":{"line":304,"column":42},"end":{"line":306,"column":5}}},"44":{"name":"(anonymous_53)","decl":{"start":{"line":305,"column":14},"end":{"line":305,"column":15}},"loc":{"start":{"line":305,"column":24},"end":{"line":305,"column":88}}},"45":{"name":"(anonymous_54)","decl":{"start":{"line":305,"column":33},"end":{"line":305,"column":34}},"loc":{"start":{"line":305,"column":41},"end":{"line":305,"column":86}}},"46":{"name":"(anonymous_55)","decl":{"start":{"line":311,"column":4},"end":{"line":311,"column":5}},"loc":{"start":{"line":311,"column":43},"end":{"line":313,"column":5}}},"47":{"name":"(anonymous_56)","decl":{"start":{"line":312,"column":18},"end":{"line":312,"column":19}},"loc":{"start":{"line":312,"column":29},"end":{"line":312,"column":72}}},"48":{"name":"(anonymous_57)","decl":{"start":{"line":318,"column":4},"end":{"line":318,"column":5}},"loc":{"start":{"line":318,"column":43},"end":{"line":320,"column":5}}},"49":{"name":"(anonymous_58)","decl":{"start":{"line":319,"column":18},"end":{"line":319,"column":19}},"loc":{"start":{"line":319,"column":29},"end":{"line":319,"column":74}}},"50":{"name":"(anonymous_59)","decl":{"start":{"line":325,"column":4},"end":{"line":325,"column":5}},"loc":{"start":{"line":325,"column":43},"end":{"line":327,"column":5}}},"51":{"name":"(anonymous_60)","decl":{"start":{"line":326,"column":18},"end":{"line":326,"column":19}},"loc":{"start":{"line":326,"column":29},"end":{"line":326,"column":76}}},"52":{"name":"(anonymous_61)","decl":{"start":{"line":332,"column":4},"end":{"line":332,"column":5}},"loc":{"start":{"line":332,"column":43},"end":{"line":334,"column":5}}},"53":{"name":"(anonymous_62)","decl":{"start":{"line":333,"column":18},"end":{"line":333,"column":19}},"loc":{"start":{"line":333,"column":29},"end":{"line":333,"column":79}}},"54":{"name":"(anonymous_63)","decl":{"start":{"line":339,"column":4},"end":{"line":339,"column":5}},"loc":{"start":{"line":339,"column":56},"end":{"line":341,"column":5}}},"55":{"name":"(anonymous_64)","decl":{"start":{"line":340,"column":18},"end":{"line":340,"column":19}},"loc":{"start":{"line":340,"column":29},"end":{"line":340,"column":104}}},"56":{"name":"(anonymous_65)","decl":{"start":{"line":345,"column":35},"end":{"line":345,"column":38}},"loc":{"start":{"line":345,"column":40},"end":{"line":358,"column":3}}},"57":{"name":"(anonymous_66)","decl":{"start":{"line":357,"column":12},"end":{"line":357,"column":13}},"loc":{"start":{"line":357,"column":22},"end":{"line":357,"column":39}}},"58":{"name":"(anonymous_67)","decl":{"start":{"line":360,"column":38},"end":{"line":360,"column":39}},"loc":{"start":{"line":360,"column":56},"end":{"line":363,"column":3}}},"59":{"name":"(anonymous_68)","decl":{"start":{"line":361,"column":12},"end":{"line":361,"column":13}},"loc":{"start":{"line":361,"column":22},"end":{"line":361,"column":56}}},"60":{"name":"(anonymous_69)","decl":{"start":{"line":361,"column":34},"end":{"line":361,"column":35}},"loc":{"start":{"line":361,"column":41},"end":{"line":361,"column":55}}},"61":{"name":"(anonymous_70)","decl":{"start":{"line":362,"column":24},"end":{"line":362,"column":25}},"loc":{"start":{"line":362,"column":34},"end":{"line":362,"column":71}}},"62":{"name":"(anonymous_71)","decl":{"start":{"line":362,"column":46},"end":{"line":362,"column":47}},"loc":{"start":{"line":362,"column":53},"end":{"line":362,"column":70}}},"63":{"name":"(anonymous_72)","decl":{"start":{"line":365,"column":33},"end":{"line":365,"column":38}},"loc":{"start":{"line":365,"column":44},"end":{"line":408,"column":3}}},"64":{"name":"(anonymous_73)","decl":{"start":{"line":378,"column":28},"end":{"line":378,"column":31}},"loc":{"start":{"line":378,"column":34},"end":{"line":378,"column":54}}},"65":{"name":"(anonymous_74)","decl":{"start":{"line":387,"column":30},"end":{"line":387,"column":33}},"loc":{"start":{"line":387,"column":36},"end":{"line":387,"column":56}}},"66":{"name":"(anonymous_75)","decl":{"start":{"line":506,"column":18},"end":{"line":506,"column":19}},"loc":{"start":{"line":506,"column":26},"end":{"line":648,"column":9}}},"67":{"name":"(anonymous_76)","decl":{"start":{"line":523,"column":34},"end":{"line":523,"column":35}},"loc":{"start":{"line":523,"column":74},"end":{"line":523,"column":127}}},"68":{"name":"(anonymous_77)","decl":{"start":{"line":542,"column":34},"end":{"line":542,"column":35}},"loc":{"start":{"line":542,"column":87},"end":{"line":542,"column":123}}},"69":{"name":"(anonymous_78)","decl":{"start":{"line":562,"column":36},"end":{"line":562,"column":37}},"loc":{"start":{"line":562,"column":76},"end":{"line":562,"column":125}}},"70":{"name":"(anonymous_79)","decl":{"start":{"line":585,"column":32},"end":{"line":585,"column":33}},"loc":{"start":{"line":585,"column":39},"end":{"line":585,"column":94}}},"71":{"name":"(anonymous_80)","decl":{"start":{"line":595,"column":30},"end":{"line":595,"column":31}},"loc":{"start":{"line":595,"column":83},"end":{"line":595,"column":127}}},"72":{"name":"(anonymous_81)","decl":{"start":{"line":606,"column":32},"end":{"line":606,"column":33}},"loc":{"start":{"line":606,"column":39},"end":{"line":606,"column":100}}},"73":{"name":"(anonymous_82)","decl":{"start":{"line":617,"column":34},"end":{"line":617,"column":35}},"loc":{"start":{"line":617,"column":74},"end":{"line":617,"column":128}}},"74":{"name":"(anonymous_83)","decl":{"start":{"line":634,"column":32},"end":{"line":634,"column":33}},"loc":{"start":{"line":634,"column":39},"end":{"line":634,"column":89}}},"75":{"name":"(anonymous_84)","decl":{"start":{"line":641,"column":55},"end":{"line":641,"column":58}},"loc":{"start":{"line":641,"column":61},"end":{"line":641,"column":84}}}},"branchMap":{"0":{"loc":{"start":{"line":52,"column":9},"end":{"line":52,"column":115}},"type":"binary-expr","locations":[{"start":{"line":52,"column":9},"end":{"line":52,"column":38}},{"start":{"line":52,"column":43},"end":{"line":52,"column":115}}]},"1":{"loc":{"start":{"line":163,"column":4},"end":{"line":165,"column":5}},"type":"if","locations":[{"start":{"line":163,"column":4},"end":{"line":165,"column":5}},{"start":{},"end":{}}]},"2":{"loc":{"start":{"line":168,"column":4},"end":{"line":172,"column":5}},"type":"if","locations":[{"start":{"line":168,"column":4},"end":{"line":172,"column":5}},{"start":{"line":170,"column":11},"end":{"line":172,"column":5}}]},"3":{"loc":{"start":{"line":170,"column":11},"end":{"line":172,"column":5}},"type":"if","locations":[{"start":{"line":170,"column":11},"end":{"line":172,"column":5}},{"start":{},"end":{}}]},"4":{"loc":{"start":{"line":175,"column":4},"end":{"line":177,"column":5}},"type":"if","locations":[{"start":{"line":175,"column":4},"end":{"line":177,"column":5}},{"start":{},"end":{}}]},"5":{"loc":{"start":{"line":175,"column":8},"end":{"line":175,"column":48}},"type":"binary-expr","locations":[{"start":{"line":175,"column":8},"end":{"line":175,"column":33}},{"start":{"line":175,"column":37},"end":{"line":175,"column":48}}]},"6":{"loc":{"start":{"line":180,"column":4},"end":{"line":185,"column":5}},"type":"if","locations":[{"start":{"line":180,"column":4},"end":{"line":185,"column":5}},{"start":{},"end":{}}]},"7":{"loc":{"start":{"line":182,"column":6},"end":{"line":184,"column":7}},"type":"if","locations":[{"start":{"line":182,"column":6},"end":{"line":184,"column":7}},{"start":{},"end":{}}]},"8":{"loc":{"start":{"line":182,"column":10},"end":{"line":182,"column":50}},"type":"binary-expr","locations":[{"start":{"line":182,"column":10},"end":{"line":182,"column":35}},{"start":{"line":182,"column":39},"end":{"line":182,"column":50}}]},"9":{"loc":{"start":{"line":188,"column":4},"end":{"line":190,"column":5}},"type":"if","locations":[{"start":{"line":188,"column":4},"end":{"line":190,"column":5}},{"start":{},"end":{}}]},"10":{"loc":{"start":{"line":197,"column":28},"end":{"line":197,"column":66}},"type":"binary-expr","locations":[{"start":{"line":197,"column":28},"end":{"line":197,"column":45}},{"start":{"line":197,"column":49},"end":{"line":197,"column":66}}]},"11":{"loc":{"start":{"line":207,"column":54},"end":{"line":207,"column":78}},"type":"cond-expr","locations":[{"start":{"line":207,"column":64},"end":{"line":207,"column":73}},{"start":{"line":207,"column":76},"end":{"line":207,"column":78}}]},"12":{"loc":{"start":{"line":208,"column":64},"end":{"line":208,"column":110}},"type":"cond-expr","locations":[{"start":{"line":208,"column":74},"end":{"line":208,"column":87}},{"start":{"line":208,"column":90},"end":{"line":208,"column":110}}]},"13":{"loc":{"start":{"line":221,"column":4},"end":{"line":223,"column":5}},"type":"if","locations":[{"start":{"line":221,"column":4},"end":{"line":223,"column":5}},{"start":{},"end":{}}]},"14":{"loc":{"start":{"line":221,"column":8},"end":{"line":221,"column":27}},"type":"binary-expr","locations":[{"start":{"line":221,"column":8},"end":{"line":221,"column":15}},{"start":{"line":221,"column":19},"end":{"line":221,"column":27}}]},"15":{"loc":{"start":{"line":227,"column":16},"end":{"line":227,"column":32}},"type":"binary-expr","locations":[{"start":{"line":227,"column":16},"end":{"line":227,"column":26}},{"start":{"line":227,"column":30},"end":{"line":227,"column":32}}]},"16":{"loc":{"start":{"line":228,"column":20},"end":{"line":228,"column":58}},"type":"binary-expr","locations":[{"start":{"line":228,"column":20},"end":{"line":228,"column":34}},{"start":{"line":228,"column":38},"end":{"line":228,"column":58}}]},"17":{"loc":{"start":{"line":235,"column":17},"end":{"line":235,"column":46}},"type":"binary-expr","locations":[{"start":{"line":235,"column":17},"end":{"line":235,"column":29}},{"start":{"line":235,"column":33},"end":{"line":235,"column":46}}]},"18":{"loc":{"start":{"line":243,"column":41},"end":{"line":243,"column":89}},"type":"cond-expr","locations":[{"start":{"line":243,"column":58},"end":{"line":243,"column":85}},{"start":{"line":243,"column":88},"end":{"line":243,"column":89}}]},"19":{"loc":{"start":{"line":244,"column":57},"end":{"line":244,"column":102}},"type":"binary-expr","locations":[{"start":{"line":244,"column":57},"end":{"line":244,"column":74}},{"start":{"line":244,"column":78},"end":{"line":244,"column":102}}]},"20":{"loc":{"start":{"line":253,"column":10},"end":{"line":253,"column":98}},"type":"cond-expr","locations":[{"start":{"line":253,"column":27},"end":{"line":253,"column":94}},{"start":{"line":253,"column":97},"end":{"line":253,"column":98}}]},"21":{"loc":{"start":{"line":253,"column":46},"end":{"line":253,"column":92}},"type":"binary-expr","locations":[{"start":{"line":253,"column":46},"end":{"line":253,"column":84}},{"start":{"line":253,"column":88},"end":{"line":253,"column":92}}]},"22":{"loc":{"start":{"line":257,"column":57},"end":{"line":257,"column":126}},"type":"binary-expr","locations":[{"start":{"line":257,"column":57},"end":{"line":257,"column":74}},{"start":{"line":257,"column":79},"end":{"line":257,"column":101}},{"start":{"line":257,"column":105},"end":{"line":257,"column":125}}]},"23":{"loc":{"start":{"line":264,"column":41},"end":{"line":264,"column":85}},"type":"cond-expr","locations":[{"start":{"line":264,"column":58},"end":{"line":264,"column":81}},{"start":{"line":264,"column":84},"end":{"line":264,"column":85}}]},"24":{"loc":{"start":{"line":265,"column":57},"end":{"line":265,"column":98}},"type":"binary-expr","locations":[{"start":{"line":265,"column":57},"end":{"line":265,"column":74}},{"start":{"line":265,"column":78},"end":{"line":265,"column":98}}]},"25":{"loc":{"start":{"line":272,"column":41},"end":{"line":272,"column":91}},"type":"cond-expr","locations":[{"start":{"line":272,"column":58},"end":{"line":272,"column":87}},{"start":{"line":272,"column":90},"end":{"line":272,"column":91}}]},"26":{"loc":{"start":{"line":281,"column":10},"end":{"line":281,"column":114}},"type":"cond-expr","locations":[{"start":{"line":281,"column":27},"end":{"line":281,"column":110}},{"start":{"line":281,"column":113},"end":{"line":281,"column":114}}]},"27":{"loc":{"start":{"line":281,"column":54},"end":{"line":281,"column":108}},"type":"binary-expr","locations":[{"start":{"line":281,"column":54},"end":{"line":281,"column":100}},{"start":{"line":281,"column":104},"end":{"line":281,"column":108}}]},"28":{"loc":{"start":{"line":290,"column":41},"end":{"line":290,"column":97}},"type":"cond-expr","locations":[{"start":{"line":290,"column":58},"end":{"line":290,"column":93}},{"start":{"line":290,"column":96},"end":{"line":290,"column":97}}]},"29":{"loc":{"start":{"line":297,"column":41},"end":{"line":297,"column":90}},"type":"cond-expr","locations":[{"start":{"line":297,"column":58},"end":{"line":297,"column":86}},{"start":{"line":297,"column":89},"end":{"line":297,"column":90}}]},"30":{"loc":{"start":{"line":298,"column":57},"end":{"line":298,"column":103}},"type":"binary-expr","locations":[{"start":{"line":298,"column":57},"end":{"line":298,"column":74}},{"start":{"line":298,"column":78},"end":{"line":298,"column":103}}]},"31":{"loc":{"start":{"line":305,"column":41},"end":{"line":305,"column":86}},"type":"cond-expr","locations":[{"start":{"line":305,"column":58},"end":{"line":305,"column":82}},{"start":{"line":305,"column":85},"end":{"line":305,"column":86}}]},"32":{"loc":{"start":{"line":312,"column":49},"end":{"line":312,"column":70}},"type":"binary-expr","locations":[{"start":{"line":312,"column":49},"end":{"line":312,"column":64}},{"start":{"line":312,"column":68},"end":{"line":312,"column":70}}]},"33":{"loc":{"start":{"line":319,"column":51},"end":{"line":319,"column":72}},"type":"binary-expr","locations":[{"start":{"line":319,"column":51},"end":{"line":319,"column":66}},{"start":{"line":319,"column":70},"end":{"line":319,"column":72}}]},"34":{"loc":{"start":{"line":326,"column":53},"end":{"line":326,"column":74}},"type":"binary-expr","locations":[{"start":{"line":326,"column":53},"end":{"line":326,"column":68}},{"start":{"line":326,"column":72},"end":{"line":326,"column":74}}]},"35":{"loc":{"start":{"line":333,"column":56},"end":{"line":333,"column":77}},"type":"binary-expr","locations":[{"start":{"line":333,"column":56},"end":{"line":333,"column":71}},{"start":{"line":333,"column":75},"end":{"line":333,"column":77}}]},"36":{"loc":{"start":{"line":340,"column":51},"end":{"line":340,"column":102}},"type":"binary-expr","locations":[{"start":{"line":340,"column":51},"end":{"line":340,"column":94}},{"start":{"line":340,"column":98},"end":{"line":340,"column":102}}]},"37":{"loc":{"start":{"line":372,"column":4},"end":{"line":374,"column":5}},"type":"if","locations":[{"start":{"line":372,"column":4},"end":{"line":374,"column":5}},{"start":{},"end":{}}]},"38":{"loc":{"start":{"line":376,"column":4},"end":{"line":380,"column":5}},"type":"if","locations":[{"start":{"line":376,"column":4},"end":{"line":380,"column":5}},{"start":{},"end":{}}]},"39":{"loc":{"start":{"line":385,"column":6},"end":{"line":396,"column":7}},"type":"if","locations":[{"start":{"line":385,"column":6},"end":{"line":396,"column":7}},{"start":{"line":388,"column":13},"end":{"line":396,"column":7}}]},"40":{"loc":{"start":{"line":390,"column":8},"end":{"line":395,"column":9}},"type":"if","locations":[{"start":{"line":390,"column":8},"end":{"line":395,"column":9}},{"start":{"line":393,"column":15},"end":{"line":395,"column":9}}]},"41":{"loc":{"start":{"line":390,"column":12},"end":{"line":390,"column":51}},"type":"binary-expr","locations":[{"start":{"line":390,"column":12},"end":{"line":390,"column":24}},{"start":{"line":390,"column":28},"end":{"line":390,"column":51}}]},"42":{"loc":{"start":{"line":398,"column":18},"end":{"line":398,"column":75}},"type":"cond-expr","locations":[{"start":{"line":398,"column":43},"end":{"line":398,"column":48}},{"start":{"line":398,"column":51},"end":{"line":398,"column":75}}]},"43":{"loc":{"start":{"line":402,"column":15},"end":{"line":402,"column":39}},"type":"binary-expr","locations":[{"start":{"line":402,"column":15},"end":{"line":402,"column":24}},{"start":{"line":402,"column":28},"end":{"line":402,"column":39}}]},"44":{"loc":{"start":{"line":411,"column":2},"end":{"line":417,"column":3}},"type":"if","locations":[{"start":{"line":411,"column":2},"end":{"line":417,"column":3}},{"start":{},"end":{}}]},"45":{"loc":{"start":{"line":449,"column":25},"end":{"line":449,"column":106}},"type":"cond-expr","locations":[{"start":{"line":449,"column":45},"end":{"line":449,"column":99}},{"start":{"line":449,"column":102},"end":{"line":449,"column":106}}]},"46":{"loc":{"start":{"line":460,"column":9},"end":{"line":463,"column":null}},"type":"binary-expr","locations":[{"start":{"line":460,"column":9},"end":{"line":460,"column":20}},{"start":{"line":461,"column":10},"end":{"line":462,"column":null}}]},"47":{"loc":{"start":{"line":461,"column":38},"end":{"line":461,"column":90}},"type":"cond-expr","locations":[{"start":{"line":461,"column":71},"end":{"line":461,"column":80}},{"start":{"line":461,"column":83},"end":{"line":461,"column":90}}]},"48":{"loc":{"start":{"line":519,"column":31},"end":{"line":519,"column":77}},"type":"cond-expr","locations":[{"start":{"line":519,"column":49},"end":{"line":519,"column":64}},{"start":{"line":519,"column":67},"end":{"line":519,"column":77}}]},"49":{"loc":{"start":{"line":523,"column":105},"end":{"line":523,"column":126}},"type":"binary-expr","locations":[{"start":{"line":523,"column":105},"end":{"line":523,"column":120}},{"start":{"line":523,"column":124},"end":{"line":523,"column":126}}]},"50":{"loc":{"start":{"line":527,"column":21},"end":{"line":530,"column":null}},"type":"binary-expr","locations":[{"start":{"line":527,"column":21},"end":{"line":527,"column":36}},{"start":{"line":528,"column":22},"end":{"line":529,"column":null}}]},"51":{"loc":{"start":{"line":538,"column":31},"end":{"line":538,"column":75}},"type":"cond-expr","locations":[{"start":{"line":538,"column":47},"end":{"line":538,"column":62}},{"start":{"line":538,"column":65},"end":{"line":538,"column":75}}]},"52":{"loc":{"start":{"line":541,"column":31},"end":{"line":541,"column":97}},"type":"cond-expr","locations":[{"start":{"line":541,"column":46},"end":{"line":541,"column":90}},{"start":{"line":541,"column":93},"end":{"line":541,"column":97}}]},"53":{"loc":{"start":{"line":546,"column":21},"end":{"line":549,"column":null}},"type":"binary-expr","locations":[{"start":{"line":546,"column":21},"end":{"line":546,"column":34}},{"start":{"line":547,"column":22},"end":{"line":548,"column":null}}]},"54":{"loc":{"start":{"line":557,"column":31},"end":{"line":557,"column":73}},"type":"cond-expr","locations":[{"start":{"line":557,"column":45},"end":{"line":557,"column":60}},{"start":{"line":557,"column":63},"end":{"line":557,"column":73}}]},"55":{"loc":{"start":{"line":562,"column":103},"end":{"line":562,"column":124}},"type":"binary-expr","locations":[{"start":{"line":562,"column":103},"end":{"line":562,"column":118}},{"start":{"line":562,"column":122},"end":{"line":562,"column":124}}]},"56":{"loc":{"start":{"line":563,"column":39},"end":{"line":563,"column":81}},"type":"cond-expr","locations":[{"start":{"line":563,"column":58},"end":{"line":563,"column":68}},{"start":{"line":563,"column":71},"end":{"line":563,"column":81}}]},"57":{"loc":{"start":{"line":565,"column":25},"end":{"line":568,"column":null}},"type":"binary-expr","locations":[{"start":{"line":565,"column":25},"end":{"line":565,"column":41}},{"start":{"line":566,"column":26},"end":{"line":566,"column":null}}]},"58":{"loc":{"start":{"line":572,"column":21},"end":{"line":575,"column":null}},"type":"binary-expr","locations":[{"start":{"line":572,"column":21},"end":{"line":572,"column":32}},{"start":{"line":573,"column":22},"end":{"line":574,"column":null}}]},"59":{"loc":{"start":{"line":585,"column":68},"end":{"line":585,"column":93}},"type":"binary-expr","locations":[{"start":{"line":585,"column":68},"end":{"line":585,"column":84}},{"start":{"line":585,"column":88},"end":{"line":585,"column":93}}]},"60":{"loc":{"start":{"line":594,"column":27},"end":{"line":594,"column":117}},"type":"cond-expr","locations":[{"start":{"line":594,"column":50},"end":{"line":594,"column":110}},{"start":{"line":594,"column":113},"end":{"line":594,"column":117}}]},"61":{"loc":{"start":{"line":606,"column":74},"end":{"line":606,"column":99}},"type":"binary-expr","locations":[{"start":{"line":606,"column":74},"end":{"line":606,"column":90}},{"start":{"line":606,"column":94},"end":{"line":606,"column":99}}]},"62":{"loc":{"start":{"line":614,"column":31},"end":{"line":614,"column":78}},"type":"cond-expr","locations":[{"start":{"line":614,"column":50},"end":{"line":614,"column":65}},{"start":{"line":614,"column":68},"end":{"line":614,"column":78}}]},"63":{"loc":{"start":{"line":617,"column":106},"end":{"line":617,"column":127}},"type":"binary-expr","locations":[{"start":{"line":617,"column":106},"end":{"line":617,"column":121}},{"start":{"line":617,"column":125},"end":{"line":617,"column":127}}]},"64":{"loc":{"start":{"line":621,"column":21},"end":{"line":624,"column":null}},"type":"binary-expr","locations":[{"start":{"line":621,"column":21},"end":{"line":621,"column":37}},{"start":{"line":622,"column":22},"end":{"line":623,"column":null}}]},"65":{"loc":{"start":{"line":634,"column":63},"end":{"line":634,"column":88}},"type":"binary-expr","locations":[{"start":{"line":634,"column":63},"end":{"line":634,"column":79}},{"start":{"line":634,"column":83},"end":{"line":634,"column":88}}]},"66":{"loc":{"start":{"line":651,"column":9},"end":{"line":654,"column":null}},"type":"binary-expr","locations":[{"start":{"line":651,"column":9},"end":{"line":651,"column":26}},{"start":{"line":652,"column":10},"end":{"line":653,"column":null}}]},"67":{"loc":{"start":{"line":664,"column":15},"end":{"line":664,"column":44}},"type":"cond-expr","locations":[{"start":{"line":664,"column":24},"end":{"line":664,"column":35}},{"start":{"line":664,"column":38},"end":{"line":664,"column":44}}]}},"s":{"0":1,"1":1,"2":1,"3":1,"4":1,"5":1,"6":1,"7":1,"8":6,"9":1,"10":1,"11":1,"12":1,"13":16,"14":1,"15":1,"16":1,"17":1,"18":1,"19":1,"20":1,"21":1,"22":1,"23":1,"24":1,"25":1,"26":1,"27":1,"28":1,"29":1,"30":8,"31":8,"32":8,"33":1,"34":8,"35":1,"36":7,"37":0,"38":8,"39":1,"40":8,"41":2,"42":2,"43":1,"44":8,"45":2,"46":8,"47":124,"48":21,"49":1,"50":44,"51":44,"52":44,"53":16,"54":44,"55":16,"56":44,"57":16,"58":44,"59":16,"60":44,"61":44,"62":44,"63":44,"64":16,"65":44,"66":16,"67":2,"68":14,"69":14,"70":14,"71":14,"72":0,"73":0,"74":0,"75":44,"76":0,"77":0,"78":0,"79":0,"80":0,"81":0,"82":44,"83":0,"84":0,"85":0,"86":0,"87":0,"88":0,"89":44,"90":0,"91":0,"92":0,"93":0,"94":0,"95":0,"96":44,"97":0,"98":0,"99":0,"100":44,"101":0,"102":0,"103":0,"104":44,"105":0,"106":0,"107":0,"108":44,"109":0,"110":0,"111":0,"112":0,"113":0,"114":0,"115":44,"116":0,"117":0,"118":0,"119":44,"120":0,"121":0,"122":44,"123":0,"124":0,"125":44,"126":0,"127":0,"128":44,"129":0,"130":0,"131":44,"132":0,"133":0,"134":44,"135":1,"136":1,"137":1,"138":44,"139":1,"140":1,"141":2,"142":1,"143":1,"144":0,"145":44,"146":8,"147":8,"148":8,"149":8,"150":4,"151":4,"152":0,"153":0,"154":0,"155":0,"156":4,"157":4,"158":4,"159":4,"160":3,"161":3,"162":0,"163":1,"164":1,"165":0,"166":0,"167":1,"168":0,"169":0,"170":0,"171":0,"172":4,"173":44,"174":14,"175":30,"176":31,"177":31,"178":31,"179":31,"180":31,"181":31,"182":0,"183":0,"184":0,"185":0,"186":0,"187":0,"188":0,"189":0,"190":1,"191":1,"192":1},"f":{"0":6,"1":16,"2":8,"3":124,"4":21,"5":44,"6":16,"7":16,"8":16,"9":16,"10":16,"11":16,"12":14,"13":0,"14":0,"15":0,"16":0,"17":0,"18":0,"19":0,"20":0,"21":0,"22":0,"23":0,"24":0,"25":0,"26":0,"27":0,"28":0,"29":0,"30":0,"31":0,"32":0,"33":0,"34":0,"35":0,"36":0,"37":0,"38":0,"39":0,"40":0,"41":0,"42":0,"43":0,"44":0,"45":0,"46":0,"47":0,"48":0,"49":0,"50":0,"51":0,"52":0,"53":0,"54":0,"55":0,"56":1,"57":1,"58":1,"59":1,"60":2,"61":1,"62":0,"63":8,"64":0,"65":0,"66":31,"67":0,"68":0,"69":0,"70":0,"71":0,"72":0,"73":0,"74":0,"75":1},"b":{"0":[16,16],"1":[1,7],"2":[1,7],"3":[0,7],"4":[1,7],"5":[8,2],"6":[2,6],"7":[1,1],"8":[2,2],"9":[2,6],"10":[21,21],"11":[2,14],"12":[2,14],"13":[2,14],"14":[16,14],"15":[14,0],"16":[14,0],"17":[0,0],"18":[0,0],"19":[0,0],"20":[0,0],"21":[0,0],"22":[0,0,0],"23":[0,0],"24":[0,0],"25":[0,0],"26":[0,0],"27":[0,0],"28":[0,0],"29":[0,0],"30":[0,0],"31":[0,0],"32":[0,0],"33":[0,0],"34":[0,0],"35":[0,0],"36":[0,0],"37":[4,4],"38":[0,4],"39":[3,1],"40":[0,1],"41":[1,0],"42":[0,0],"43":[0,0],"44":[14,30],"45":[6,24],"46":[30,4],"47":[3,1],"48":[1,30],"49":[0,0],"50":[31,1],"51":[1,30],"52":[28,3],"53":[31,1],"54":[2,29],"55":[0,0],"56":[9,22],"57":[31,9],"58":[31,2],"59":[0,0],"60":[2,29],"61":[0,0],"62":[2,29],"63":[0,0],"64":[31,2],"65":[0,0],"66":[30,4],"67":[4,26]}}
,"/opt/service/workspace/app/src/frontend/__tests__/index.test.tsx": {"path":"/opt/service/workspace/app/src/frontend/__tests__/index.test.tsx","statementMap":{"0":{"start":{"line":1,"column":0},"end":{"line":1,"column":26}},"1":{"start":{"line":2,"column":0},"end":{"line":2,"column":65}},"2":{"start":{"line":3,"column":0},"end":{"line":3,"column":52}},"3":{"start":{"line":4,"column":0},"end":{"line":4,"column":39}},"4":{"start":{"line":5,"column":0},"end":{"line":5,"column":65}},"5":{"start":{"line":6,"column":0},"end":{"line":6,"column":31}},"6":{"start":{"line":8,"column":0},"end":{"line":8,"column":49}},"7":{"start":{"line":10,"column":22},"end":{"line":10,"column":37}},"8":{"start":{"line":13,"column":2},"end":{"line":20,"column":4}},"9":{"start":{"line":24,"column":26},"end":{"line":24,"column":81}},"10":{"start":{"line":25,"column":2},"end":{"line":25,"column":42}},"11":{"start":{"line":29,"column":2},"end":{"line":29,"column":47}},"12":{"start":{"line":32,"column":0},"end":{"line":396,"column":3}},"13":{"start":{"line":33,"column":2},"end":{"line":36,"column":5}},"14":{"start":{"line":34,"column":4},"end":{"line":34,"column":19}},"15":{"start":{"line":35,"column":4},"end":{"line":35,"column":76}},"16":{"start":{"line":38,"column":2},"end":{"line":53,"column":5}},"17":{"start":{"line":39,"column":4},"end":{"line":39,"column":19}},"18":{"start":{"line":40,"column":4},"end":{"line":42,"column":7}},"19":{"start":{"line":44,"column":4},"end":{"line":44,"column":20}},"20":{"start":{"line":47,"column":4},"end":{"line":47,"column":68}},"21":{"start":{"line":50,"column":4},"end":{"line":52,"column":7}},"22":{"start":{"line":51,"column":6},"end":{"line":51,"column":76}},"23":{"start":{"line":55,"column":2},"end":{"line":68,"column":5}},"24":{"start":{"line":56,"column":5},"end":{"line":56,"column":76}},"25":{"start":{"line":57,"column":4},"end":{"line":57,"column":19}},"26":{"start":{"line":59,"column":4},"end":{"line":59,"column":20}},"27":{"start":{"line":62,"column":4},"end":{"line":64,"column":7}},"28":{"start":{"line":63,"column":6},"end":{"line":63,"column":76}},"29":{"start":{"line":67,"column":4},"end":{"line":67,"column":47}},"30":{"start":{"line":70,"column":2},"end":{"line":84,"column":5}},"31":{"start":{"line":71,"column":4},"end":{"line":71,"column":19}},"32":{"start":{"line":72,"column":4},"end":{"line":72,"column":25}},"33":{"start":{"line":74,"column":4},"end":{"line":74,"column":20}},"34":{"start":{"line":76,"column":4},"end":{"line":83,"column":7}},"35":{"start":{"line":77,"column":6},"end":{"line":82,"column":8}},"36":{"start":{"line":86,"column":2},"end":{"line":105,"column":5}},"37":{"start":{"line":87,"column":4},"end":{"line":87,"column":19}},"38":{"start":{"line":88,"column":4},"end":{"line":88,"column":25}},"39":{"start":{"line":90,"column":4},"end":{"line":90,"column":20}},"40":{"start":{"line":92,"column":4},"end":{"line":94,"column":7}},"41":{"start":{"line":93,"column":6},"end":{"line":93,"column":76}},"42":{"start":{"line":97,"column":22},"end":{"line":97,"column":49}},"43":{"start":{"line":98,"column":4},"end":{"line":98,"column":37}},"44":{"start":{"line":101,"column":4},"end":{"line":104,"column":7}},"45":{"start":{"line":102,"column":22},"end":{"line":102,"column":59}},"46":{"start":{"line":103,"column":6},"end":{"line":103,"column":55}},"47":{"start":{"line":107,"column":2},"end":{"line":135,"column":5}},"48":{"start":{"line":108,"column":4},"end":{"line":108,"column":19}},"49":{"start":{"line":109,"column":4},"end":{"line":111,"column":7}},"50":{"start":{"line":112,"column":4},"end":{"line":112,"column":24}},"51":{"start":{"line":114,"column":4},"end":{"line":114,"column":20}},"52":{"start":{"line":116,"column":4},"end":{"line":118,"column":7}},"53":{"start":{"line":117,"column":6},"end":{"line":117,"column":76}},"54":{"start":{"line":121,"column":23},"end":{"line":121,"column":47}},"55":{"start":{"line":122,"column":4},"end":{"line":122,"column":38}},"56":{"start":{"line":125,"column":4},"end":{"line":129,"column":7}},"57":{"start":{"line":126,"column":6},"end":{"line":126,"column":78}},"58":{"start":{"line":127,"column":6},"end":{"line":127,"column":75}},"59":{"start":{"line":128,"column":6},"end":{"line":128,"column":79}},"60":{"start":{"line":132,"column":4},"end":{"line":134,"column":22}},"61":{"start":{"line":133,"column":41},"end":{"line":133,"column":76}},"62":{"start":{"line":137,"column":2},"end":{"line":164,"column":5}},"63":{"start":{"line":138,"column":4},"end":{"line":138,"column":19}},"64":{"start":{"line":139,"column":31},"end":{"line":139,"column":207}},"65":{"start":{"line":140,"column":4},"end":{"line":140,"column":33}},"66":{"start":{"line":141,"column":4},"end":{"line":141,"column":41}},"67":{"start":{"line":143,"column":4},"end":{"line":143,"column":20}},"68":{"start":{"line":145,"column":4},"end":{"line":147,"column":7}},"69":{"start":{"line":146,"column":6},"end":{"line":146,"column":76}},"70":{"start":{"line":149,"column":23},"end":{"line":149,"column":47}},"71":{"start":{"line":150,"column":4},"end":{"line":150,"column":38}},"72":{"start":{"line":152,"column":4},"end":{"line":163,"column":7}},"73":{"start":{"line":153,"column":6},"end":{"line":162,"column":8}},"74":{"start":{"line":166,"column":2},"end":{"line":185,"column":5}},"75":{"start":{"line":167,"column":4},"end":{"line":167,"column":19}},"76":{"start":{"line":168,"column":4},"end":{"line":170,"column":7}},"77":{"start":{"line":171,"column":4},"end":{"line":171,"column":41}},"78":{"start":{"line":173,"column":4},"end":{"line":173,"column":20}},"79":{"start":{"line":175,"column":4},"end":{"line":177,"column":7}},"80":{"start":{"line":176,"column":6},"end":{"line":176,"column":76}},"81":{"start":{"line":179,"column":23},"end":{"line":179,"column":47}},"82":{"start":{"line":180,"column":4},"end":{"line":180,"column":38}},"83":{"start":{"line":182,"column":4},"end":{"line":184,"column":7}},"84":{"start":{"line":183,"column":6},"end":{"line":183,"column":79}},"85":{"start":{"line":187,"column":2},"end":{"line":206,"column":5}},"86":{"start":{"line":188,"column":4},"end":{"line":188,"column":19}},"87":{"start":{"line":189,"column":4},"end":{"line":191,"column":7}},"88":{"start":{"line":192,"column":4},"end":{"line":192,"column":42}},"89":{"start":{"line":194,"column":4},"end":{"line":194,"column":20}},"90":{"start":{"line":196,"column":4},"end":{"line":198,"column":7}},"91":{"start":{"line":197,"column":6},"end":{"line":197,"column":76}},"92":{"start":{"line":200,"column":23},"end":{"line":200,"column":47}},"93":{"start":{"line":201,"column":4},"end":{"line":201,"column":38}},"94":{"start":{"line":203,"column":4},"end":{"line":205,"column":7}},"95":{"start":{"line":204,"column":6},"end":{"line":204,"column":80}},"96":{"start":{"line":208,"column":2},"end":{"line":233,"column":5}},"97":{"start":{"line":209,"column":4},"end":{"line":209,"column":19}},"98":{"start":{"line":210,"column":4},"end":{"line":213,"column":7}},"99":{"start":{"line":214,"column":4},"end":{"line":214,"column":24}},"100":{"start":{"line":216,"column":4},"end":{"line":216,"column":20}},"101":{"start":{"line":218,"column":4},"end":{"line":220,"column":7}},"102":{"start":{"line":219,"column":6},"end":{"line":219,"column":76}},"103":{"start":{"line":223,"column":26},"end":{"line":223,"column":50}},"104":{"start":{"line":224,"column":4},"end":{"line":224,"column":42}},"105":{"start":{"line":227,"column":4},"end":{"line":227,"column":44}},"106":{"start":{"line":230,"column":4},"end":{"line":232,"column":7}},"107":{"start":{"line":231,"column":6},"end":{"line":231,"column":55}},"108":{"start":{"line":235,"column":2},"end":{"line":254,"column":5}},"109":{"start":{"line":236,"column":4},"end":{"line":236,"column":19}},"110":{"start":{"line":237,"column":4},"end":{"line":239,"column":7}},"111":{"start":{"line":240,"column":4},"end":{"line":240,"column":24}},"112":{"start":{"line":242,"column":4},"end":{"line":242,"column":20}},"113":{"start":{"line":244,"column":4},"end":{"line":246,"column":7}},"114":{"start":{"line":245,"column":6},"end":{"line":245,"column":76}},"115":{"start":{"line":248,"column":23},"end":{"line":248,"column":47}},"116":{"start":{"line":249,"column":4},"end":{"line":249,"column":38}},"117":{"start":{"line":251,"column":4},"end":{"line":253,"column":7}},"118":{"start":{"line":252,"column":6},"end":{"line":252,"column":88}},"119":{"start":{"line":256,"column":2},"end":{"line":275,"column":5}},"120":{"start":{"line":257,"column":4},"end":{"line":257,"column":19}},"121":{"start":{"line":258,"column":4},"end":{"line":260,"column":7}},"122":{"start":{"line":261,"column":4},"end":{"line":261,"column":24}},"123":{"start":{"line":263,"column":4},"end":{"line":263,"column":20}},"124":{"start":{"line":265,"column":4},"end":{"line":267,"column":7}},"125":{"start":{"line":266,"column":6},"end":{"line":266,"column":76}},"126":{"start":{"line":269,"column":23},"end":{"line":269,"column":47}},"127":{"start":{"line":270,"column":4},"end":{"line":270,"column":38}},"128":{"start":{"line":272,"column":4},"end":{"line":274,"column":7}},"129":{"start":{"line":273,"column":6},"end":{"line":273,"column":90}},"130":{"start":{"line":277,"column":2},"end":{"line":296,"column":5}},"131":{"start":{"line":278,"column":4},"end":{"line":278,"column":19}},"132":{"start":{"line":279,"column":4},"end":{"line":281,"column":7}},"133":{"start":{"line":282,"column":4},"end":{"line":282,"column":24}},"134":{"start":{"line":284,"column":4},"end":{"line":284,"column":20}},"135":{"start":{"line":286,"column":4},"end":{"line":288,"column":7}},"136":{"start":{"line":287,"column":6},"end":{"line":287,"column":76}},"137":{"start":{"line":290,"column":23},"end":{"line":290,"column":47}},"138":{"start":{"line":291,"column":4},"end":{"line":291,"column":38}},"139":{"start":{"line":293,"column":4},"end":{"line":295,"column":7}},"140":{"start":{"line":294,"column":6},"end":{"line":294,"column":79}},"141":{"start":{"line":298,"column":2},"end":{"line":314,"column":5}},"142":{"start":{"line":299,"column":4},"end":{"line":299,"column":19}},"143":{"start":{"line":300,"column":4},"end":{"line":300,"column":25}},"144":{"start":{"line":302,"column":4},"end":{"line":302,"column":20}},"145":{"start":{"line":304,"column":4},"end":{"line":306,"column":7}},"146":{"start":{"line":305,"column":6},"end":{"line":305,"column":76}},"147":{"start":{"line":308,"column":4},"end":{"line":308,"column":67}},"148":{"start":{"line":309,"column":4},"end":{"line":309,"column":60}},"149":{"start":{"line":310,"column":4},"end":{"line":310,"column":63}},"150":{"start":{"line":311,"column":4},"end":{"line":311,"column":64}},"151":{"start":{"line":312,"column":4},"end":{"line":312,"column":68}},"152":{"start":{"line":313,"column":4},"end":{"line":313,"column":62}},"153":{"start":{"line":316,"column":2},"end":{"line":341,"column":5}},"154":{"start":{"line":317,"column":4},"end":{"line":317,"column":19}},"155":{"start":{"line":318,"column":42},"end":{"line":324,"column":6}},"156":{"start":{"line":325,"column":4},"end":{"line":325,"column":41}},"157":{"start":{"line":327,"column":4},"end":{"line":327,"column":20}},"158":{"start":{"line":329,"column":4},"end":{"line":331,"column":7}},"159":{"start":{"line":330,"column":6},"end":{"line":330,"column":76}},"160":{"start":{"line":333,"column":4},"end":{"line":340,"column":7}},"161":{"start":{"line":334,"column":25},"end":{"line":334,"column":65}},"162":{"start":{"line":335,"column":21},"end":{"line":335,"column":69}},"163":{"start":{"line":335,"column":44},"end":{"line":335,"column":68}},"164":{"start":{"line":336,"column":6},"end":{"line":336,"column":48}},"165":{"start":{"line":337,"column":6},"end":{"line":337,"column":41}},"166":{"start":{"line":338,"column":6},"end":{"line":338,"column":42}},"167":{"start":{"line":339,"column":6},"end":{"line":339,"column":57}},"168":{"start":{"line":343,"column":2},"end":{"line":377,"column":5}},"169":{"start":{"line":344,"column":4},"end":{"line":344,"column":19}},"170":{"start":{"line":345,"column":42},"end":{"line":351,"column":6}},"171":{"start":{"line":352,"column":31},"end":{"line":352,"column":196}},"172":{"start":{"line":353,"column":4},"end":{"line":353,"column":49}},"173":{"start":{"line":354,"column":4},"end":{"line":354,"column":41}},"174":{"start":{"line":356,"column":4},"end":{"line":356,"column":20}},"175":{"start":{"line":358,"column":4},"end":{"line":360,"column":7}},"176":{"start":{"line":359,"column":6},"end":{"line":359,"column":76}},"177":{"start":{"line":362,"column":23},"end":{"line":362,"column":47}},"178":{"start":{"line":363,"column":4},"end":{"line":363,"column":38}},"179":{"start":{"line":365,"column":4},"end":{"line":376,"column":7}},"180":{"start":{"line":366,"column":6},"end":{"line":375,"column":8}},"181":{"start":{"line":379,"column":2},"end":{"line":395,"column":5}},"182":{"start":{"line":380,"column":5},"end":{"line":380,"column":76}},"183":{"start":{"line":381,"column":4},"end":{"line":381,"column":19}},"184":{"start":{"line":383,"column":4},"end":{"line":383,"column":20}},"185":{"start":{"line":385,"column":4},"end":{"line":387,"column":7}},"186":{"start":{"line":386,"column":6},"end":{"line":386,"column":76}},"187":{"start":{"line":389,"column":23},"end":{"line":389,"column":63}},"188":{"start":{"line":390,"column":19},"end":{"line":390,"column":67}},"189":{"start":{"line":390,"column":42},"end":{"line":390,"column":66}},"190":{"start":{"line":391,"column":4},"end":{"line":391,"column":45}},"191":{"start":{"line":392,"column":4},"end":{"line":392,"column":38}},"192":{"start":{"line":393,"column":4},"end":{"line":393,"column":43}},"193":{"start":{"line":394,"column":4},"end":{"line":394,"column":57}}},"fnMap":{"0":{"name":"setupContext","decl":{"start":{"line":12,"column":9},"end":{"line":12,"column":21}},"loc":{"start":{"line":12,"column":57},"end":{"line":21,"column":1}}},"1":{"name":"mockGetTableData","decl":{"start":{"line":23,"column":9},"end":{"line":23,"column":25}},"loc":{"start":{"line":23,"column":95},"end":{"line":26,"column":1}}},"2":{"name":"mockSaveTableData","decl":{"start":{"line":28,"column":9},"end":{"line":28,"column":26}},"loc":{"start":{"line":28,"column":78},"end":{"line":30,"column":1}}},"3":{"name":"(anonymous_4)","decl":{"start":{"line":32,"column":16},"end":{"line":32,"column":19}},"loc":{"start":{"line":32,"column":21},"end":{"line":396,"column":1}}},"4":{"name":"(anonymous_5)","decl":{"start":{"line":33,"column":13},"end":{"line":33,"column":16}},"loc":{"start":{"line":33,"column":18},"end":{"line":36,"column":3}}},"5":{"name":"(anonymous_6)","decl":{"start":{"line":38,"column":80},"end":{"line":38,"column":85}},"loc":{"start":{"line":38,"column":91},"end":{"line":53,"column":3}}},"6":{"name":"(anonymous_7)","decl":{"start":{"line":50,"column":18},"end":{"line":50,"column":21}},"loc":{"start":{"line":50,"column":23},"end":{"line":52,"column":5}}},"7":{"name":"(anonymous_8)","decl":{"start":{"line":55,"column":63},"end":{"line":55,"column":68}},"loc":{"start":{"line":55,"column":74},"end":{"line":68,"column":3}}},"8":{"name":"(anonymous_9)","decl":{"start":{"line":62,"column":18},"end":{"line":62,"column":21}},"loc":{"start":{"line":62,"column":23},"end":{"line":64,"column":5}}},"9":{"name":"(anonymous_10)","decl":{"start":{"line":70,"column":57},"end":{"line":70,"column":62}},"loc":{"start":{"line":70,"column":68},"end":{"line":84,"column":3}}},"10":{"name":"(anonymous_11)","decl":{"start":{"line":76,"column":18},"end":{"line":76,"column":21}},"loc":{"start":{"line":76,"column":23},"end":{"line":83,"column":5}}},"11":{"name":"(anonymous_12)","decl":{"start":{"line":86,"column":44},"end":{"line":86,"column":49}},"loc":{"start":{"line":86,"column":55},"end":{"line":105,"column":3}}},"12":{"name":"(anonymous_13)","decl":{"start":{"line":92,"column":18},"end":{"line":92,"column":21}},"loc":{"start":{"line":92,"column":23},"end":{"line":94,"column":5}}},"13":{"name":"(anonymous_14)","decl":{"start":{"line":101,"column":18},"end":{"line":101,"column":21}},"loc":{"start":{"line":101,"column":23},"end":{"line":104,"column":5}}},"14":{"name":"(anonymous_15)","decl":{"start":{"line":107,"column":78},"end":{"line":107,"column":83}},"loc":{"start":{"line":107,"column":89},"end":{"line":135,"column":3}}},"15":{"name":"(anonymous_16)","decl":{"start":{"line":116,"column":18},"end":{"line":116,"column":21}},"loc":{"start":{"line":116,"column":23},"end":{"line":118,"column":5}}},"16":{"name":"(anonymous_17)","decl":{"start":{"line":125,"column":18},"end":{"line":125,"column":21}},"loc":{"start":{"line":125,"column":23},"end":{"line":129,"column":5}}},"17":{"name":"(anonymous_18)","decl":{"start":{"line":133,"column":32},"end":{"line":133,"column":33}},"loc":{"start":{"line":133,"column":41},"end":{"line":133,"column":76}}},"18":{"name":"(anonymous_19)","decl":{"start":{"line":137,"column":63},"end":{"line":137,"column":68}},"loc":{"start":{"line":137,"column":74},"end":{"line":164,"column":3}}},"19":{"name":"(anonymous_20)","decl":{"start":{"line":145,"column":18},"end":{"line":145,"column":21}},"loc":{"start":{"line":145,"column":23},"end":{"line":147,"column":5}}},"20":{"name":"(anonymous_21)","decl":{"start":{"line":152,"column":18},"end":{"line":152,"column":21}},"loc":{"start":{"line":152,"column":23},"end":{"line":163,"column":5}}},"21":{"name":"(anonymous_22)","decl":{"start":{"line":166,"column":55},"end":{"line":166,"column":60}},"loc":{"start":{"line":166,"column":66},"end":{"line":185,"column":3}}},"22":{"name":"(anonymous_23)","decl":{"start":{"line":175,"column":18},"end":{"line":175,"column":21}},"loc":{"start":{"line":175,"column":23},"end":{"line":177,"column":5}}},"23":{"name":"(anonymous_24)","decl":{"start":{"line":182,"column":18},"end":{"line":182,"column":21}},"loc":{"start":{"line":182,"column":23},"end":{"line":184,"column":5}}},"24":{"name":"(anonymous_25)","decl":{"start":{"line":187,"column":47},"end":{"line":187,"column":52}},"loc":{"start":{"line":187,"column":58},"end":{"line":206,"column":3}}},"25":{"name":"(anonymous_26)","decl":{"start":{"line":196,"column":18},"end":{"line":196,"column":21}},"loc":{"start":{"line":196,"column":23},"end":{"line":198,"column":5}}},"26":{"name":"(anonymous_27)","decl":{"start":{"line":203,"column":18},"end":{"line":203,"column":21}},"loc":{"start":{"line":203,"column":23},"end":{"line":205,"column":5}}},"27":{"name":"(anonymous_28)","decl":{"start":{"line":208,"column":36},"end":{"line":208,"column":41}},"loc":{"start":{"line":208,"column":47},"end":{"line":233,"column":3}}},"28":{"name":"(anonymous_29)","decl":{"start":{"line":218,"column":18},"end":{"line":218,"column":21}},"loc":{"start":{"line":218,"column":23},"end":{"line":220,"column":5}}},"29":{"name":"(anonymous_30)","decl":{"start":{"line":230,"column":18},"end":{"line":230,"column":21}},"loc":{"start":{"line":230,"column":23},"end":{"line":232,"column":5}}},"30":{"name":"(anonymous_31)","decl":{"start":{"line":235,"column":59},"end":{"line":235,"column":64}},"loc":{"start":{"line":235,"column":70},"end":{"line":254,"column":3}}},"31":{"name":"(anonymous_32)","decl":{"start":{"line":244,"column":18},"end":{"line":244,"column":21}},"loc":{"start":{"line":244,"column":23},"end":{"line":246,"column":5}}},"32":{"name":"(anonymous_33)","decl":{"start":{"line":251,"column":18},"end":{"line":251,"column":21}},"loc":{"start":{"line":251,"column":23},"end":{"line":253,"column":5}}},"33":{"name":"(anonymous_34)","decl":{"start":{"line":256,"column":61},"end":{"line":256,"column":66}},"loc":{"start":{"line":256,"column":72},"end":{"line":275,"column":3}}},"34":{"name":"(anonymous_35)","decl":{"start":{"line":265,"column":18},"end":{"line":265,"column":21}},"loc":{"start":{"line":265,"column":23},"end":{"line":267,"column":5}}},"35":{"name":"(anonymous_36)","decl":{"start":{"line":272,"column":18},"end":{"line":272,"column":21}},"loc":{"start":{"line":272,"column":23},"end":{"line":274,"column":5}}},"36":{"name":"(anonymous_37)","decl":{"start":{"line":277,"column":42},"end":{"line":277,"column":47}},"loc":{"start":{"line":277,"column":53},"end":{"line":296,"column":3}}},"37":{"name":"(anonymous_38)","decl":{"start":{"line":286,"column":18},"end":{"line":286,"column":21}},"loc":{"start":{"line":286,"column":23},"end":{"line":288,"column":5}}},"38":{"name":"(anonymous_39)","decl":{"start":{"line":293,"column":18},"end":{"line":293,"column":21}},"loc":{"start":{"line":293,"column":23},"end":{"line":295,"column":5}}},"39":{"name":"(anonymous_40)","decl":{"start":{"line":298,"column":52},"end":{"line":298,"column":57}},"loc":{"start":{"line":298,"column":63},"end":{"line":314,"column":3}}},"40":{"name":"(anonymous_41)","decl":{"start":{"line":304,"column":18},"end":{"line":304,"column":21}},"loc":{"start":{"line":304,"column":23},"end":{"line":306,"column":5}}},"41":{"name":"(anonymous_42)","decl":{"start":{"line":316,"column":49},"end":{"line":316,"column":54}},"loc":{"start":{"line":316,"column":60},"end":{"line":341,"column":3}}},"42":{"name":"(anonymous_43)","decl":{"start":{"line":329,"column":18},"end":{"line":329,"column":21}},"loc":{"start":{"line":329,"column":23},"end":{"line":331,"column":5}}},"43":{"name":"(anonymous_44)","decl":{"start":{"line":333,"column":18},"end":{"line":333,"column":21}},"loc":{"start":{"line":333,"column":23},"end":{"line":340,"column":5}}},"44":{"name":"(anonymous_45)","decl":{"start":{"line":335,"column":36},"end":{"line":335,"column":37}},"loc":{"start":{"line":335,"column":44},"end":{"line":335,"column":68}}},"45":{"name":"(anonymous_46)","decl":{"start":{"line":343,"column":42},"end":{"line":343,"column":47}},"loc":{"start":{"line":343,"column":53},"end":{"line":377,"column":3}}},"46":{"name":"(anonymous_47)","decl":{"start":{"line":358,"column":18},"end":{"line":358,"column":21}},"loc":{"start":{"line":358,"column":23},"end":{"line":360,"column":5}}},"47":{"name":"(anonymous_48)","decl":{"start":{"line":365,"column":18},"end":{"line":365,"column":21}},"loc":{"start":{"line":365,"column":23},"end":{"line":376,"column":5}}},"48":{"name":"(anonymous_49)","decl":{"start":{"line":379,"column":44},"end":{"line":379,"column":49}},"loc":{"start":{"line":379,"column":55},"end":{"line":395,"column":3}}},"49":{"name":"(anonymous_50)","decl":{"start":{"line":385,"column":18},"end":{"line":385,"column":21}},"loc":{"start":{"line":385,"column":23},"end":{"line":387,"column":5}}},"50":{"name":"(anonymous_51)","decl":{"start":{"line":390,"column":34},"end":{"line":390,"column":35}},"loc":{"start":{"line":390,"column":4
[...]
6,"column":37}},"loc":{"start":{"line":76,"column":63},"end":{"line":93,"column":1}}},"2":{"name":"(anonymous_3)","decl":{"start":{"line":96,"column":33},"end":{"line":96,"column":38}},"loc":{"start":{"line":96,"column":64},"end":{"line":112,"column":1}}},"3":{"name":"(anonymous_4)","decl":{"start":{"line":115,"column":28},"end":{"line":115,"column":29}},"loc":{"start":{"line":115,"column":53},"end":{"line":140,"column":1}}}},"branchMap":{"0":{"loc":{"start":{"line":32,"column":4},"end":{"line":34,"column":5}},"type":"if","locations":[{"start":{"line":32,"column":4},"end":{"line":34,"column":5}},{"start":{},"end":{}}]},"1":{"loc":{"start":{"line":32,"column":8},"end":{"line":32,"column":49}},"type":"binary-expr","locations":[{"start":{"line":32,"column":8},"end":{"line":32,"column":23}},{"start":{"line":32,"column":27},"end":{"line":32,"column":49}}]},"2":{"loc":{"start":{"line":37,"column":4},"end":{"line":41,"column":5}},"type":"if","locations":[{"start":{"line":37,"column":4},"end":{"line":41,"column":5}},{"start":{"line":39,"column":11},"end":{"line":41,"column":5}}]},"3":{"loc":{"start":{"line":39,"column":11},"end":{"line":41,"column":5}},"type":"if","locations":[{"start":{"line":39,"column":11},"end":{"line":41,"column":5}},{"start":{},"end":{}}]},"4":{"loc":{"start":{"line":44,"column":4},"end":{"line":50,"column":5}},"type":"if","locations":[{"start":{"line":44,"column":4},"end":{"line":50,"column":5}},{"start":{},"end":{}}]},"5":{"loc":{"start":{"line":44,"column":8},"end":{"line":44,"column":48}},"type":"binary-expr","locations":[{"start":{"line":44,"column":8},"end":{"line":44,"column":33}},{"start":{"line":44,"column":37},"end":{"line":44,"column":48}}]},"6":{"loc":{"start":{"line":53,"column":4},"end":{"line":62,"column":5}},"type":"if","locations":[{"start":{"line":53,"column":4},"end":{"line":62,"column":5}},{"start":{},"end":{}}]},"7":{"loc":{"start":{"line":55,"column":6},"end":{"line":61,"column":7}},"type":"if","locations":[{"start":{"line":55,"column":6},"end":{"line":61,"column":7}},{"start":{},"end":{}}]},"8":{"loc":{"start":{"line":55,"column":10},"end":{"line":55,"column":71}},"type":"binary-expr","locations":[{"start":{"line":55,"column":10},"end":{"line":55,"column":23}},{"start":{"line":55,"column":27},"end":{"line":55,"column":38}},{"start":{"line":55,"column":42},"end":{"line":55,"column":71}}]},"9":{"loc":{"start":{"line":65,"column":4},"end":{"line":67,"column":5}},"type":"if","locations":[{"start":{"line":65,"column":4},"end":{"line":67,"column":5}},{"start":{},"end":{}}]},"10":{"loc":{"start":{"line":65,"column":8},"end":{"line":65,"column":51}},"type":"binary-expr","locations":[{"start":{"line":65,"column":8},"end":{"line":65,"column":24}},{"start":{"line":65,"column":28},"end":{"line":65,"column":51}}]},"11":{"loc":{"start":{"line":82,"column":4},"end":{"line":82,"column":27}},"type":"if","locations":[{"start":{"line":82,"column":4},"end":{"line":82,"column":27}},{"start":{},"end":{}}]},"12":{"loc":{"start":{"line":85,"column":4},"end":{"line":87,"column":5}},"type":"if","locations":[{"start":{"line":85,"column":4},"end":{"line":87,"column":5}},{"start":{},"end":{}}]},"13":{"loc":{"start":{"line":100,"column":2},"end":{"line":102,"column":3}},"type":"if","locations":[{"start":{"line":100,"column":2},"end":{"line":102,"column":3}},{"start":{},"end":{}}]}},"s":{"0":2,"1":2,"2":2,"3":2,"4":36,"5":36,"6":41,"7":3,"8":41,"9":4,"10":37,"11":1,"12":41,"13":2,"14":41,"15":24,"16":24,"17":12,"18":41,"19":3,"20":36,"21":2,"22":2,"23":10,"24":10,"25":10,"26":10,"27":10,"28":2,"29":8,"30":8,"31":2,"32":6,"33":0,"34":0,"35":2,"36":16,"37":16,"38":16,"39":8,"40":8,"41":8,"42":8,"43":8,"44":0,"45":0,"46":2,"47":0,"48":0,"49":0,"50":2},"f":{"0":36,"1":10,"2":16,"3":0},"b":{"0":[3,38],"1":[41,38],"2":[4,37],"3":[1,36],"4":[2,39],"5":[41,9],"6":[24,17],"7":[12,12],"8":[24,22,17],"9":[3,38],"10":[41,38],"11":[2,8],"12":[2,6],"13":[8,8]}}
,"/opt/service/workspace/app/src/resolvers/__tests__/index.test.ts": {"path":"/opt/service/workspace/app/src/resolvers/__tests__/index.test.ts","statementMap":{"0":{"start":{"line":1,"column":0},"end":{"line":1,"column":61}},"1":{"start":{"line":2,"column":0},"end":{"line":2,"column":33}},"2":{"start":{"line":3,"column":0},"end":{"line":3,"column":49}},"3":{"start":{"line":5,"column":0},"end":{"line":5,"column":49}},"4":{"start":{"line":7,"column":16},"end":{"line":10,"column":2}},"5":{"start":{"line":12,"column":0},"end":{"line":14,"column":3}},"6":{"start":{"line":13,"column":2},"end":{"line":13,"column":18}},"7":{"start":{"line":16,"column":24},"end":{"line":16,"column":44}},"8":{"start":{"line":20,"column":2},"end":{"line":31,"column":4}},"9":{"start":{"line":35,"column":0},"end":{"line":42,"column":3}},"10":{"start":{"line":36,"column":2},"end":{"line":41,"column":5}},"11":{"start":{"line":37,"column":19},"end":{"line":39,"column":6}},"12":{"start":{"line":40,"column":4},"end":{"line":40,"column":35}},"13":{"start":{"line":45,"column":0},"end":{"line":204,"column":3}},"14":{"start":{"line":46,"column":2},"end":{"line":67,"column":5}},"15":{"start":{"line":47,"column":29},"end":{"line":49,"column":6}},"16":{"start":{"line":51,"column":23},"end":{"line":53,"column":6}},"17":{"start":{"line":54,"column":4},"end":{"line":54,"column":47}},"18":{"start":{"line":55,"column":4},"end":{"line":55,"column":51}},"19":{"start":{"line":57,"column":22},"end":{"line":59,"column":6}},"20":{"start":{"line":60,"column":4},"end":{"line":60,"column":42}},"21":{"start":{"line":61,"column":4},"end":{"line":61,"column":48}},"22":{"start":{"line":62,"column":4},"end":{"line":62,"column":59}},"23":{"start":{"line":63,"column":4},"end":{"line":63,"column":59}},"24":{"start":{"line":64,"column":4},"end":{"line":64,"column":53}},"25":{"start":{"line":65,"column":4},"end":{"line":65,"column":51}},"26":{"start":{"line":66,"column":4},"end":{"line":66,"column":61}},"27":{"start":{"line":69,"column":2},"end":{"line":80,"column":5}},"28":{"start":{"line":70,"column":29},"end":{"line":70,"column":68}},"29":{"start":{"line":72,"column":19},"end":{"line":74,"column":6}},"30":{"start":{"line":75,"column":4},"end":{"line":75,"column":44}},"31":{"start":{"line":76,"column":4},"end":{"line":76,"column":45}},"32":{"start":{"line":77,"column":4},"end":{"line":79,"column":6}},"33":{"start":{"line":82,"column":2},"end":{"line":96,"column":5}},"34":{"start":{"line":83,"column":29},"end":{"line":83,"column":84}},"35":{"start":{"line":85,"column":19},"end":{"line":87,"column":6}},"36":{"start":{"line":88,"column":4},"end":{"line":88,"column":44}},"37":{"start":{"line":89,"column":4},"end":{"line":95,"column":6}},"38":{"start":{"line":98,"column":2},"end":{"line":117,"column":5}},"39":{"start":{"line":99,"column":27},"end":{"line":99,"column":52}},"40":{"start":{"line":101,"column":4},"end":{"line":116,"column":5}},"41":{"start":{"line":102,"column":6},"end":{"line":102,"column":22}},"42":{"start":{"line":103,"column":31},"end":{"line":103,"column":82}},"43":{"start":{"line":105,"column":21},"end":{"line":107,"column":8}},"44":{"start":{"line":108,"column":6},"end":{"line":108,"column":46}},"45":{"start":{"line":109,"column":6},"end":{"line":115,"column":8}},"46":{"start":{"line":119,"column":2},"end":{"line":127,"column":5}},"47":{"start":{"line":120,"column":29},"end":{"line":120,"column":85}},"48":{"start":{"line":122,"column":19},"end":{"line":124,"column":6}},"49":{"start":{"line":125,"column":4},"end":{"line":125,"column":43}},"50":{"start":{"line":126,"column":4},"end":{"line":126,"column":47}},"51":{"start":{"line":129,"column":2},"end":{"line":137,"column":5}},"52":{"start":{"line":130,"column":29},"end":{"line":130,"column":85}},"53":{"start":{"line":132,"column":19},"end":{"line":134,"column":6}},"54":{"start":{"line":135,"column":4},"end":{"line":135,"column":43}},"55":{"start":{"line":136,"column":4},"end":{"line":136,"column":47}},"56":{"start":{"line":139,"column":2},"end":{"line":149,"column":5}},"57":{"start":{"line":140,"column":29},"end":{"line":140,"column":68}},"58":{"start":{"line":142,"column":19},"end":{"line":144,"column":6}},"59":{"start":{"line":145,"column":4},"end":{"line":145,"column":44}},"60":{"start":{"line":146,"column":4},"end":{"line":148,"column":6}},"61":{"start":{"line":151,"column":2},"end":{"line":161,"column":5}},"62":{"start":{"line":152,"column":29},"end":{"line":152,"column":69}},"63":{"start":{"line":154,"column":19},"end":{"line":156,"column":6}},"64":{"start":{"line":157,"column":4},"end":{"line":157,"column":44}},"65":{"start":{"line":158,"column":4},"end":{"line":160,"column":6}},"66":{"start":{"line":163,"column":2},"end":{"line":177,"column":5}},"67":{"start":{"line":165,"column":4},"end":{"line":168,"column":7}},"68":{"start":{"line":170,"column":19},"end":{"line":172,"column":6}},"69":{"start":{"line":173,"column":4},"end":{"line":173,"column":39}},"70":{"start":{"line":174,"column":4},"end":{"line":174,"column":63}},"71":{"start":{"line":175,"column":4},"end":{"line":175,"column":45}},"72":{"start":{"line":176,"column":4},"end":{"line":176,"column":67}},"73":{"start":{"line":179,"column":2},"end":{"line":203,"column":5}},"74":{"start":{"line":180,"column":42},"end":{"line":186,"column":6}},"75":{"start":{"line":187,"column":29},"end":{"line":189,"column":6}},"76":{"start":{"line":191,"column":23},"end":{"line":193,"column":6}},"77":{"start":{"line":194,"column":4},"end":{"line":194,"column":47}},"78":{"start":{"line":196,"column":22},"end":{"line":198,"column":6}},"79":{"start":{"line":199,"column":4},"end":{"line":199,"column":42}},"80":{"start":{"line":200,"column":4},"end":{"line":200,"column":60}},"81":{"start":{"line":201,"column":4},"end":{"line":201,"column":48}},"82":{"start":{"line":202,"column":4},"end":{"line":202,"column":65}},"83":{"start":{"line":207,"column":0},"end":{"line":304,"column":3}},"84":{"start":{"line":208,"column":2},"end":{"line":216,"column":5}},"85":{"start":{"line":209,"column":29},"end":{"line":213,"column":6}},"86":{"start":{"line":214,"column":19},"end":{"line":214,"column":37}},"87":{"start":{"line":215,"column":4},"end":{"line":215,"column":31}},"88":{"start":{"line":218,"column":2},"end":{"line":223,"column":5}},"89":{"start":{"line":219,"column":19},"end":{"line":219,"column":72}},"90":{"start":{"line":220,"column":4},"end":{"line":222,"column":6}},"91":{"start":{"line":225,"column":2},"end":{"line":234,"column":5}},"92":{"start":{"line":227,"column":16},"end":{"line":227,"column":37}},"93":{"start":{"line":229,"column":5},"end":{"line":229,"column":42}},"94":{"start":{"line":230,"column":19},"end":{"line":230,"column":38}},"95":{"start":{"line":231,"column":4},"end":{"line":233,"column":6}},"96":{"start":{"line":236,"column":2},"end":{"line":245,"column":5}},"97":{"start":{"line":237,"column":19},"end":{"line":237,"column":88}},"98":{"start":{"line":238,"column":4},"end":{"line":244,"column":6}},"99":{"start":{"line":247,"column":2},"end":{"line":259,"column":5}},"100":{"start":{"line":248,"column":22},"end":{"line":248,"column":66}},"101":{"start":{"line":249,"column":4},"end":{"line":258,"column":5}},"102":{"start":{"line":250,"column":21},"end":{"line":250,"column":86}},"103":{"start":{"line":251,"column":6},"end":{"line":257,"column":8}},"104":{"start":{"line":261,"column":2},"end":{"line":268,"column":5}},"105":{"start":{"line":262,"column":23},"end":{"line":262,"column":49}},"106":{"start":{"line":263,"column":4},"end":{"line":267,"column":5}},"107":{"start":{"line":264,"column":21},"end":{"line":264,"column":86}},"108":{"start":{"line":265,"column":27},"end":{"line":265,"column":69}},"109":{"start":{"line":265,"column":48},"end":{"line":265,"column":68}},"110":{"start":{"line":266,"column":6},"end":{"line":266,"column":43}},"111":{"start":{"line":270,"column":2},"end":{"line":274,"column":5}},"112":{"start":{"line":271,"column":16},"end":{"line":271,"column":100}},"113":{"start":{"line":272,"column":19},"end":{"line":272,"column":38}},"114":{"start":{"line":273,"column":4},"end":{"line":273,"column":84}},"115":{"start":{"line":273,"column":32},"end":{"line":273,"column":48}},"116":{"start":{"line":276,"column":2},"end":{"line":284,"column":5}},"117":{"start":{"line":277,"column":29},"end":{"line":280,"column":6}},"118":{"start":{"line":281,"column":19},"end":{"line":281,"column":37}},"119":{"start":{"line":282,"column":4},"end":{"line":282,"column":67}},"120":{"start":{"line":282,"column":32},"end":{"line":282,"column":48}},"121":{"start":{"line":283,"column":4},"end":{"line":283,"column":77}},"122":{"start":{"line":283,"column":32},"end":{"line":283,"column":48}},"123":{"start":{"line":286,"column":2},"end":{"line":289,"column":5}},"124":{"start":{"line":287,"column":19},"end":{"line":287,"column":35}},"125":{"start":{"line":288,"column":4},"end":{"line":288,"column":31}},"126":{"start":{"line":291,"column":2},"end":{"line":296,"column":5}},"127":{"start":{"line":292,"column":19},"end":{"line":292,"column":72}},"128":{"start":{"line":293,"column":4},"end":{"line":295,"column":6}},"129":{"start":{"line":298,"column":2},"end":{"line":303,"column":5}},"130":{"start":{"line":299,"column":19},"end":{"line":299,"column":73}},"131":{"start":{"line":300,"column":4},"end":{"line":302,"column":6}}},"fnMap":{"0":{"name":"(anonymous_0)","decl":{"start":{"line":12,"column":11},"end":{"line":12,"column":14}},"loc":{"start":{"line":12,"column":16},"end":{"line":14,"column":1}}},"1":{"name":"makeRow","decl":{"start":{"line":19,"column":9},"end":{"line":19,"column":16}},"loc":{"start":{"line":19,"column":50},"end":{"line":32,"column":1}}},"2":{"name":"(anonymous_2)","decl":{"start":{"line":35,"column":25},"end":{"line":35,"column":28}},"loc":{"start":{"line":35,"column":30},"end":{"line":42,"column":1}}},"3":{"name":"(anonymous_3)","decl":{"start":{"line":36,"column":54},"end":{"line":36,"column":59}},"loc":{"start":{"line":36,"column":65},"end":{"line":41,"column":3}}},"4":{"name":"(anonymous_4)","decl":{"start":{"line":45,"column":26},"end":{"line":45,"column":29}},"loc":{"start":{"line":45,"column":31},"end":{"line":204,"column":1}}},"5":{"name":"(anonymous_5)","decl":{"start":{"line":46,"column":57},"end":{"line":46,"column":62}},"loc":{"start":{"line":46,"column":68},"end":{"line":67,"column":3}}},"6":{"name":"(anonymous_6)","decl":{"start":{"line":69,"column":59},"end":{"line":69,"column":64}},"loc":{"start":{"line":69,"column":70},"end":{"line":80,"column":3}}},"7":{"name":"(anonymous_7)","decl":{"start":{"line":82,"column":80},"end":{"line":82,"column":85}},"loc":{"start":{"line":82,"column":91},"end":{"line":96,"column":3}}},"8":{"name":"(anonymous_8)","decl":{"start":{"line":98,"column":72},"end":{"line":98,"column":77}},"loc":{"start":{"line":98,"column":83},"end":{"line":117,"column":3}}},"9":{"name":"(anonymous_9)","decl":{"start":{"line":119,"column":65},"end":{"line":119,"column":70}},"loc":{"start":{"line":119,"column":76},"end":{"line":127,"column":3}}},"10":{"name":"(anonymous_10)","decl":{"start":{"line":129,"column":65},"end":{"line":129,"column":70}},"loc":{"start":{"line":129,"column":76},"end":{"line":137,"column":3}}},"11":{"name":"(anonymous_11)","decl":{"start":{"line":139,"column":59},"end":{"line":139,"column":64}},"loc":{"start":{"line":139,"column":70},"end":{"line":149,"column":3}}},"12":{"name":"(anonymous_12)","decl":{"start":{"line":151,"column":60},"end":{"line":151,"column":65}},"loc":{"start":{"line":151,"column":71},"end":{"line":161,"column":3}}},"13":{"name":"(anonymous_13)","decl":{"start":{"line":163,"column":75},"end":{"line":163,"column":80}},"loc":{"start":{"line":163,"column":86},"end":{"line":177,"column":3}}},"14":{"name":"(anonymous_14)","decl":{"start":{"line":179,"column":47},"end":{"line":179,"column":52}},"loc":{"start":{"line":179,"column":58},"end":{"line":203,"column":3}}},"15":{"name":"(anonymous_15)","decl":{"start":{"line":207,"column":25},"end":{"line":207,"column":28}},"loc":{"start":{"line":207,"column":30},"end":{"line":304,"column":1}}},"16":{"name":"(anonymous_16)","decl":{"start":{"line":208,"column":43},"end":{"line":208,"column":46}},"loc":{"start":{"line":208,"column":48},"end":{"line":216,"column":3}}},"17":{"name":"(anonymous_17)","decl":{"start":{"line":218,"column":44},"end":{"line":218,"column":47}},"loc":{"start":{"line":218,"column":49},"end":{"line":223,"column":3}}},"18":{"name":"(anonymous_18)","decl":{"start":{"line":225,"column":49},"end":{"line":225,"column":52}},"loc":{"start":{"line":225,"column":54},"end":{"line":234,"column":3}}},"19":{"name":"(anonymous_19)","decl":{"start":{"line":236,"column":72},"end":{"line":236,"column":75}},"loc":{"start":{"line":236,"column":77},"end":{"line":245,"column":3}}},"20":{"name":"(anonymous_20)","decl":{"start":{"line":247,"column":59},"end":{"line":247,"column":62}},"loc":{"start":{"line":247,"column":64},"end":{"line":259,"column":3}}},"21":{"name":"(anonymous_21)","decl":{"start":{"line":261,"column":47},"end":{"line":261,"column":50}},"loc":{"start":{"line":261,"column":52},"end":{"line":268,"column":3}}},"22":{"name":"(anonymous_22)","decl":{"start":{"line":265,"column":41},"end":{"line":265,"column":42}},"loc":{"start":{"line":265,"column":48},"end":{"line":265,"column":68}}},"23":{"name":"(anonymous_23)","decl":{"start":{"line":270,"column":52},"end":{"line":270,"column":55}},"loc":{"start":{"line":270,"column":57},"end":{"line":274,"column":3}}},"24":{"name":"(anonymous_24)","decl":{"start":{"line":273,"column":25},"end":{"line":273,"column":26}},"loc":{"start":{"line":273,"column":32},"end":{"line":273,"column":48}}},"25":{"name":"(anonymous_25)","decl":{"start":{"line":276,"column":41},"end":{"line":276,"column":44}},"loc":{"start":{"line":276,"column":46},"end":{"line":284,"column":3}}},"26":{"name":"(anonymous_26)","decl":{"start":{"line":282,"column":25},"end":{"line":282,"column":26}},"loc":{"start":{"line":282,"column":32},"end":{"line":282,"column":48}}},"27":{"name":"(anonymous_27)","decl":{"start":{"line":283,"column":25},"end":{"line":283,"column":26}},"loc":{"start":{"line":283,"column":32},"end":{"line":283,"column":48}}},"28":{"name":"(anonymous_28)","decl":{"start":{"line":286,"column":49},"end":{"line":286,"column":52}},"loc":{"start":{"line":286,"column":54},"end":{"line":289,"column":3}}},"29":{"name":"(anonymous_29)","decl":{"start":{"line":291,"column":47},"end":{"line":291,"column":50}},"loc":{"start":{"line":291,"column":52},"end":{"line":296,"column":3}}},"30":{"name":"(anonymous_30)","decl":{"start":{"line":298,"column":48},"end":{"line":298,"column":51}},"loc":{"start":{"line":298,"column":53},"end":{"line":303,"column":3}}}},"branchMap":{"0":{"loc":{"start":{"line":19,"column":17},"end":{"line":19,"column":50}},"type":"default-arg","locations":[{"start":{"line":19,"column":48},"end":{"line":19,"column":50}}]}},"s":{"0":0,"1":0,"2":0,"3":0,"4":0,"5":0,"6":0,"7":0,"8":0,"9":0,"10":0,"11":0,"12":0,"13":0,"14":0,"15":0,"16":0,"17":0,"18":0,"19":0,"20":0,"21":0,"22":0,"23":0,"24":0,"25":0,"26":0,"27":0,"28":0,"29":0,"30":0,"31":0,"32":0,"33":0,"34":0,"35":0,"36":0,"37":0,"38":0,"39":0,"40":0,"41":0,"42":0,"43":0,"44":0,"45":0,"46":0,"47":0,"48":0,"49":0,"50":0,"51":0,"52":0,"53":0,"54":0,"55":0,"56":0,"57":0,"58":0,"59":0,"60":0,"61":0,"62":0,"63":0,"64":0,"65":0,"66":0,"67":0,"68":0,"69":0,"70":0,"71":0,"72":0,"73":0,"74":0,"75":0,"76":0,"77":0,"78":0,"79":0,"80":0,"81":0,"82":0,"83":0,"84":0,"85":0,"86":0,"87":0,"88":0,"89":0,"90":0,"91":0,"92":0,"93":0,"94":0,"95":0,"96":0,"97":0,"98":0,"99":0,"100":0,"101":0,"102":0,"103":0,"104":0,"105":0,"106":0,"107":0,"108":0,"109":0,"110":0,"111":0,"112":0,"113":0,"114":0,"115":0,"116":0,"117":0,"118":0,"119":0,"120":0,"121":0,"122":0,"123":0,"124":0,"125":0,"126":0,"127":0,"128":0,"129":0,"130":0,"131":0},"f":{"0":0,"1":0,"2":0,"3":0,"4":0,"5":0,"6":0,"7":0,"8":0,"9":0,"10":0,"11":0,"12":0,"13":0,"14":0,"15":0,"16":0,"17":0,"18":0,"19":0,"20":0,"21":0,"22":0,"23":0,"24":0,"25":0,"26":0,"27":0,"28":0,"29":0,"30":0},"b":{"0":[0]}}
}
