TN:
SF:src/index.ts
FN:1,(anonymous_0)
FNF:1
FNH:0
FNDA:0,(anonymous_0)
DA:1,0
LF:1
LH:0
BRF:0
BRH:0
end_of_record
TN:
SF:src/setupTests.ts
FN:16,(anonymous_0)
FN:25,(anonymous_1)
FN:26,(anonymous_2)
FNF:3
FNH:0
FNDA:0,(anonymous_0)
FNDA:0,(anonymous_1)
FNDA:0,(anonymous_2)
DA:1,0
DA:9,0
DA:10,0
DA:17,0
DA:18,0
DA:19,0
DA:20,0
DA:25,0
DA:26,0
LF:9
LH:0
BRDA:9,0,0,0
BRDA:9,0,1,0
BRDA:17,1,0,0
BRDA:17,1,1,0
BRDA:18,2,0,0
BRDA:18,2,1,0
BRDA:19,3,0,0
BRDA:19,3,1,0
BRDA:20,4,0,0
BRDA:20,4,1,0
BRF:10
BRH:0
end_of_record
TN:
SF:src/__tests__/forge-context-api.test.ts
FN:6,(anonymous_0)
FN:7,(anonymous_1)
FN:15,(anonymous_2)
FN:22,(anonymous_3)
FNF:4
FNH:0
FNDA:0,(anonymous_0)
FNDA:0,(anonymous_1)
FNDA:0,(anonymous_2)
FNDA:0,(anonymous_3)
DA:1,0
DA:2,0
DA:6,0
DA:7,0
DA:8,0
DA:11,0
DA:12,0
DA:15,0
DA:16,0
DA:17,0
DA:18,0
DA:19,0
DA:22,0
DA:23,0
DA:26,0
DA:28,0
DA:29,0
LF:17
LH:0
BRF:0
BRH:0
end_of_record
TN:
SF:src/__tests__/integration.test.ts
FN:19,(anonymous_0)
FN:23,(anonymous_1)
FN:24,(anonymous_2)
FN:56,(anonymous_3)
FN:63,(anonymous_4)
FN:118,(anonymous_5)
FN:136,(anonymous_6)
FNF:7
FNH:0
FNDA:0,(anonymous_0)
FNDA:0,(anonymous_1)
FNDA:0,(anonymous_2)
FNDA:0,(anonymous_3)
FNDA:0,(anonymous_4)
FNDA:0,(anonymous_5)
FNDA:0,(anonymous_6)
DA:1,0
DA:2,0
DA:4,0
DA:6,0
DA:11,0
DA:19,0
DA:20,0
DA:23,0
DA:24,0
DA:25,0
DA:32,0
DA:35,0
DA:38,0
DA:41,0
DA:42,0
DA:43,0
DA:44,0
DA:47,0
DA:50,0
DA:53,0
DA:56,0
DA:57,0
DA:60,0
DA:63,0
DA:64,0
DA:71,0
DA:79,0
DA:82,0
DA:88,0
DA:91,0
DA:94,0
DA:97,0
DA:100,0
DA:103,0
DA:104,0
DA:105,0
DA:106,0
DA:109,0
DA:112,0
DA:113,0
DA:114,0
DA:115,0
DA:118,0
DA:120,0
DA:128,0
DA:131,0
DA:132,0
DA:133,0
DA:136,0
DA:137,0
DA:144,0
DA:149,0
DA:152,0
DA:155,0
DA:158,0
DA:159,0
DA:160,0
DA:161,0
DA:162,0
DA:163,0
DA:164,0
DA:165,0
DA:166,0
LF:63
LH:0
BRF:0
BRH:0
end_of_record
TN:
SF:src/frontend/index.tsx
FN:26,(anonymous_9)
FN:51,isPreviewMode
FN:158,validateRows
FN:196,getFieldError
FN:197,(anonymous_13)
FN:202,(anonymous_14)
FN:206,(anonymous_15)
FN:207,(anonymous_16)
FN:208,(anonymous_17)
FN:209,(anonymous_18)
FN:215,(anonymous_19)
FN:220,(anonymous_20)
FN:226,(anonymous_21)
FN:231,(anonymous_22)
FN:242,(anonymous_23)
FN:243,(anonymous_24)
FN:243,(anonymous_25)
FN:244,(anonymous_26)
FN:244,(anonymous_27)
FN:250,(anonymous_28)
FN:251,(anonymous_29)
FN:252,(anonymous_30)
FN:257,(anonymous_31)
FN:257,(anonymous_32)
FN:263,(anonymous_33)
FN:264,(anonymous_34)
FN:264,(anonymous_35)
FN:265,(anonymous_36)
FN:265,(anonymous_37)
FN:271,(anonymous_38)
FN:272,(anonymous_39)
FN:272,(anonymous_40)
FN:278,(anonymous_41)
FN:279,(anonymous_42)
FN:280,(anonymous_43)
FN:289,(anonymous_44)
FN:290,(anonymous_45)
FN:290,(anonymous_46)
FN:296,(anonymous_47)
FN:297,(anonymous_48)
FN:297,(anonymous_49)
FN:298,(anonymous_50)
FN:298,(anonymous_51)
FN:304,(anonymous_52)
FN:305,(anonymous_53)
FN:305,(anonymous_54)
FN:311,(anonymous_55)
FN:312,(anonymous_56)
FN:318,(anonymous_57)
FN:319,(anonymous_58)
FN:325,(anonymous_59)
FN:326,(anonymous_60)
FN:332,(anonymous_61)
FN:333,(anonymous_62)
FN:339,(anonymous_63)
FN:340,(anonymous_64)
FN:345,(anonymous_65)
FN:357,(anonymous_66)
FN:360,(anonymous_67)
FN:361,(anonymous_68)
FN:361,(anonymous_69)
FN:362,(anonymous_70)
FN:362,(anonymous_71)
FN:365,(anonymous_72)
FN:378,(anonymous_73)
FN:387,(anonymous_74)
FN:506,(anonymous_75)
FN:523,(anonymous_76)
FN:542,(anonymous_77)
FN:562,(anonymous_78)
FN:585,(anonymous_79)
FN:595,(anonymous_80)
FN:606,(anonymous_81)
FN:617,(anonymous_82)
FN:634,(anonymous_83)
FN:641,(anonymous_84)
FNF:76
FNH:22
FNDA:6,(anonymous_9)
FNDA:16,isPreviewMode
FNDA:8,validateRows
FNDA:124,getFieldError
FNDA:21,(anonymous_13)
FNDA:44,(anonymous_14)
FNDA:16,(anonymous_15)
FNDA:16,(anonymous_16)
FNDA:16,(anonymous_17)
FNDA:16,(anonymous_18)
FNDA:16,(anonymous_19)
FNDA:16,(anonymous_20)
FNDA:14,(anonymous_21)
FNDA:0,(anonymous_22)
FNDA:0,(anonymous_23)
FNDA:0,(anonymous_24)
FNDA:0,(anonymous_25)
FNDA:0,(anonymous_26)
FNDA:0,(anonymous_27)
FNDA:0,(anonymous_28)
FNDA:0,(anonymous_29)
FNDA:0,(anonymous_30)
FNDA:0,(anonymous_31)
FNDA:0,(anonymous_32)
FNDA:0,(anonymous_33)
FNDA:0,(anonymous_34)
FNDA:0,(anonymous_35)
FNDA:0,(anonymous_36)
FNDA:0,(anonymous_37)
FNDA:0,(anonymous_38)
FNDA:0,(anonymous_39)
FNDA:0,(anonymous_40)
FNDA:0,(anonymous_41)
FNDA:0,(anonymous_42)
FNDA:0,(anonymous_43)
FNDA:0,(anonymous_44)
FNDA:0,(anonymous_45)
FNDA:0,(anonymous_46)
FNDA:0,(anonymous_47)
FNDA:0,(anonymous_48)
FNDA:0,(anonymous_49)
FNDA:0,(anonymous_50)
FNDA:0,(anonymous_51)
FNDA:0,(anonymous_52)
FNDA:0,(anonymous_53)
FNDA:0,(anonymous_54)
FNDA:0,(anonymous_55)
FNDA:0,(anonymous_56)
FNDA:0,(anonymous_57)
FNDA:0,(anonymous_58)
FNDA:0,(anonymous_59)
FNDA:0,(anonymous_60)
FNDA:0,(anonymous_61)
FNDA:0,(anonymous_62)
FNDA:0,(anonymous_63)
FNDA:0,(anonymous_64)
FNDA:1,(anonymous_65)
FNDA:1,(anonymous_66)
FNDA:1,(anonymous_67)
FNDA:1,(anonymous_68)
FNDA:2,(anonymous_69)
FNDA:1,(anonymous_70)
FNDA:0,(anonymous_71)
FNDA:8,(anonymous_72)
FNDA:0,(anonymous_73)
FNDA:0,(anonymous_74)
FNDA:31,(anonymous_75)
FNDA:0,(anonymous_76)
FNDA:0,(anonymous_77)
FNDA:0,(anonymous_78)
FNDA:0,(anonymous_79)
FNDA:0,(anonymous_80)
FNDA:0,(anonymous_81)
FNDA:0,(anonymous_82)
FNDA:0,(anonymous_83)
FNDA:1,(anonymous_84)
DA:1,1
DA:2,1
DA:18,1
DA:19,1
DA:20,1
DA:22,1
DA:25,1
DA:26,6
DA:27,1
DA:32,1
DA:37,1
DA:45,1
DA:52,16
DA:57,1
DA:61,1
DA:66,1
DA:73,1
DA:77,1
DA:84,1
DA:88,1
DA:99,1
DA:105,1
DA:111,1
DA:117,1
DA:124,1
DA:130,1
DA:137,1
DA:143,1
DA:150,1
DA:159,8
DA:161,8
DA:163,8
DA:164,1
DA:168,8
DA:169,1
DA:170,7
DA:171,0
DA:175,8
DA:176,1
DA:180,8
DA:181,2
DA:182,2
DA:183,1
DA:188,8
DA:189,2
DA:193,8
DA:197,124
DA:202,1
DA:203,44
DA:204,44
DA:206,44
DA:207,44
DA:208,44
DA:209,44
DA:210,44
DA:211,44
DA:212,44
DA:215,44
DA:216,16
DA:220,44
DA:221,16
DA:222,2
DA:225,14
DA:227,14
DA:228,14
DA:229,14
DA:232,0
DA:233,0
DA:237,0
DA:241,44
DA:243,0
DA:244,0
DA:249,44
DA:251,0
DA:252,0
DA:253,0
DA:257,0
DA:262,44
DA:264,0
DA:265,0
DA:270,44
DA:272,0
DA:277,44
DA:279,0
DA:280,0
DA:281,0
DA:288,44
DA:290,0
DA:295,44
DA:297,0
DA:298,0
DA:303,44
DA:305,0
DA:310,44
DA:312,0
DA:317,44
DA:319,0
DA:324,44
DA:326,0
DA:331,44
DA:333,0
DA:338,44
DA:340,0
DA:345,44
DA:346,1
DA:357,1
DA:360,44
DA:361,2
DA:362,1
DA:365,44
DA:367,8
DA:370,8
DA:371,8
DA:372,8
DA:373,4
DA:376,4
DA:377,0
DA:378,0
DA:379,0
DA:382,4
DA:383,4
DA:384,4
DA:385,4
DA:386,3
DA:387,3
DA:389,1
DA:390,1
DA:391,0
DA:392,0
DA:394,1
DA:398,0
DA:399,0
DA:400,0
DA:404,0
DA:406,4
DA:411,44
DA:412,14
DA:419,30
DA:507,31
DA:508,31
DA:509,31
DA:510,31
DA:511,31
DA:513,31
DA:523,0
DA:542,0
DA:562,0
DA:585,0
DA:595,0
DA:606,0
DA:617,0
DA:634,0
DA:641,1
DA:673,1
LF:154
LH:112
BRDA:52,0,0,16
BRDA:52,0,1,16
BRDA:163,1,0,1
BRDA:163,1,1,7
BRDA:168,2,0,1
BRDA:168,2,1,7
BRDA:170,3,0,0
BRDA:170,3,1,7
BRDA:175,4,0,1
BRDA:175,4,1,7
BRDA:175,5,0,8
BRDA:175,5,1,2
BRDA:180,6,0,2
BRDA:180,6,1,6
BRDA:182,7,0,1
BRDA:182,7,1,1
BRDA:182,8,0,2
BRDA:182,8,1,2
BRDA:188,9,0,2
BRDA:188,9,1,6
BRDA:197,10,0,21
BRDA:197,10,1,21
BRDA:207,11,0,2
BRDA:207,11,1,14
BRDA:208,12,0,2
BRDA:208,12,1,14
BRDA:221,13,0,2
BRDA:221,13,1,14
BRDA:221,14,0,16
BRDA:221,14,1,14
BRDA:227,15,0,14
BRDA:227,15,1,0
BRDA:228,16,0,14
BRDA:228,16,1,0
BRDA:235,17,0,0
BRDA:235,17,1,0
BRDA:243,18,0,0
BRDA:243,18,1,0
BRDA:244,19,0,0
BRDA:244,19,1,0
BRDA:253,20,0,0
BRDA:253,20,1,0
BRDA:253,21,0,0
BRDA:253,21,1,0
BRDA:257,22,0,0
BRDA:257,22,1,0
BRDA:257,22,2,0
BRDA:264,23,0,0
BRDA:264,23,1,0
BRDA:265,24,0,0
BRDA:265,24,1,0
BRDA:272,25,0,0
BRDA:272,25,1,0
BRDA:281,26,0,0
BRDA:281,26,1,0
BRDA:281,27,0,0
BRDA:281,27,1,0
BRDA:290,28,0,0
BRDA:290,28,1,0
BRDA:297,29,0,0
BRDA:297,29,1,0
BRDA:298,30,0,0
BRDA:298,30,1,0
BRDA:305,31,0,0
BRDA:305,31,1,0
BRDA:312,32,0,0
BRDA:312,32,1,0
BRDA:319,33,0,0
BRDA:319,33,1,0
BRDA:326,34,0,0
BRDA:326,34,1,0
BRDA:333,35,0,0
BRDA:333,35,1,0
BRDA:340,36,0,0
BRDA:340,36,1,0
BRDA:372,37,0,4
BRDA:372,37,1,4
BRDA:376,38,0,0
BRDA:376,38,1,4
BRDA:385,39,0,3
BRDA:385,39,1,1
BRDA:390,40,0,0
BRDA:390,40,1,1
BRDA:390,41,0,1
BRDA:390,41,1,0
BRDA:398,42,0,0
BRDA:398,42,1,0
BRDA:402,43,0,0
BRDA:402,43,1,0
BRDA:411,44,0,14
BRDA:411,44,1,30
BRDA:449,45,0,6
BRDA:449,45,1,24
BRDA:460,46,0,30
BRDA:460,46,1,4
BRDA:461,47,0,3
BRDA:461,47,1,1
BRDA:519,48,0,1
BRDA:519,48,1,30
BRDA:523,49,0,0
BRDA:523,49,1,0
BRDA:527,50,0,31
BRDA:527,50,1,1
BRDA:538,51,0,1
BRDA:538,51,1,30
BRDA:541,52,0,28
BRDA:541,52,1,3
BRDA:546,53,0,31
BRDA:546,53,1,1
BRDA:557,54,0,2
BRDA:557,54,1,29
BRDA:562,55,0,0
BRDA:562,55,1,0
BRDA:563,56,0,9
BRDA:563,56,1,22
BRDA:565,57,0,31
BRDA:565,57,1,9
BRDA:572,58,0,31
BRDA:572,58,1,2
BRDA:585,59,0,0
BRDA:585,59,1,0
BRDA:594,60,0,2
BRDA:594,60,1,29
BRDA:606,61,0,0
BRDA:606,61,1,0
BRDA:614,62,0,2
BRDA:614,62,1,29
BRDA:617,63,0,0
BRDA:617,63,1,0
BRDA:621,64,0,31
BRDA:621,64,1,2
BRDA:634,65,0,0
BRDA:634,65,1,0
BRDA:651,66,0,30
BRDA:651,66,1,4
BRDA:664,67,0,4
BRDA:664,67,1,26
BRF:137
BRH:74
end_of_record
TN:
SF:src/frontend/__tests__/index.test.tsx
FN:12,setupContext
FN:23,mockGetTableData
FN:28,mockSaveTableData
FN:32,(anonymous_4)
FN:33,(anonymous_5)
FN:38,(anonymous_6)
FN:50,(anonymous_7)
FN:55,(anonymous_8)
FN:62,(anonymous_9)
FN:70,(anonymous_10)
FN:76,(anonymous_11)
FN:86,(anonymous_12)
FN:92,(anonymous_13)
FN:101,(anonymous_14)
FN:107,(anonymous_15)
FN:116,(anonymous_16)
FN:125,(anonymous_17)
FN:133,(anonymous_18)
FN:137,(anonymous_19)
FN:145,(anonymous_20)
FN:152,(anonymous_21)
FN:166,(anonymous_22)
FN:175,(anonymous_23)
FN:182,(anonymous_24)
FN:187,(anonymous_25)
FN:196,(anonymous_26)
FN:203,(anonymous_27)
FN:208,(anonymous_28)
FN:218,(anonymous_29)
FN:230,(anonymous_30)
FN:235,(anonymous_31)
FN:244,(anonymous_32)
FN:251,(anonymous_33)
FN:256,(anonymous_34)
FN:265,(anonymous_35)
FN:272,(anonymous_36)
FN:277,(anonymous_37)
FN:286,(anonymous_38)
FN:293,(anonymous_39)
FN:298,(anonymous_40)
FN:304,(anonymous_41)
FN:316,(anonymous_42)
FN:329,(anonymous_43)
FN:333,(anonymous_44)
FN:335,(anonymous_45)
FN:343,(anonymous_46)
FN:358,(anonymous_47)
FN:365,(anonymous_48)
FN:379,(anonymous_49)
FN:385,(anonymous_50)
FN:390,(anonymous_51)
FNF:51
FNH:0
FNDA:0,setupContext
FNDA:0,mockGetTableData
FNDA:0,mockSaveTableData
FNDA:0,(anonymous_4)
FNDA:0,(anonymous_5)
FNDA:0,(anonymous_6)
FNDA:0,(anonymous_7)
FNDA:0,(anonymous_8)
FNDA:0,(anonymous_9)
FNDA:0,(anonymous_10)
FNDA:0,(anonymous_11)
FNDA:0,(anonymous_12)
FNDA:0,(anonymous_13)
FNDA:0,(anonymous_14)
FNDA:0,(anonymous_15)
FNDA:0,(anonymous_16)
FNDA:0,(anonymous_17)
FNDA:0,(anonymous_18)
FNDA:0,(anonymous_19)
FNDA:0,(anonymous_20)
FNDA:0,(anonymous_21)
FNDA:0,(anonymous_22)
FNDA:0,(anonymous_23)
FNDA:0,(anonymous_24)
FNDA:0,(anonymous_25)
FNDA:0,(anonymous_26)
FNDA:0,(anonymous_27)
FNDA:0,(anonymous_28)
FNDA:0,(anonymous_29)
FNDA:0,(anonymous_30)
FNDA:0,(anonymous_31)
FNDA:0,(anonymous_32)
FNDA:0,(anonymous_33)
FNDA:0,(anonymous_34)
FNDA:0,(anonymous_35)
FNDA:0,(anonymous_36)
FNDA:0,(anonymous_37)
FNDA:0,(anonymous_38)
FNDA:0,(anonymous_39)
FNDA:0,(anonymous_40)
FNDA:0,(anonymous_41)
FNDA:0,(anonymous_42)
FNDA:0,(anonymous_43)
FNDA:0,(anonymous_44)
FNDA:0,(anonymous_45)
FNDA:0,(anonymous_46)
FNDA:0,(anonymous_47)
FNDA:0,(anonymous_48)
FNDA:0,(anonymous_49)
FNDA:0,(anonymous_50)
FNDA:0,(anonymous_51)
DA:1,0
DA:2,0
DA:3,0
DA:4,0
DA:5,0
DA:6,0
DA:8,0
DA:10,0
DA:13,0
DA:24,0
DA:25,0
DA:29,0
DA:32,0
DA:33,0
DA:34,0
DA:35,0
DA:38,0
DA:39,0
DA:40,0
DA:44,0
DA:47,0
DA:50,0
DA:51,0
DA:55,0
DA:56,0
DA:57,0
DA:59,0
DA:62,0
DA:63,0
DA:67,0
DA:70,0
DA:71,0
DA:72,0
DA:74,0
DA:76,0
DA:77,0
DA:86,0
DA:87,0
DA:88,0
DA:90,0
DA:92,0
DA:93,0
DA:97,0
DA:98,0
DA:101,0
DA:102,0
DA:103,0
DA:107,0
DA:108,0
DA:109,0
DA:112,0
DA:114,0
DA:116,0
DA:117,0
DA:121,0
DA:122,0
DA:125,0
DA:126,0
DA:127,0
DA:128,0
DA:132,0
DA:133,0
DA:137,0
DA:138,0
DA:139,0
DA:140,0
DA:141,0
DA:143,0
DA:145,0
DA:146,0
DA:149,0
DA:150,0
DA:152,0
DA:153,0
DA:166,0
DA:167,0
DA:168,0
DA:171,0
DA:173,0
DA:175,0
DA:176,0
DA:179,0
DA:180,0
DA:182,0
DA:183,0
DA:187,0
DA:188,0
DA:189,0
DA:192,0
DA:194,0
DA:196,0
DA:197,0
DA:200,0
DA:201,0
DA:203,0
DA:204,0
DA:208,0
DA:209,0
DA:210,0
DA:214,0
DA:216,0
DA:218,0
DA:219,0
DA:223,0
DA:224,0
DA:227,0
DA:230,0
DA:231,0
DA:235,0
DA:236,0
DA:237,0
DA:240,0
DA:242,0
DA:244,0
DA:245,0
DA:248,0
DA:249,0
DA:251,0
DA:252,0
DA:256,0
DA:257,0
DA:258,0
DA:261,0
DA:263,0
DA:265,0
DA:266,0
DA:269,0
DA:270,0
DA:272,0
DA:273,0
DA:277,0
DA:278,0
DA:279,0
DA:282,0
DA:284,0
DA:286,0
DA:287,0
DA:290,0
DA:291,0
DA:293,0
DA:294,0
DA:298,0
DA:299,0
DA:300,0
DA:302,0
DA:304,0
DA:305,0
DA:308,0
DA:309,0
DA:310,0
DA:311,0
DA:312,0
DA:313,0
DA:316,0
DA:317,0
DA:318,0
DA:325,0
DA:327,0
DA:329,0
DA:330,0
DA:333,0
DA:334,0
DA:335,0
DA:336,0
DA:337,0
DA:338,0
DA:339,0
DA:343,0
DA:344,0
DA:345,0
DA:352,0
DA:353,0
DA:354,0
DA:356,0
DA:358,0
DA:359,0
DA:362,0
DA:363,0
DA:365,0
DA:366,0
DA:379,0
DA:380,0
DA:381,0
DA:383,0
DA:385,0
DA:386,0
DA:389,0
DA:390,0
DA:391,0
DA:392,0
DA:393,0
DA:394,0
LF:192
LH:0
BRDA:23,0,0,0
BRDA:23,1,0,0
BRDA:28,2,0,0
BRF:3
BRH:0
end_of_record
TN:
SF:src/frontend/utils/errorLogger.ts
FN:21,(anonymous_1)
FN:47,(anonymous_2)
FN:50,(anonymous_3)
FN:62,(anonymous_4)
FN:88,(anonymous_5)
FN:93,(anonymous_6)
FN:97,(anonymous_7)
FN:121,(anonymous_8)
FNF:8
FNH:1
FNDA:0,(anonymous_1)
FNDA:16,(anonymous_2)
FNDA:0,(anonymous_3)
FNDA:0,(anonymous_4)
FNDA:0,(anonymous_5)
FNDA:0,(anonymous_6)
FNDA:0,(anonymous_7)
FNDA:0,(anonymous_8)
DA:1,1
DA:2,1
DA:3,1
DA:21,1
DA:22,0
DA:23,0
DA:35,0
DA:38,0
DA:39,0
DA:47,1
DA:48,16
DA:50,16
DA:51,0
DA:62,16
DA:64,0
DA:66,0
DA:84,1
DA:89,0
DA:90,0
DA:94,0
DA:99,0
DA:108,0
DA:109,0
DA:110,0
DA:122,0
DA:124,0
DA:125,0
DA:126,0
DA:129,0
DA:131,0
DA:134,0
DA:146,0
DA:157,0
LF:33
LH:9
BRDA:24,0,0,0
BRDA:24,0,1,0
BRDA:30,1,0,0
BRDA:30,1,1,0
BRDA:31,2,0,0
BRDA:31,2,1,0
BRDA:48,3,0,16
BRDA:48,3,1,0
BRDA:68,4,0,0
BRDA:68,4,1,0
BRDA:101,5,0,0
BRDA:101,5,1,0
BRDA:102,6,0,0
BRDA:102,6,1,0
BRDA:109,7,0,0
BRDA:109,7,1,0
BRDA:109,8,0,0
BRDA:109,8,1,0
BRDA:109,8,2,0
BRDA:122,9,0,0
BRDA:122,9,1,0
BRDA:122,10,0,0
BRDA:122,10,1,0
BRDA:124,11,0,0
BRDA:124,11,1,0
BRDA:129,12,0,0
BRDA:129,12,1,0
BRDA:131,13,0,0
BRDA:131,13,1,0
BRF:29
BRH:1
end_of_record
TN:
SF:src/resolvers/index.ts
FN:27,validateRows
FN:76,(anonymous_2)
FN:96,(anonymous_3)
FN:115,(anonymous_4)
FNF:4
FNH:3
FNDA:36,validateRows
FNDA:10,(anonymous_2)
FNDA:16,(anonymous_3)
FNDA:0,(anonymous_4)
DA:1,2
DA:2,2
DA:11,2
DA:27,2
DA:28,36
DA:30,36
DA:32,41
DA:33,3
DA:37,41
DA:38,4
DA:39,37
DA:40,1
DA:44,41
DA:45,2
DA:53,41
DA:54,24
DA:55,24
DA:56,12
DA:65,41
DA:66,3
DA:70,36
DA:73,2
DA:76,2
DA:77,10
DA:78,10
DA:80,10
DA:81,10
DA:82,10
DA:84,8
DA:85,8
DA:86,2
DA:88,6
DA:90,0
DA:91,0
DA:96,2
DA:97,16
DA:99,16
DA:100,16
DA:101,8
DA:104,8
DA:105,8
DA:106,8
DA:107,8
DA:109,0
DA:110,0
DA:115,2
DA:116,0
DA:128,0
DA:139,0
DA:144,2
LF:50
LH:43
BRDA:32,0,0,3
BRDA:32,0,1,38
BRDA:32,1,0,41
BRDA:32,1,1,38
BRDA:37,2,0,4
BRDA:37,2,1,37
BRDA:39,3,0,1
BRDA:39,3,1,36
BRDA:44,4,0,2
BRDA:44,4,1,39
BRDA:44,5,0,41
BRDA:44,5,1,9
BRDA:53,6,0,24
BRDA:53,6,1,17
BRDA:55,7,0,12
BRDA:55,7,1,12
BRDA:55,8,0,24
BRDA:55,8,1,22
BRDA:55,8,2,17
BRDA:65,9,0,3
BRDA:65,9,1,38
BRDA:65,10,0,41
BRDA:65,10,1,38
BRDA:82,11,0,2
BRDA:82,11,1,8
BRDA:85,12,0,2
BRDA:85,12,1,6
BRDA:100,13,0,8
BRDA:100,13,1,8
BRF:29
BRH:29
end_of_record
TN:
SF:src/resolvers/__tests__/index.test.ts
FN:12,(anonymous_0)
FN:19,makeRow
FN:35,(anonymous_2)
FN:36,(anonymous_3)
FN:45,(anonymous_4)
FN:46,(anonymous_5)
FN:69,(anonymous_6)
FN:82,(anonymous_7)
FN:98,(anonymous_8)
FN:119,(anonymous_9)
FN:129,(anonymous_10)
FN:139,(anonymous_11)
FN:151,(anonymous_12)
FN:163,(anonymous_13)
FN:179,(anonymous_14)
FN:207,(anonymous_15)
FN:208,(anonymous_16)
FN:218,(anonymous_17)
FN:225,(anonymous_18)
FN:236,(anonymous_19)
FN:247,(anonymous_20)
FN:261,(anonymous_21)
FN:265,(anonymous_22)
FN:270,(anonymous_23)
FN:273,(anonymous_24)
FN:276,(anonymous_25)
FN:282,(anonymous_26)
FN:283,(anonymous_27)
FN:286,(anonymous_28)
FN:291,(anonymous_29)
FN:298,(anonymous_30)
FNF:31
FNH:0
FNDA:0,(anonymous_0)
FNDA:0,makeRow
FNDA:0,(anonymous_2)
FNDA:0,(anonymous_3)
FNDA:0,(anonymous_4)
FNDA:0,(anonymous_5)
FNDA:0,(anonymous_6)
FNDA:0,(anonymous_7)
FNDA:0,(anonymous_8)
FNDA:0,(anonymous_9)
FNDA:0,(anonymous_10)
FNDA:0,(anonymous_11)
FNDA:0,(anonymous_12)
FNDA:0,(anonymous_13)
FNDA:0,(anonymous_14)
FNDA:0,(anonymous_15)
FNDA:0,(anonymous_16)
FNDA:0,(anonymous_17)
FNDA:0,(anonymous_18)
FNDA:0,(anonymous_19)
FNDA:0,(anonymous_20)
FNDA:0,(anonymous_21)
FNDA:0,(anonymous_22)
FNDA:0,(anonymous_23)
FNDA:0,(anonymous_24)
FNDA:0,(anonymous_25)
FNDA:0,(anonymous_26)
FNDA:0,(anonymous_27)
FNDA:0,(anonymous_28)
FNDA:0,(anonymous_29)
FNDA:0,(anonymous_30)
DA:1,0
DA:2,0
DA:3,0
DA:5,0
DA:7,0
DA:12,0
DA:13,0
DA:16,0
DA:20,0
DA:35,0
DA:36,0
DA:37,0
DA:40,0
DA:45,0
DA:46,0
DA:47,0
DA:51,0
DA:54,0
DA:55,0
DA:57,0
DA:60,0
DA:61,0
DA:62,0
DA:63,0
DA:64,0
DA:65,0
DA:66,0
DA:69,0
DA:70,0
DA:72,0
DA:75,0
DA:76,0
DA:77,0
DA:82,0
DA:83,0
DA:85,0
DA:88,0
DA:89,0
DA:98,0
DA:99,0
DA:101,0
DA:102,0
DA:103,0
DA:105,0
DA:108,0
DA:109,0
DA:119,0
DA:120,0
DA:122,0
DA:125,0
DA:126,0
DA:129,0
DA:130,0
DA:132,0
DA:135,0
DA:136,0
DA:139,0
DA:140,0
DA:142,0
DA:145,0
DA:146,0
DA:151,0
DA:152,0
DA:154,0
DA:157,0
DA:158,0
DA:163,0
DA:165,0
DA:170,0
DA:173,0
DA:174,0
DA:175,0
DA:176,0
DA:179,0
DA:180,0
DA:187,0
DA:191,0
DA:194,0
DA:196,0
DA:199,0
DA:200,0
DA:201,0
DA:202,0
DA:207,0
DA:208,0
DA:209,0
DA:214,0
DA:215,0
DA:218,0
DA:219,0
DA:220,0
DA:225,0
DA:227,0
DA:229,0
DA:230,0
DA:231,0
DA:236,0
DA:237,0
DA:238,0
DA:247,0
DA:248,0
DA:249,0
DA:250,0
DA:251,0
DA:261,0
DA:262,0
DA:263,0
DA:264,0
DA:265,0
DA:266,0
DA:270,0
DA:271,0
DA:272,0
DA:273,0
DA:276,0
DA:277,0
DA:281,0
DA:282,0
DA:283,0
DA:286,0
DA:287,0
DA:288,0
DA:291,0
DA:292,0
DA:293,0
DA:298,0
DA:299,0
DA:300,0
LF:128
LH:0
BRDA:19,0,0,0
BRF:1
BRH:0
end_of_record
